ARM GAS  /tmp/cc0yIYKY.s 			page 1


   1              		.cpu cortex-m4
   2              		.eabi_attribute 27, 1
   3              		.eabi_attribute 28, 1
   4              		.eabi_attribute 20, 1
   5              		.eabi_attribute 21, 1
   6              		.eabi_attribute 23, 3
   7              		.eabi_attribute 24, 1
   8              		.eabi_attribute 25, 1
   9              		.eabi_attribute 26, 1
  10              		.eabi_attribute 30, 6
  11              		.eabi_attribute 34, 1
  12              		.eabi_attribute 18, 4
  13              		.file	"use_coap_demo.c"
  14              		.text
  15              	.Ltext0:
  16              		.cfi_sections	.debug_frame
  17              		.section	.bss.s_rcv_buffer,"aw",%nobits
  18              		.align	2
  21              	s_rcv_buffer:
  22 0000 00000000 		.space	128
  22      00000000 
  22      00000000 
  22      00000000 
  22      00000000 
  23              		.section	.bss.s_rcv_datalen,"aw",%nobits
  24              		.align	2
  27              	s_rcv_datalen:
  28 0000 00000000 		.space	4
  29              		.section	.bss.s_rcv_sync,"aw",%nobits
  30              		.align	2
  33              	s_rcv_sync:
  34 0000 00000000 		.space	4
  35              		.section	.text.app_msg_deal,"ax",%progbits
  36              		.align	1
  37              		.arch armv7e-m
  38              		.syntax unified
  39              		.thumb
  40              		.thumb_func
  41              		.fpu fpv4-sp-d16
  43              	app_msg_deal:
  44              	.LFB133:
  45              		.file 1 "/home/fanxinhao/Work/LiteOS_Lab/targets/STM32L476RG_NB476/Demos/use_coap_demo/use_coap_de
   1:/home/fanxinhao/Work/LiteOS_Lab/targets/STM32L476RG_NB476/Demos/use_coap_demo/use_coap_demo.c **** /*----------------------------------------------------------------------------
   2:/home/fanxinhao/Work/LiteOS_Lab/targets/STM32L476RG_NB476/Demos/use_coap_demo/use_coap_demo.c ****  * Copyright (c) <2018>, <Huawei Technologies Co., Ltd>
   3:/home/fanxinhao/Work/LiteOS_Lab/targets/STM32L476RG_NB476/Demos/use_coap_demo/use_coap_demo.c ****  * All rights reserved.
   4:/home/fanxinhao/Work/LiteOS_Lab/targets/STM32L476RG_NB476/Demos/use_coap_demo/use_coap_demo.c ****  * Redistribution and use in source and binary forms, with or without modification,
   5:/home/fanxinhao/Work/LiteOS_Lab/targets/STM32L476RG_NB476/Demos/use_coap_demo/use_coap_demo.c ****  * are permitted provided that the following conditions are met:
   6:/home/fanxinhao/Work/LiteOS_Lab/targets/STM32L476RG_NB476/Demos/use_coap_demo/use_coap_demo.c ****  * 1. Redistributions of source code must retain the above copyright notice, this list of
   7:/home/fanxinhao/Work/LiteOS_Lab/targets/STM32L476RG_NB476/Demos/use_coap_demo/use_coap_demo.c ****  * conditions and the following disclaimer.
   8:/home/fanxinhao/Work/LiteOS_Lab/targets/STM32L476RG_NB476/Demos/use_coap_demo/use_coap_demo.c ****  * 2. Redistributions in binary form must reproduce the above copyright notice, this list
   9:/home/fanxinhao/Work/LiteOS_Lab/targets/STM32L476RG_NB476/Demos/use_coap_demo/use_coap_demo.c ****  * of conditions and the following disclaimer in the documentation and/or other materials
  10:/home/fanxinhao/Work/LiteOS_Lab/targets/STM32L476RG_NB476/Demos/use_coap_demo/use_coap_demo.c ****  * provided with the distribution.
  11:/home/fanxinhao/Work/LiteOS_Lab/targets/STM32L476RG_NB476/Demos/use_coap_demo/use_coap_demo.c ****  * 3. Neither the name of the copyright holder nor the names of its contributors may be used
  12:/home/fanxinhao/Work/LiteOS_Lab/targets/STM32L476RG_NB476/Demos/use_coap_demo/use_coap_demo.c ****  * to endorse or promote products derived from this software without specific prior written
  13:/home/fanxinhao/Work/LiteOS_Lab/targets/STM32L476RG_NB476/Demos/use_coap_demo/use_coap_demo.c ****  * permission.
  14:/home/fanxinhao/Work/LiteOS_Lab/targets/STM32L476RG_NB476/Demos/use_coap_demo/use_coap_demo.c ****  * THIS SOFTWARE IS PROVIDED BY THE COPYRIGHT HOLDERS AND CONTRIBUTORS
  15:/home/fanxinhao/Work/LiteOS_Lab/targets/STM32L476RG_NB476/Demos/use_coap_demo/use_coap_demo.c ****  * "AS IS" AND ANY EXPRESS OR IMPLIED WARRANTIES, INCLUDING, BUT NOT LIMITED TO,
ARM GAS  /tmp/cc0yIYKY.s 			page 2


  16:/home/fanxinhao/Work/LiteOS_Lab/targets/STM32L476RG_NB476/Demos/use_coap_demo/use_coap_demo.c ****  * THE IMPLIED WARRANTIES OF MERCHANTABILITY AND FITNESS FOR A PARTICULAR
  17:/home/fanxinhao/Work/LiteOS_Lab/targets/STM32L476RG_NB476/Demos/use_coap_demo/use_coap_demo.c ****  * PURPOSE ARE DISCLAIMED. IN NO EVENT SHALL THE COPYRIGHT HOLDER OR
  18:/home/fanxinhao/Work/LiteOS_Lab/targets/STM32L476RG_NB476/Demos/use_coap_demo/use_coap_demo.c ****  * CONTRIBUTORS BE LIABLE FOR ANY DIRECT, INDIRECT, INCIDENTAL, SPECIAL,
  19:/home/fanxinhao/Work/LiteOS_Lab/targets/STM32L476RG_NB476/Demos/use_coap_demo/use_coap_demo.c ****  * EXEMPLARY, OR CONSEQUENTIAL DAMAGES (INCLUDING, BUT NOT LIMITED TO,
  20:/home/fanxinhao/Work/LiteOS_Lab/targets/STM32L476RG_NB476/Demos/use_coap_demo/use_coap_demo.c ****  * PROCUREMENT OF SUBSTITUTE GOODS OR SERVICES; LOSS OF USE, DATA, OR PROFITS;
  21:/home/fanxinhao/Work/LiteOS_Lab/targets/STM32L476RG_NB476/Demos/use_coap_demo/use_coap_demo.c ****  * OR BUSINESS INTERRUPTION) HOWEVER CAUSED AND ON ANY THEORY OF LIABILITY,
  22:/home/fanxinhao/Work/LiteOS_Lab/targets/STM32L476RG_NB476/Demos/use_coap_demo/use_coap_demo.c ****  * WHETHER IN CONTRACT, STRICT LIABILITY, OR TORT (INCLUDING NEGLIGENCE OR
  23:/home/fanxinhao/Work/LiteOS_Lab/targets/STM32L476RG_NB476/Demos/use_coap_demo/use_coap_demo.c ****  * OTHERWISE) ARISING IN ANY WAY OUT OF THE USE OF THIS SOFTWARE, EVEN IF
  24:/home/fanxinhao/Work/LiteOS_Lab/targets/STM32L476RG_NB476/Demos/use_coap_demo/use_coap_demo.c ****  * ADVISED OF THE POSSIBILITY OF SUCH DAMAGE.
  25:/home/fanxinhao/Work/LiteOS_Lab/targets/STM32L476RG_NB476/Demos/use_coap_demo/use_coap_demo.c ****  *---------------------------------------------------------------------------*/
  26:/home/fanxinhao/Work/LiteOS_Lab/targets/STM32L476RG_NB476/Demos/use_coap_demo/use_coap_demo.c **** /*----------------------------------------------------------------------------
  27:/home/fanxinhao/Work/LiteOS_Lab/targets/STM32L476RG_NB476/Demos/use_coap_demo/use_coap_demo.c ****  * Notice of Export Control Law
  28:/home/fanxinhao/Work/LiteOS_Lab/targets/STM32L476RG_NB476/Demos/use_coap_demo/use_coap_demo.c ****  * ===============================================
  29:/home/fanxinhao/Work/LiteOS_Lab/targets/STM32L476RG_NB476/Demos/use_coap_demo/use_coap_demo.c ****  * Huawei LiteOS may be subject to applicable export control laws and regulations, which might
  30:/home/fanxinhao/Work/LiteOS_Lab/targets/STM32L476RG_NB476/Demos/use_coap_demo/use_coap_demo.c ****  * include those applicable to Huawei LiteOS of U.S. and the country in which you are located.
  31:/home/fanxinhao/Work/LiteOS_Lab/targets/STM32L476RG_NB476/Demos/use_coap_demo/use_coap_demo.c ****  * Import, export and usage of Huawei LiteOS in any manner by you shall be in compliance with such
  32:/home/fanxinhao/Work/LiteOS_Lab/targets/STM32L476RG_NB476/Demos/use_coap_demo/use_coap_demo.c ****  * applicable export control laws and regulations.
  33:/home/fanxinhao/Work/LiteOS_Lab/targets/STM32L476RG_NB476/Demos/use_coap_demo/use_coap_demo.c ****  *---------------------------------------------------------------------------*/
  34:/home/fanxinhao/Work/LiteOS_Lab/targets/STM32L476RG_NB476/Demos/use_coap_demo/use_coap_demo.c **** /**
  35:/home/fanxinhao/Work/LiteOS_Lab/targets/STM32L476RG_NB476/Demos/use_coap_demo/use_coap_demo.c ****  *  DATE                AUTHOR      INSTRUCTION
  36:/home/fanxinhao/Work/LiteOS_Lab/targets/STM32L476RG_NB476/Demos/use_coap_demo/use_coap_demo.c ****  *  2020-04-21    	  FanXinhao    The first version  
  37:/home/fanxinhao/Work/LiteOS_Lab/targets/STM32L476RG_NB476/Demos/use_coap_demo/use_coap_demo.c ****  *
  38:/home/fanxinhao/Work/LiteOS_Lab/targets/STM32L476RG_NB476/Demos/use_coap_demo/use_coap_demo.c ****  */
  39:/home/fanxinhao/Work/LiteOS_Lab/targets/STM32L476RG_NB476/Demos/use_coap_demo/use_coap_demo.c **** #include <stdint.h>
  40:/home/fanxinhao/Work/LiteOS_Lab/targets/STM32L476RG_NB476/Demos/use_coap_demo/use_coap_demo.c **** #include <stddef.h>
  41:/home/fanxinhao/Work/LiteOS_Lab/targets/STM32L476RG_NB476/Demos/use_coap_demo/use_coap_demo.c **** #include <string.h>
  42:/home/fanxinhao/Work/LiteOS_Lab/targets/STM32L476RG_NB476/Demos/use_coap_demo/use_coap_demo.c **** #include <los_typedef.h>
  43:/home/fanxinhao/Work/LiteOS_Lab/targets/STM32L476RG_NB476/Demos/use_coap_demo/use_coap_demo.c **** #include <los_task.h>
  44:/home/fanxinhao/Work/LiteOS_Lab/targets/STM32L476RG_NB476/Demos/use_coap_demo/use_coap_demo.c **** 
  45:/home/fanxinhao/Work/LiteOS_Lab/targets/STM32L476RG_NB476/Demos/use_coap_demo/use_coap_demo.c **** #include <osal.h>
  46:/home/fanxinhao/Work/LiteOS_Lab/targets/STM32L476RG_NB476/Demos/use_coap_demo/use_coap_demo.c **** #include <oc_coap_al.h>
  47:/home/fanxinhao/Work/LiteOS_Lab/targets/STM32L476RG_NB476/Demos/use_coap_demo/use_coap_demo.c **** 
  48:/home/fanxinhao/Work/LiteOS_Lab/targets/STM32L476RG_NB476/Demos/use_coap_demo/use_coap_demo.c **** /* LWM2M server information */
  49:/home/fanxinhao/Work/LiteOS_Lab/targets/STM32L476RG_NB476/Demos/use_coap_demo/use_coap_demo.c **** #define cn_endpoint_id        "coap_001"
  50:/home/fanxinhao/Work/LiteOS_Lab/targets/STM32L476RG_NB476/Demos/use_coap_demo/use_coap_demo.c **** #define cn_app_server         "119.3.250.80"
  51:/home/fanxinhao/Work/LiteOS_Lab/targets/STM32L476RG_NB476/Demos/use_coap_demo/use_coap_demo.c **** #define cn_app_port           "5683"
  52:/home/fanxinhao/Work/LiteOS_Lab/targets/STM32L476RG_NB476/Demos/use_coap_demo/use_coap_demo.c **** 
  53:/home/fanxinhao/Work/LiteOS_Lab/targets/STM32L476RG_NB476/Demos/use_coap_demo/use_coap_demo.c **** //if your command is very fast,please use a queue here--TODO
  54:/home/fanxinhao/Work/LiteOS_Lab/targets/STM32L476RG_NB476/Demos/use_coap_demo/use_coap_demo.c **** #define cn_app_rcv_buf_len 128
  55:/home/fanxinhao/Work/LiteOS_Lab/targets/STM32L476RG_NB476/Demos/use_coap_demo/use_coap_demo.c **** static int8_t          s_rcv_buffer[cn_app_rcv_buf_len];
  56:/home/fanxinhao/Work/LiteOS_Lab/targets/STM32L476RG_NB476/Demos/use_coap_demo/use_coap_demo.c **** static int             s_rcv_datalen;
  57:/home/fanxinhao/Work/LiteOS_Lab/targets/STM32L476RG_NB476/Demos/use_coap_demo/use_coap_demo.c **** static osal_semp_t     s_rcv_sync;
  58:/home/fanxinhao/Work/LiteOS_Lab/targets/STM32L476RG_NB476/Demos/use_coap_demo/use_coap_demo.c **** 
  59:/home/fanxinhao/Work/LiteOS_Lab/targets/STM32L476RG_NB476/Demos/use_coap_demo/use_coap_demo.c **** //use this function to push all the message to the buffer
  60:/home/fanxinhao/Work/LiteOS_Lab/targets/STM32L476RG_NB476/Demos/use_coap_demo/use_coap_demo.c **** static int app_msg_deal(void *msg, int len)
  61:/home/fanxinhao/Work/LiteOS_Lab/targets/STM32L476RG_NB476/Demos/use_coap_demo/use_coap_demo.c **** {
  46              		.loc 1 61 1
  47              		.cfi_startproc
  48              		@ args = 0, pretend = 0, frame = 16
  49              		@ frame_needed = 1, uses_anonymous_args = 0
  50 0000 80B5     		push	{r7, lr}
  51              	.LCFI0:
  52              		.cfi_def_cfa_offset 8
  53              		.cfi_offset 7, -8
  54              		.cfi_offset 14, -4
  55 0002 84B0     		sub	sp, sp, #16
  56              	.LCFI1:
ARM GAS  /tmp/cc0yIYKY.s 			page 3


  57              		.cfi_def_cfa_offset 24
  58 0004 00AF     		add	r7, sp, #0
  59              	.LCFI2:
  60              		.cfi_def_cfa_register 7
  61 0006 7860     		str	r0, [r7, #4]
  62 0008 3960     		str	r1, [r7]
  62:/home/fanxinhao/Work/LiteOS_Lab/targets/STM32L476RG_NB476/Demos/use_coap_demo/use_coap_demo.c ****     int ret = -1;
  63              		.loc 1 62 9
  64 000a 4FF0FF33 		mov	r3, #-1
  65 000e FB60     		str	r3, [r7, #12]
  63:/home/fanxinhao/Work/LiteOS_Lab/targets/STM32L476RG_NB476/Demos/use_coap_demo/use_coap_demo.c **** 
  64:/home/fanxinhao/Work/LiteOS_Lab/targets/STM32L476RG_NB476/Demos/use_coap_demo/use_coap_demo.c ****     if(len <= cn_app_rcv_buf_len)
  66              		.loc 1 64 7
  67 0010 3B68     		ldr	r3, [r7]
  68 0012 802B     		cmp	r3, #128
  69 0014 0FDC     		bgt	.L2
  65:/home/fanxinhao/Work/LiteOS_Lab/targets/STM32L476RG_NB476/Demos/use_coap_demo/use_coap_demo.c ****     {
  66:/home/fanxinhao/Work/LiteOS_Lab/targets/STM32L476RG_NB476/Demos/use_coap_demo/use_coap_demo.c ****         memcpy(s_rcv_buffer,msg,len);
  70              		.loc 1 66 9
  71 0016 3B68     		ldr	r3, [r7]
  72 0018 1A46     		mov	r2, r3
  73 001a 7968     		ldr	r1, [r7, #4]
  74 001c 0848     		ldr	r0, .L4
  75 001e FFF7FEFF 		bl	memcpy
  67:/home/fanxinhao/Work/LiteOS_Lab/targets/STM32L476RG_NB476/Demos/use_coap_demo/use_coap_demo.c ****         s_rcv_datalen = len;
  76              		.loc 1 67 23
  77 0022 084A     		ldr	r2, .L4+4
  78 0024 3B68     		ldr	r3, [r7]
  79 0026 1360     		str	r3, [r2]
  68:/home/fanxinhao/Work/LiteOS_Lab/targets/STM32L476RG_NB476/Demos/use_coap_demo/use_coap_demo.c **** 
  69:/home/fanxinhao/Work/LiteOS_Lab/targets/STM32L476RG_NB476/Demos/use_coap_demo/use_coap_demo.c ****         osal_semp_post(s_rcv_sync);
  80              		.loc 1 69 9
  81 0028 074B     		ldr	r3, .L4+8
  82 002a 1B68     		ldr	r3, [r3]
  83 002c 1846     		mov	r0, r3
  84 002e FFF7FEFF 		bl	osal_semp_post
  70:/home/fanxinhao/Work/LiteOS_Lab/targets/STM32L476RG_NB476/Demos/use_coap_demo/use_coap_demo.c **** 
  71:/home/fanxinhao/Work/LiteOS_Lab/targets/STM32L476RG_NB476/Demos/use_coap_demo/use_coap_demo.c ****         ret = 0;
  85              		.loc 1 71 13
  86 0032 0023     		movs	r3, #0
  87 0034 FB60     		str	r3, [r7, #12]
  88              	.L2:
  72:/home/fanxinhao/Work/LiteOS_Lab/targets/STM32L476RG_NB476/Demos/use_coap_demo/use_coap_demo.c **** 
  73:/home/fanxinhao/Work/LiteOS_Lab/targets/STM32L476RG_NB476/Demos/use_coap_demo/use_coap_demo.c ****     }
  74:/home/fanxinhao/Work/LiteOS_Lab/targets/STM32L476RG_NB476/Demos/use_coap_demo/use_coap_demo.c ****     return ret;
  89              		.loc 1 74 12
  90 0036 FB68     		ldr	r3, [r7, #12]
  75:/home/fanxinhao/Work/LiteOS_Lab/targets/STM32L476RG_NB476/Demos/use_coap_demo/use_coap_demo.c **** }
  91              		.loc 1 75 1
  92 0038 1846     		mov	r0, r3
  93 003a 1037     		adds	r7, r7, #16
  94              	.LCFI3:
  95              		.cfi_def_cfa_offset 8
  96 003c BD46     		mov	sp, r7
  97              	.LCFI4:
  98              		.cfi_def_cfa_register 13
  99              		@ sp needed
ARM GAS  /tmp/cc0yIYKY.s 			page 4


 100 003e 80BD     		pop	{r7, pc}
 101              	.L5:
 102              		.align	2
 103              	.L4:
 104 0040 00000000 		.word	s_rcv_buffer
 105 0044 00000000 		.word	s_rcv_datalen
 106 0048 00000000 		.word	s_rcv_sync
 107              		.cfi_endproc
 108              	.LFE133:
 110              		.section	.rodata
 111              		.align	2
 112              	.LC0:
 113 0000 3131392E 		.ascii	"119.3.250.80\000"
 113      332E3235 
 113      302E3830 
 113      00
 114 000d 000000   		.align	2
 115              	.LC1:
 116 0010 35363833 		.ascii	"5683\000"
 116      00
 117 0015 000000   		.align	2
 118              	.LC2:
 119 0018 636F6170 		.ascii	"coap_001\000"
 119      5F303031 
 119      00
 120 0021 000000   		.align	2
 121              	.LC3:
 122 0024 73746172 		.ascii	"start send message to CDP server!\015\000"
 122      74207365 
 122      6E64206D 
 122      65737361 
 122      67652074 
 123              		.section	.text.coap_report_task,"ax",%progbits
 124              		.align	1
 125              		.global	coap_report_task
 126              		.syntax unified
 127              		.thumb
 128              		.thumb_func
 129              		.fpu fpv4-sp-d16
 131              	coap_report_task:
 132              	.LFB134:
  76:/home/fanxinhao/Work/LiteOS_Lab/targets/STM32L476RG_NB476/Demos/use_coap_demo/use_coap_demo.c **** 
  77:/home/fanxinhao/Work/LiteOS_Lab/targets/STM32L476RG_NB476/Demos/use_coap_demo/use_coap_demo.c **** int coap_report_task(void *args)
  78:/home/fanxinhao/Work/LiteOS_Lab/targets/STM32L476RG_NB476/Demos/use_coap_demo/use_coap_demo.c **** {
 133              		.loc 1 78 1
 134              		.cfi_startproc
 135              		@ args = 0, pretend = 0, frame = 80
 136              		@ frame_needed = 1, uses_anonymous_args = 0
 137 0000 80B5     		push	{r7, lr}
 138              	.LCFI5:
 139              		.cfi_def_cfa_offset 8
 140              		.cfi_offset 7, -8
 141              		.cfi_offset 14, -4
 142 0002 94B0     		sub	sp, sp, #80
 143              	.LCFI6:
 144              		.cfi_def_cfa_offset 88
 145 0004 00AF     		add	r7, sp, #0
ARM GAS  /tmp/cc0yIYKY.s 			page 5


 146              	.LCFI7:
 147              		.cfi_def_cfa_register 7
 148 0006 7860     		str	r0, [r7, #4]
  79:/home/fanxinhao/Work/LiteOS_Lab/targets/STM32L476RG_NB476/Demos/use_coap_demo/use_coap_demo.c ****     int* handle = NULL;
 149              		.loc 1 79 10
 150 0008 0023     		movs	r3, #0
 151 000a FB64     		str	r3, [r7, #76]
  80:/home/fanxinhao/Work/LiteOS_Lab/targets/STM32L476RG_NB476/Demos/use_coap_demo/use_coap_demo.c ****     oc_config_param_t      oc_param;
  81:/home/fanxinhao/Work/LiteOS_Lab/targets/STM32L476RG_NB476/Demos/use_coap_demo/use_coap_demo.c ****     char Temp[2] = {00, 22};
 152              		.loc 1 81 10
 153 000c 4FF4B053 		mov	r3, #5632
 154 0010 BB81     		strh	r3, [r7, #12]	@ movhi
  82:/home/fanxinhao/Work/LiteOS_Lab/targets/STM32L476RG_NB476/Demos/use_coap_demo/use_coap_demo.c **** 
  83:/home/fanxinhao/Work/LiteOS_Lab/targets/STM32L476RG_NB476/Demos/use_coap_demo/use_coap_demo.c ****     memset(&oc_param,0,sizeof(oc_param));
 155              		.loc 1 83 5
 156 0012 07F11003 		add	r3, r7, #16
 157 0016 3C22     		movs	r2, #60
 158 0018 0021     		movs	r1, #0
 159 001a 1846     		mov	r0, r3
 160 001c FFF7FEFF 		bl	memset
  84:/home/fanxinhao/Work/LiteOS_Lab/targets/STM32L476RG_NB476/Demos/use_coap_demo/use_coap_demo.c **** 
  85:/home/fanxinhao/Work/LiteOS_Lab/targets/STM32L476RG_NB476/Demos/use_coap_demo/use_coap_demo.c ****     oc_param.app_server.address = cn_app_server;
 161              		.loc 1 85 33
 162 0020 134B     		ldr	r3, .L11
 163 0022 3B63     		str	r3, [r7, #48]
  86:/home/fanxinhao/Work/LiteOS_Lab/targets/STM32L476RG_NB476/Demos/use_coap_demo/use_coap_demo.c ****     oc_param.app_server.port = cn_app_port;
 164              		.loc 1 86 30
 165 0024 134B     		ldr	r3, .L11+4
 166 0026 7B63     		str	r3, [r7, #52]
  87:/home/fanxinhao/Work/LiteOS_Lab/targets/STM32L476RG_NB476/Demos/use_coap_demo/use_coap_demo.c ****     oc_param.app_server.ep_id = cn_endpoint_id;
 167              		.loc 1 87 31
 168 0028 134B     		ldr	r3, .L11+8
 169 002a FB62     		str	r3, [r7, #44]
  88:/home/fanxinhao/Work/LiteOS_Lab/targets/STM32L476RG_NB476/Demos/use_coap_demo/use_coap_demo.c ****     oc_param.boot_mode = en_oc_boot_strap_mode_factory;
 170              		.loc 1 88 24
 171 002c 0023     		movs	r3, #0
 172 002e 3B74     		strb	r3, [r7, #16]
  89:/home/fanxinhao/Work/LiteOS_Lab/targets/STM32L476RG_NB476/Demos/use_coap_demo/use_coap_demo.c ****     oc_param.rcv_func = app_msg_deal;
 173              		.loc 1 89 23
 174 0030 124B     		ldr	r3, .L11+12
 175 0032 7B64     		str	r3, [r7, #68]
  90:/home/fanxinhao/Work/LiteOS_Lab/targets/STM32L476RG_NB476/Demos/use_coap_demo/use_coap_demo.c **** 
  91:/home/fanxinhao/Work/LiteOS_Lab/targets/STM32L476RG_NB476/Demos/use_coap_demo/use_coap_demo.c ****     handle = oc_coap_config(&oc_param);
 176              		.loc 1 91 14
 177 0034 07F11003 		add	r3, r7, #16
 178 0038 1846     		mov	r0, r3
 179 003a FFF7FEFF 		bl	oc_coap_config
 180 003e F864     		str	r0, [r7, #76]
  92:/home/fanxinhao/Work/LiteOS_Lab/targets/STM32L476RG_NB476/Demos/use_coap_demo/use_coap_demo.c ****     if (NULL == handle)
 181              		.loc 1 92 8
 182 0040 FB6C     		ldr	r3, [r7, #76]
 183 0042 002B     		cmp	r3, #0
 184 0044 01D1     		bne	.L7
  93:/home/fanxinhao/Work/LiteOS_Lab/targets/STM32L476RG_NB476/Demos/use_coap_demo/use_coap_demo.c ****     {
  94:/home/fanxinhao/Work/LiteOS_Lab/targets/STM32L476RG_NB476/Demos/use_coap_demo/use_coap_demo.c ****         return NULL;
 185              		.loc 1 94 16
 186 0046 0023     		movs	r3, #0
ARM GAS  /tmp/cc0yIYKY.s 			page 6


 187 0048 0EE0     		b	.L10
 188              	.L7:
  95:/home/fanxinhao/Work/LiteOS_Lab/targets/STM32L476RG_NB476/Demos/use_coap_demo/use_coap_demo.c ****     }
  96:/home/fanxinhao/Work/LiteOS_Lab/targets/STM32L476RG_NB476/Demos/use_coap_demo/use_coap_demo.c **** 	else
  97:/home/fanxinhao/Work/LiteOS_Lab/targets/STM32L476RG_NB476/Demos/use_coap_demo/use_coap_demo.c **** 	{
  98:/home/fanxinhao/Work/LiteOS_Lab/targets/STM32L476RG_NB476/Demos/use_coap_demo/use_coap_demo.c **** 		printf("start send message to CDP server!\r\n");
 189              		.loc 1 98 3
 190 004a 0D48     		ldr	r0, .L11+16
 191 004c FFF7FEFF 		bl	puts
 192              	.L9:
  99:/home/fanxinhao/Work/LiteOS_Lab/targets/STM32L476RG_NB476/Demos/use_coap_demo/use_coap_demo.c **** 	}
 100:/home/fanxinhao/Work/LiteOS_Lab/targets/STM32L476RG_NB476/Demos/use_coap_demo/use_coap_demo.c **** 	while(1)
 101:/home/fanxinhao/Work/LiteOS_Lab/targets/STM32L476RG_NB476/Demos/use_coap_demo/use_coap_demo.c **** 	{
 102:/home/fanxinhao/Work/LiteOS_Lab/targets/STM32L476RG_NB476/Demos/use_coap_demo/use_coap_demo.c **** 		oc_coap_report(handle, Temp, 2);
 193              		.loc 1 102 3 discriminator 1
 194 0050 07F10C03 		add	r3, r7, #12
 195 0054 0222     		movs	r2, #2
 196 0056 1946     		mov	r1, r3
 197 0058 F86C     		ldr	r0, [r7, #76]
 198 005a FFF7FEFF 		bl	oc_coap_report
 103:/home/fanxinhao/Work/LiteOS_Lab/targets/STM32L476RG_NB476/Demos/use_coap_demo/use_coap_demo.c **** 		osal_task_sleep(60*1000);
 199              		.loc 1 103 3 discriminator 1
 200 005e 4EF66020 		movw	r0, #60000
 201 0062 FFF7FEFF 		bl	osal_task_sleep
 102:/home/fanxinhao/Work/LiteOS_Lab/targets/STM32L476RG_NB476/Demos/use_coap_demo/use_coap_demo.c **** 		osal_task_sleep(60*1000);
 202              		.loc 1 102 3 discriminator 1
 203 0066 F3E7     		b	.L9
 204              	.L10:
 104:/home/fanxinhao/Work/LiteOS_Lab/targets/STM32L476RG_NB476/Demos/use_coap_demo/use_coap_demo.c **** 
 105:/home/fanxinhao/Work/LiteOS_Lab/targets/STM32L476RG_NB476/Demos/use_coap_demo/use_coap_demo.c **** 	}
 106:/home/fanxinhao/Work/LiteOS_Lab/targets/STM32L476RG_NB476/Demos/use_coap_demo/use_coap_demo.c **** }
 205              		.loc 1 106 1
 206 0068 1846     		mov	r0, r3
 207 006a 5037     		adds	r7, r7, #80
 208              	.LCFI8:
 209              		.cfi_def_cfa_offset 8
 210 006c BD46     		mov	sp, r7
 211              	.LCFI9:
 212              		.cfi_def_cfa_register 13
 213              		@ sp needed
 214 006e 80BD     		pop	{r7, pc}
 215              	.L12:
 216              		.align	2
 217              	.L11:
 218 0070 00000000 		.word	.LC0
 219 0074 10000000 		.word	.LC1
 220 0078 18000000 		.word	.LC2
 221 007c 00000000 		.word	app_msg_deal
 222 0080 24000000 		.word	.LC3
 223              		.cfi_endproc
 224              	.LFE134:
 226              		.section	.rodata
 227 0047 00       		.align	2
 228              	.LC4:
 229 0048 636F6170 		.ascii	"coap_report_entry\000"
 229      5F726570 
 229      6F72745F 
ARM GAS  /tmp/cc0yIYKY.s 			page 7


 229      656E7472 
 229      7900
 230 005a 0000     		.align	2
 231              	.LC5:
 232 005c 636F6170 		.ascii	"coap_report_task init success!!\015\000"
 232      5F726570 
 232      6F72745F 
 232      7461736B 
 232      20696E69 
 233              		.section	.text.standard_app_demo_main,"ax",%progbits
 234              		.align	1
 235              		.global	standard_app_demo_main
 236              		.syntax unified
 237              		.thumb
 238              		.thumb_func
 239              		.fpu fpv4-sp-d16
 241              	standard_app_demo_main:
 242              	.LFB135:
 107:/home/fanxinhao/Work/LiteOS_Lab/targets/STM32L476RG_NB476/Demos/use_coap_demo/use_coap_demo.c **** 
 108:/home/fanxinhao/Work/LiteOS_Lab/targets/STM32L476RG_NB476/Demos/use_coap_demo/use_coap_demo.c **** int standard_app_demo_main()
 109:/home/fanxinhao/Work/LiteOS_Lab/targets/STM32L476RG_NB476/Demos/use_coap_demo/use_coap_demo.c **** {
 243              		.loc 1 109 1
 244              		.cfi_startproc
 245              		@ args = 0, pretend = 0, frame = 40
 246              		@ frame_needed = 1, uses_anonymous_args = 0
 247 0000 80B5     		push	{r7, lr}
 248              	.LCFI10:
 249              		.cfi_def_cfa_offset 8
 250              		.cfi_offset 7, -8
 251              		.cfi_offset 14, -4
 252 0002 8AB0     		sub	sp, sp, #40
 253              	.LCFI11:
 254              		.cfi_def_cfa_offset 48
 255 0004 00AF     		add	r7, sp, #0
 256              	.LCFI12:
 257              		.cfi_def_cfa_register 7
 110:/home/fanxinhao/Work/LiteOS_Lab/targets/STM32L476RG_NB476/Demos/use_coap_demo/use_coap_demo.c ****     int ret = -1;
 258              		.loc 1 110 9
 259 0006 4FF0FF33 		mov	r3, #-1
 260 000a 7B62     		str	r3, [r7, #36]
 111:/home/fanxinhao/Work/LiteOS_Lab/targets/STM32L476RG_NB476/Demos/use_coap_demo/use_coap_demo.c ****     UINT32 uwRet = LOS_OK;
 261              		.loc 1 111 12
 262 000c 0023     		movs	r3, #0
 263 000e 3B62     		str	r3, [r7, #32]
 112:/home/fanxinhao/Work/LiteOS_Lab/targets/STM32L476RG_NB476/Demos/use_coap_demo/use_coap_demo.c ****     UINT32  handle;
 113:/home/fanxinhao/Work/LiteOS_Lab/targets/STM32L476RG_NB476/Demos/use_coap_demo/use_coap_demo.c ****     TSK_INIT_PARAM_S coap_report_task_init_param;
 114:/home/fanxinhao/Work/LiteOS_Lab/targets/STM32L476RG_NB476/Demos/use_coap_demo/use_coap_demo.c **** 
 115:/home/fanxinhao/Work/LiteOS_Lab/targets/STM32L476RG_NB476/Demos/use_coap_demo/use_coap_demo.c ****     memset (&coap_report_task_init_param, 0, sizeof (TSK_INIT_PARAM_S));
 264              		.loc 1 115 5
 265 0010 3B1D     		adds	r3, r7, #4
 266 0012 1822     		movs	r2, #24
 267 0014 0021     		movs	r1, #0
 268 0016 1846     		mov	r0, r3
 269 0018 FFF7FEFF 		bl	memset
 116:/home/fanxinhao/Work/LiteOS_Lab/targets/STM32L476RG_NB476/Demos/use_coap_demo/use_coap_demo.c ****     coap_report_task_init_param.uwArg = (unsigned int)NULL;
 270              		.loc 1 116 39
 271 001c 0023     		movs	r3, #0
ARM GAS  /tmp/cc0yIYKY.s 			page 8


 272 001e FB60     		str	r3, [r7, #12]
 117:/home/fanxinhao/Work/LiteOS_Lab/targets/STM32L476RG_NB476/Demos/use_coap_demo/use_coap_demo.c ****     coap_report_task_init_param.usTaskPrio = 2;
 273              		.loc 1 117 44
 274 0020 0223     		movs	r3, #2
 275 0022 3B81     		strh	r3, [r7, #8]	@ movhi
 118:/home/fanxinhao/Work/LiteOS_Lab/targets/STM32L476RG_NB476/Demos/use_coap_demo/use_coap_demo.c ****     coap_report_task_init_param.pcName =(char *) "coap_report_entry";
 276              		.loc 1 118 40
 277 0024 0D4B     		ldr	r3, .L16
 278 0026 7B61     		str	r3, [r7, #20]
 119:/home/fanxinhao/Work/LiteOS_Lab/targets/STM32L476RG_NB476/Demos/use_coap_demo/use_coap_demo.c ****     coap_report_task_init_param.pfnTaskEntry = (TSK_ENTRY_FUNC)coap_report_task;
 279              		.loc 1 119 46
 280 0028 0D4B     		ldr	r3, .L16+4
 281 002a 7B60     		str	r3, [r7, #4]
 120:/home/fanxinhao/Work/LiteOS_Lab/targets/STM32L476RG_NB476/Demos/use_coap_demo/use_coap_demo.c ****     coap_report_task_init_param.uwStackSize = 0x1000;
 282              		.loc 1 120 45
 283 002c 4FF48053 		mov	r3, #4096
 284 0030 3B61     		str	r3, [r7, #16]
 121:/home/fanxinhao/Work/LiteOS_Lab/targets/STM32L476RG_NB476/Demos/use_coap_demo/use_coap_demo.c ****     uwRet = LOS_TaskCreate(&handle, &coap_report_task_init_param);
 285              		.loc 1 121 13
 286 0032 3A1D     		adds	r2, r7, #4
 287 0034 07F11C03 		add	r3, r7, #28
 288 0038 1146     		mov	r1, r2
 289 003a 1846     		mov	r0, r3
 290 003c FFF7FEFF 		bl	LOS_TaskCreate
 291 0040 3862     		str	r0, [r7, #32]
 122:/home/fanxinhao/Work/LiteOS_Lab/targets/STM32L476RG_NB476/Demos/use_coap_demo/use_coap_demo.c ****     if(LOS_OK == uwRet){
 292              		.loc 1 122 7
 293 0042 3B6A     		ldr	r3, [r7, #32]
 294 0044 002B     		cmp	r3, #0
 295 0046 01D1     		bne	.L14
 123:/home/fanxinhao/Work/LiteOS_Lab/targets/STM32L476RG_NB476/Demos/use_coap_demo/use_coap_demo.c ****         ret = 0;
 296              		.loc 1 123 13
 297 0048 0023     		movs	r3, #0
 298 004a 7B62     		str	r3, [r7, #36]
 299              	.L14:
 124:/home/fanxinhao/Work/LiteOS_Lab/targets/STM32L476RG_NB476/Demos/use_coap_demo/use_coap_demo.c ****     }
 125:/home/fanxinhao/Work/LiteOS_Lab/targets/STM32L476RG_NB476/Demos/use_coap_demo/use_coap_demo.c ****     printf("coap_report_task init success!!\r\n");
 300              		.loc 1 125 5
 301 004c 0548     		ldr	r0, .L16+8
 302 004e FFF7FEFF 		bl	puts
 126:/home/fanxinhao/Work/LiteOS_Lab/targets/STM32L476RG_NB476/Demos/use_coap_demo/use_coap_demo.c ****     return ret;
 303              		.loc 1 126 12
 304 0052 7B6A     		ldr	r3, [r7, #36]
 127:/home/fanxinhao/Work/LiteOS_Lab/targets/STM32L476RG_NB476/Demos/use_coap_demo/use_coap_demo.c **** }
 305              		.loc 1 127 1
 306 0054 1846     		mov	r0, r3
 307 0056 2837     		adds	r7, r7, #40
 308              	.LCFI13:
 309              		.cfi_def_cfa_offset 8
 310 0058 BD46     		mov	sp, r7
 311              	.LCFI14:
 312              		.cfi_def_cfa_register 13
 313              		@ sp needed
 314 005a 80BD     		pop	{r7, pc}
 315              	.L17:
 316              		.align	2
 317              	.L16:
ARM GAS  /tmp/cc0yIYKY.s 			page 9


 318 005c 48000000 		.word	.LC4
 319 0060 00000000 		.word	coap_report_task
 320 0064 5C000000 		.word	.LC5
 321              		.cfi_endproc
 322              	.LFE135:
 324              		.text
 325              	.Letext0:
 326              		.file 2 "/home/fanxinhao/toolchain/gcc-arm-none-eabi-9-2019-q4-major/arm-none-eabi/include/machine
 327              		.file 3 "/home/fanxinhao/toolchain/gcc-arm-none-eabi-9-2019-q4-major/arm-none-eabi/include/sys/_st
 328              		.file 4 "/home/fanxinhao/toolchain/gcc-arm-none-eabi-9-2019-q4-major/arm-none-eabi/include/sys/loc
 329              		.file 5 "/home/fanxinhao/toolchain/gcc-arm-none-eabi-9-2019-q4-major/arm-none-eabi/include/sys/_ty
 330              		.file 6 "/home/fanxinhao/toolchain/gcc-arm-none-eabi-9-2019-q4-major/lib/gcc/arm-none-eabi/9.2.1/i
 331              		.file 7 "/home/fanxinhao/toolchain/gcc-arm-none-eabi-9-2019-q4-major/arm-none-eabi/include/sys/ree
 332              		.file 8 "/home/fanxinhao/Work/LiteOS_Lab/iot_link/os/liteos/include/los_typedef.h"
 333              		.file 9 "/home/fanxinhao/Work/LiteOS_Lab/iot_link/os/liteos/arch/arm/common/cmsis/core_cm4.h"
 334              		.file 10 "/home/fanxinhao/Work/LiteOS_Lab/targets/STM32L476RG_NB476/Inc/system_stm32l4xx.h"
 335              		.file 11 "/home/fanxinhao/Work/LiteOS_Lab/iot_link/os/liteos/include/los_config.h"
 336              		.file 12 "/home/fanxinhao/Work/LiteOS_Lab/iot_link/os/liteos/include/los_err.h"
 337              		.file 13 "/home/fanxinhao/Work/LiteOS_Lab/iot_link/os/liteos/arch/arm/arm-m/include/los_hwi.h"
 338              		.file 14 "/home/fanxinhao/Work/LiteOS_Lab/iot_link/os/liteos/include/los_tick.h"
 339              		.file 15 "/home/fanxinhao/Work/LiteOS_Lab/iot_link/os/liteos/include/los_task.h"
 340              		.file 16 "/home/fanxinhao/Work/LiteOS_Lab/iot_link/os/osal/osal_types.h"
 341              		.file 17 "/home/fanxinhao/Work/LiteOS_Lab/iot_link/oc/oc_coap/oc_coap_al/oc_coap_al.h"
ARM GAS  /tmp/cc0yIYKY.s 			page 10


DEFINED SYMBOLS
                            *ABS*:0000000000000000 use_coap_demo.c
     /tmp/cc0yIYKY.s:18     .bss.s_rcv_buffer:0000000000000000 $d
     /tmp/cc0yIYKY.s:21     .bss.s_rcv_buffer:0000000000000000 s_rcv_buffer
     /tmp/cc0yIYKY.s:24     .bss.s_rcv_datalen:0000000000000000 $d
     /tmp/cc0yIYKY.s:27     .bss.s_rcv_datalen:0000000000000000 s_rcv_datalen
     /tmp/cc0yIYKY.s:30     .bss.s_rcv_sync:0000000000000000 $d
     /tmp/cc0yIYKY.s:33     .bss.s_rcv_sync:0000000000000000 s_rcv_sync
     /tmp/cc0yIYKY.s:36     .text.app_msg_deal:0000000000000000 $t
     /tmp/cc0yIYKY.s:43     .text.app_msg_deal:0000000000000000 app_msg_deal
     /tmp/cc0yIYKY.s:104    .text.app_msg_deal:0000000000000040 $d
     /tmp/cc0yIYKY.s:111    .rodata:0000000000000000 $d
     /tmp/cc0yIYKY.s:124    .text.coap_report_task:0000000000000000 $t
     /tmp/cc0yIYKY.s:131    .text.coap_report_task:0000000000000000 coap_report_task
     /tmp/cc0yIYKY.s:218    .text.coap_report_task:0000000000000070 $d
     /tmp/cc0yIYKY.s:234    .text.standard_app_demo_main:0000000000000000 $t
     /tmp/cc0yIYKY.s:241    .text.standard_app_demo_main:0000000000000000 standard_app_demo_main
     /tmp/cc0yIYKY.s:318    .text.standard_app_demo_main:000000000000005c $d

UNDEFINED SYMBOLS
memcpy
osal_semp_post
memset
oc_coap_config
puts
oc_coap_report
osal_task_sleep
LOS_TaskCreate
