GAS LISTING /tmp/ccG29CIq.s 			page 1


   1              		.file	"crc8.c"
   2              		.text
   3              	.Ltext0:
   4              	.Letext0:
  16              		.section	.note.gnu.property,"a"
  17              		.align 8
  18 0000 04000000 		.long	 1f - 0f
  19 0004 10000000 		.long	 4f - 1f
  20 0008 05000000 		.long	 5
  21              	0:
  22 000c 474E5500 		.string	 "GNU"
  23              	1:
  24              		.align 8
  25 0010 020000C0 		.long	 0xc0000002
  26 0014 04000000 		.long	 3f - 2f
  27              	2:
  28 0018 03000000 		.long	 0x3
  29              	3:
  30 001c 00000000 		.align 8
  31              	4:
GAS LISTING /tmp/ccG29CIq.s 			page 2


DEFINED SYMBOLS
                            *ABS*:0000000000000000 crc8.c

NO UNDEFINED SYMBOLS
