ARM GAS  C:\Users\ADMINI~1\AppData\Local\Temp\cc7mn6sy.s 			page 1


   1              		.cpu cortex-m4
   2              		.eabi_attribute 27, 1
   3              		.eabi_attribute 28, 1
   4              		.eabi_attribute 20, 1
   5              		.eabi_attribute 21, 1
   6              		.eabi_attribute 23, 3
   7              		.eabi_attribute 24, 1
   8              		.eabi_attribute 25, 1
   9              		.eabi_attribute 26, 1
  10              		.eabi_attribute 30, 6
  11              		.eabi_attribute 34, 1
  12              		.eabi_attribute 18, 4
  13              		.file	"gpio.c"
  14              		.text
  15              	.Ltext0:
  16              		.cfi_sections	.debug_frame
  17              		.section	.text.MX_GPIO_Init,"ax",%progbits
  18              		.align	1
  19              		.global	MX_GPIO_Init
  20              		.arch armv7e-m
  21              		.syntax unified
  22              		.thumb
  23              		.thumb_func
  24              		.fpu fpv4-sp-d16
  26              	MX_GPIO_Init:
  27              	.LFB287:
  28              		.file 1 "d:/LiteOS_Lab/targets/STM32L431VCT6_Bossay/Src/gpio.c"
   1:d:/LiteOS_Lab/targets/STM32L431VCT6_Bossay/Src\gpio.c **** /**
   2:d:/LiteOS_Lab/targets/STM32L431VCT6_Bossay/Src\gpio.c ****   ******************************************************************************
   3:d:/LiteOS_Lab/targets/STM32L431VCT6_Bossay/Src\gpio.c ****   * File Name          : gpio.c
   4:d:/LiteOS_Lab/targets/STM32L431VCT6_Bossay/Src\gpio.c ****   * Description        : This file provides code for the configuration
   5:d:/LiteOS_Lab/targets/STM32L431VCT6_Bossay/Src\gpio.c ****   *                      of all used GPIO pins.
   6:d:/LiteOS_Lab/targets/STM32L431VCT6_Bossay/Src\gpio.c ****   ******************************************************************************
   7:d:/LiteOS_Lab/targets/STM32L431VCT6_Bossay/Src\gpio.c ****   ** This notice applies to any and all portions of this file
   8:d:/LiteOS_Lab/targets/STM32L431VCT6_Bossay/Src\gpio.c ****   * that are not between comment pairs USER CODE BEGIN and
   9:d:/LiteOS_Lab/targets/STM32L431VCT6_Bossay/Src\gpio.c ****   * USER CODE END. Other portions of this file, whether 
  10:d:/LiteOS_Lab/targets/STM32L431VCT6_Bossay/Src\gpio.c ****   * inserted by the user or by software development tools
  11:d:/LiteOS_Lab/targets/STM32L431VCT6_Bossay/Src\gpio.c ****   * are owned by their respective copyright owners.
  12:d:/LiteOS_Lab/targets/STM32L431VCT6_Bossay/Src\gpio.c ****   *
  13:d:/LiteOS_Lab/targets/STM32L431VCT6_Bossay/Src\gpio.c ****   * COPYRIGHT(c) 2018 STMicroelectronics
  14:d:/LiteOS_Lab/targets/STM32L431VCT6_Bossay/Src\gpio.c ****   *
  15:d:/LiteOS_Lab/targets/STM32L431VCT6_Bossay/Src\gpio.c ****   * Redistribution and use in source and binary forms, with or without modification,
  16:d:/LiteOS_Lab/targets/STM32L431VCT6_Bossay/Src\gpio.c ****   * are permitted provided that the following conditions are met:
  17:d:/LiteOS_Lab/targets/STM32L431VCT6_Bossay/Src\gpio.c ****   *   1. Redistributions of source code must retain the above copyright notice,
  18:d:/LiteOS_Lab/targets/STM32L431VCT6_Bossay/Src\gpio.c ****   *      this list of conditions and the following disclaimer.
  19:d:/LiteOS_Lab/targets/STM32L431VCT6_Bossay/Src\gpio.c ****   *   2. Redistributions in binary form must reproduce the above copyright notice,
  20:d:/LiteOS_Lab/targets/STM32L431VCT6_Bossay/Src\gpio.c ****   *      this list of conditions and the following disclaimer in the documentation
  21:d:/LiteOS_Lab/targets/STM32L431VCT6_Bossay/Src\gpio.c ****   *      and/or other materials provided with the distribution.
  22:d:/LiteOS_Lab/targets/STM32L431VCT6_Bossay/Src\gpio.c ****   *   3. Neither the name of STMicroelectronics nor the names of its contributors
  23:d:/LiteOS_Lab/targets/STM32L431VCT6_Bossay/Src\gpio.c ****   *      may be used to endorse or promote products derived from this software
  24:d:/LiteOS_Lab/targets/STM32L431VCT6_Bossay/Src\gpio.c ****   *      without specific prior written permission.
  25:d:/LiteOS_Lab/targets/STM32L431VCT6_Bossay/Src\gpio.c ****   *
  26:d:/LiteOS_Lab/targets/STM32L431VCT6_Bossay/Src\gpio.c ****   * THIS SOFTWARE IS PROVIDED BY THE COPYRIGHT HOLDERS AND CONTRIBUTORS "AS IS"
  27:d:/LiteOS_Lab/targets/STM32L431VCT6_Bossay/Src\gpio.c ****   * AND ANY EXPRESS OR IMPLIED WARRANTIES, INCLUDING, BUT NOT LIMITED TO, THE
  28:d:/LiteOS_Lab/targets/STM32L431VCT6_Bossay/Src\gpio.c ****   * IMPLIED WARRANTIES OF MERCHANTABILITY AND FITNESS FOR A PARTICULAR PURPOSE ARE
  29:d:/LiteOS_Lab/targets/STM32L431VCT6_Bossay/Src\gpio.c ****   * DISCLAIMED. IN NO EVENT SHALL THE COPYRIGHT HOLDER OR CONTRIBUTORS BE LIABLE
  30:d:/LiteOS_Lab/targets/STM32L431VCT6_Bossay/Src\gpio.c ****   * FOR ANY DIRECT, INDIRECT, INCIDENTAL, SPECIAL, EXEMPLARY, OR CONSEQUENTIAL
ARM GAS  C:\Users\ADMINI~1\AppData\Local\Temp\cc7mn6sy.s 			page 2


  31:d:/LiteOS_Lab/targets/STM32L431VCT6_Bossay/Src\gpio.c ****   * DAMAGES (INCLUDING, BUT NOT LIMITED TO, PROCUREMENT OF SUBSTITUTE GOODS OR
  32:d:/LiteOS_Lab/targets/STM32L431VCT6_Bossay/Src\gpio.c ****   * SERVICES; LOSS OF USE, DATA, OR PROFITS; OR BUSINESS INTERRUPTION) HOWEVER
  33:d:/LiteOS_Lab/targets/STM32L431VCT6_Bossay/Src\gpio.c ****   * CAUSED AND ON ANY THEORY OF LIABILITY, WHETHER IN CONTRACT, STRICT LIABILITY,
  34:d:/LiteOS_Lab/targets/STM32L431VCT6_Bossay/Src\gpio.c ****   * OR TORT (INCLUDING NEGLIGENCE OR OTHERWISE) ARISING IN ANY WAY OUT OF THE USE
  35:d:/LiteOS_Lab/targets/STM32L431VCT6_Bossay/Src\gpio.c ****   * OF THIS SOFTWARE, EVEN IF ADVISED OF THE POSSIBILITY OF SUCH DAMAGE.
  36:d:/LiteOS_Lab/targets/STM32L431VCT6_Bossay/Src\gpio.c ****   *
  37:d:/LiteOS_Lab/targets/STM32L431VCT6_Bossay/Src\gpio.c ****   ******************************************************************************
  38:d:/LiteOS_Lab/targets/STM32L431VCT6_Bossay/Src\gpio.c ****   */
  39:d:/LiteOS_Lab/targets/STM32L431VCT6_Bossay/Src\gpio.c **** 
  40:d:/LiteOS_Lab/targets/STM32L431VCT6_Bossay/Src\gpio.c **** /* Includes ------------------------------------------------------------------*/
  41:d:/LiteOS_Lab/targets/STM32L431VCT6_Bossay/Src\gpio.c **** #include "gpio.h"
  42:d:/LiteOS_Lab/targets/STM32L431VCT6_Bossay/Src\gpio.c **** /* USER CODE BEGIN 0 */
  43:d:/LiteOS_Lab/targets/STM32L431VCT6_Bossay/Src\gpio.c **** 
  44:d:/LiteOS_Lab/targets/STM32L431VCT6_Bossay/Src\gpio.c **** /* USER CODE END 0 */
  45:d:/LiteOS_Lab/targets/STM32L431VCT6_Bossay/Src\gpio.c **** 
  46:d:/LiteOS_Lab/targets/STM32L431VCT6_Bossay/Src\gpio.c **** /*----------------------------------------------------------------------------*/
  47:d:/LiteOS_Lab/targets/STM32L431VCT6_Bossay/Src\gpio.c **** /* Configure GPIO                                                             */
  48:d:/LiteOS_Lab/targets/STM32L431VCT6_Bossay/Src\gpio.c **** /*----------------------------------------------------------------------------*/
  49:d:/LiteOS_Lab/targets/STM32L431VCT6_Bossay/Src\gpio.c **** /* USER CODE BEGIN 1 */
  50:d:/LiteOS_Lab/targets/STM32L431VCT6_Bossay/Src\gpio.c **** 
  51:d:/LiteOS_Lab/targets/STM32L431VCT6_Bossay/Src\gpio.c **** /* USER CODE END 1 */
  52:d:/LiteOS_Lab/targets/STM32L431VCT6_Bossay/Src\gpio.c **** 
  53:d:/LiteOS_Lab/targets/STM32L431VCT6_Bossay/Src\gpio.c **** /** Configure pins as 
  54:d:/LiteOS_Lab/targets/STM32L431VCT6_Bossay/Src\gpio.c ****         * Analog 
  55:d:/LiteOS_Lab/targets/STM32L431VCT6_Bossay/Src\gpio.c ****         * Input 
  56:d:/LiteOS_Lab/targets/STM32L431VCT6_Bossay/Src\gpio.c ****         * Output
  57:d:/LiteOS_Lab/targets/STM32L431VCT6_Bossay/Src\gpio.c ****         * EVENT_OUT
  58:d:/LiteOS_Lab/targets/STM32L431VCT6_Bossay/Src\gpio.c ****         * EXTI
  59:d:/LiteOS_Lab/targets/STM32L431VCT6_Bossay/Src\gpio.c **** */
  60:d:/LiteOS_Lab/targets/STM32L431VCT6_Bossay/Src\gpio.c **** void MX_GPIO_Init(void)
  61:d:/LiteOS_Lab/targets/STM32L431VCT6_Bossay/Src\gpio.c **** {
  29              		.loc 1 61 1
  30              		.cfi_startproc
  31              		@ args = 0, pretend = 0, frame = 48
  32              		@ frame_needed = 1, uses_anonymous_args = 0
  33 0000 80B5     		push	{r7, lr}
  34              	.LCFI0:
  35              		.cfi_def_cfa_offset 8
  36              		.cfi_offset 7, -8
  37              		.cfi_offset 14, -4
  38 0002 8CB0     		sub	sp, sp, #48
  39              	.LCFI1:
  40              		.cfi_def_cfa_offset 56
  41 0004 00AF     		add	r7, sp, #0
  42              	.LCFI2:
  43              		.cfi_def_cfa_register 7
  44              	.LBB2:
  62:d:/LiteOS_Lab/targets/STM32L431VCT6_Bossay/Src\gpio.c **** 
  63:d:/LiteOS_Lab/targets/STM32L431VCT6_Bossay/Src\gpio.c ****   GPIO_InitTypeDef GPIO_InitStruct;
  64:d:/LiteOS_Lab/targets/STM32L431VCT6_Bossay/Src\gpio.c **** 
  65:d:/LiteOS_Lab/targets/STM32L431VCT6_Bossay/Src\gpio.c ****   /* GPIO Ports Clock Enable */
  66:d:/LiteOS_Lab/targets/STM32L431VCT6_Bossay/Src\gpio.c ****   __HAL_RCC_GPIOE_CLK_ENABLE();
  45              		.loc 1 66 3
  46 0006 754B     		ldr	r3, .L2
  47 0008 DB6C     		ldr	r3, [r3, #76]
  48 000a 744A     		ldr	r2, .L2
  49 000c 43F01003 		orr	r3, r3, #16
ARM GAS  C:\Users\ADMINI~1\AppData\Local\Temp\cc7mn6sy.s 			page 3


  50 0010 D364     		str	r3, [r2, #76]
  51 0012 724B     		ldr	r3, .L2
  52 0014 DB6C     		ldr	r3, [r3, #76]
  53 0016 03F01003 		and	r3, r3, #16
  54 001a BB61     		str	r3, [r7, #24]
  55 001c BB69     		ldr	r3, [r7, #24]
  56              	.LBE2:
  57              	.LBB3:
  67:d:/LiteOS_Lab/targets/STM32L431VCT6_Bossay/Src\gpio.c ****   __HAL_RCC_GPIOC_CLK_ENABLE();
  58              		.loc 1 67 3
  59 001e 6F4B     		ldr	r3, .L2
  60 0020 DB6C     		ldr	r3, [r3, #76]
  61 0022 6E4A     		ldr	r2, .L2
  62 0024 43F00403 		orr	r3, r3, #4
  63 0028 D364     		str	r3, [r2, #76]
  64 002a 6C4B     		ldr	r3, .L2
  65 002c DB6C     		ldr	r3, [r3, #76]
  66 002e 03F00403 		and	r3, r3, #4
  67 0032 7B61     		str	r3, [r7, #20]
  68 0034 7B69     		ldr	r3, [r7, #20]
  69              	.LBE3:
  70              	.LBB4:
  68:d:/LiteOS_Lab/targets/STM32L431VCT6_Bossay/Src\gpio.c ****   __HAL_RCC_GPIOH_CLK_ENABLE();
  71              		.loc 1 68 3
  72 0036 694B     		ldr	r3, .L2
  73 0038 DB6C     		ldr	r3, [r3, #76]
  74 003a 684A     		ldr	r2, .L2
  75 003c 43F08003 		orr	r3, r3, #128
  76 0040 D364     		str	r3, [r2, #76]
  77 0042 664B     		ldr	r3, .L2
  78 0044 DB6C     		ldr	r3, [r3, #76]
  79 0046 03F08003 		and	r3, r3, #128
  80 004a 3B61     		str	r3, [r7, #16]
  81 004c 3B69     		ldr	r3, [r7, #16]
  82              	.LBE4:
  83              	.LBB5:
  69:d:/LiteOS_Lab/targets/STM32L431VCT6_Bossay/Src\gpio.c ****   __HAL_RCC_GPIOA_CLK_ENABLE();
  84              		.loc 1 69 3
  85 004e 634B     		ldr	r3, .L2
  86 0050 DB6C     		ldr	r3, [r3, #76]
  87 0052 624A     		ldr	r2, .L2
  88 0054 43F00103 		orr	r3, r3, #1
  89 0058 D364     		str	r3, [r2, #76]
  90 005a 604B     		ldr	r3, .L2
  91 005c DB6C     		ldr	r3, [r3, #76]
  92 005e 03F00103 		and	r3, r3, #1
  93 0062 FB60     		str	r3, [r7, #12]
  94 0064 FB68     		ldr	r3, [r7, #12]
  95              	.LBE5:
  96              	.LBB6:
  70:d:/LiteOS_Lab/targets/STM32L431VCT6_Bossay/Src\gpio.c ****   __HAL_RCC_GPIOB_CLK_ENABLE();
  97              		.loc 1 70 3
  98 0066 5D4B     		ldr	r3, .L2
  99 0068 DB6C     		ldr	r3, [r3, #76]
 100 006a 5C4A     		ldr	r2, .L2
 101 006c 43F00203 		orr	r3, r3, #2
 102 0070 D364     		str	r3, [r2, #76]
ARM GAS  C:\Users\ADMINI~1\AppData\Local\Temp\cc7mn6sy.s 			page 4


 103 0072 5A4B     		ldr	r3, .L2
 104 0074 DB6C     		ldr	r3, [r3, #76]
 105 0076 03F00203 		and	r3, r3, #2
 106 007a BB60     		str	r3, [r7, #8]
 107 007c BB68     		ldr	r3, [r7, #8]
 108              	.LBE6:
 109              	.LBB7:
  71:d:/LiteOS_Lab/targets/STM32L431VCT6_Bossay/Src\gpio.c ****   __HAL_RCC_GPIOD_CLK_ENABLE();
 110              		.loc 1 71 3
 111 007e 574B     		ldr	r3, .L2
 112 0080 DB6C     		ldr	r3, [r3, #76]
 113 0082 564A     		ldr	r2, .L2
 114 0084 43F00803 		orr	r3, r3, #8
 115 0088 D364     		str	r3, [r2, #76]
 116 008a 544B     		ldr	r3, .L2
 117 008c DB6C     		ldr	r3, [r3, #76]
 118 008e 03F00803 		and	r3, r3, #8
 119 0092 7B60     		str	r3, [r7, #4]
 120 0094 7B68     		ldr	r3, [r7, #4]
 121              	.LBE7:
  72:d:/LiteOS_Lab/targets/STM32L431VCT6_Bossay/Src\gpio.c **** 
  73:d:/LiteOS_Lab/targets/STM32L431VCT6_Bossay/Src\gpio.c **** 	/*Configure GPIO pin Output Level */
  74:d:/LiteOS_Lab/targets/STM32L431VCT6_Bossay/Src\gpio.c ****   HAL_GPIO_WritePin(LIGHT_GPIO_Port, LIGHT_Pin, GPIO_PIN_RESET);
 122              		.loc 1 74 3
 123 0096 0022     		movs	r2, #0
 124 0098 4FF40061 		mov	r1, #2048
 125 009c 4FF09040 		mov	r0, #1207959552
 126 00a0 FFF7FEFF 		bl	HAL_GPIO_WritePin
  75:d:/LiteOS_Lab/targets/STM32L431VCT6_Bossay/Src\gpio.c **** 
  76:d:/LiteOS_Lab/targets/STM32L431VCT6_Bossay/Src\gpio.c **** 	/*Configure GPIO pin : PtPin */
  77:d:/LiteOS_Lab/targets/STM32L431VCT6_Bossay/Src\gpio.c ****   GPIO_InitStruct.Pin = LIGHT_Pin;
 127              		.loc 1 77 23
 128 00a4 4FF40063 		mov	r3, #2048
 129 00a8 FB61     		str	r3, [r7, #28]
  78:d:/LiteOS_Lab/targets/STM32L431VCT6_Bossay/Src\gpio.c ****   GPIO_InitStruct.Mode = GPIO_MODE_OUTPUT_PP;
 130              		.loc 1 78 24
 131 00aa 0123     		movs	r3, #1
 132 00ac 3B62     		str	r3, [r7, #32]
  79:d:/LiteOS_Lab/targets/STM32L431VCT6_Bossay/Src\gpio.c ****   GPIO_InitStruct.Pull = GPIO_NOPULL;
 133              		.loc 1 79 24
 134 00ae 0023     		movs	r3, #0
 135 00b0 7B62     		str	r3, [r7, #36]
  80:d:/LiteOS_Lab/targets/STM32L431VCT6_Bossay/Src\gpio.c ****   GPIO_InitStruct.Speed = GPIO_SPEED_FREQ_LOW;
 136              		.loc 1 80 25
 137 00b2 0023     		movs	r3, #0
 138 00b4 BB62     		str	r3, [r7, #40]
  81:d:/LiteOS_Lab/targets/STM32L431VCT6_Bossay/Src\gpio.c ****   HAL_GPIO_Init(LIGHT_GPIO_Port, &GPIO_InitStruct);
 139              		.loc 1 81 3
 140 00b6 07F11C03 		add	r3, r7, #28
 141 00ba 1946     		mov	r1, r3
 142 00bc 4FF09040 		mov	r0, #1207959552
 143 00c0 FFF7FEFF 		bl	HAL_GPIO_Init
  82:d:/LiteOS_Lab/targets/STM32L431VCT6_Bossay/Src\gpio.c **** 	
  83:d:/LiteOS_Lab/targets/STM32L431VCT6_Bossay/Src\gpio.c **** 	GPIO_InitStruct.Pin = KEY1_Pin|KEY2_Pin;
 144              		.loc 1 83 22
 145 00c4 4FF44053 		mov	r3, #12288
 146 00c8 FB61     		str	r3, [r7, #28]
ARM GAS  C:\Users\ADMINI~1\AppData\Local\Temp\cc7mn6sy.s 			page 5


  84:d:/LiteOS_Lab/targets/STM32L431VCT6_Bossay/Src\gpio.c ****   GPIO_InitStruct.Mode = GPIO_MODE_IT_FALLING;
 147              		.loc 1 84 24
 148 00ca 454B     		ldr	r3, .L2+4
 149 00cc 3B62     		str	r3, [r7, #32]
  85:d:/LiteOS_Lab/targets/STM32L431VCT6_Bossay/Src\gpio.c ****   GPIO_InitStruct.Pull = GPIO_PULLUP;
 150              		.loc 1 85 24
 151 00ce 0123     		movs	r3, #1
 152 00d0 7B62     		str	r3, [r7, #36]
  86:d:/LiteOS_Lab/targets/STM32L431VCT6_Bossay/Src\gpio.c ****   HAL_GPIO_Init(GPIOE, &GPIO_InitStruct);
 153              		.loc 1 86 3
 154 00d2 07F11C03 		add	r3, r7, #28
 155 00d6 1946     		mov	r1, r3
 156 00d8 4248     		ldr	r0, .L2+8
 157 00da FFF7FEFF 		bl	HAL_GPIO_Init
  87:d:/LiteOS_Lab/targets/STM32L431VCT6_Bossay/Src\gpio.c ****   
  88:d:/LiteOS_Lab/targets/STM32L431VCT6_Bossay/Src\gpio.c ****     /*Configure GPIO pin Output Level */
  89:d:/LiteOS_Lab/targets/STM32L431VCT6_Bossay/Src\gpio.c ****   HAL_GPIO_WritePin(GPIOE, LORA_RESET_Pin|GPS_RESET_Pin, GPIO_PIN_RESET);
 158              		.loc 1 89 3
 159 00de 0022     		movs	r2, #0
 160 00e0 4FF48271 		mov	r1, #260
 161 00e4 3F48     		ldr	r0, .L2+8
 162 00e6 FFF7FEFF 		bl	HAL_GPIO_WritePin
  90:d:/LiteOS_Lab/targets/STM32L431VCT6_Bossay/Src\gpio.c ****   HAL_GPIO_WritePin(GPIOE, GPS_PWR_EN_Pin, GPIO_PIN_SET);
 163              		.loc 1 90 3
 164 00ea 0122     		movs	r2, #1
 165 00ec 8021     		movs	r1, #128
 166 00ee 3D48     		ldr	r0, .L2+8
 167 00f0 FFF7FEFF 		bl	HAL_GPIO_WritePin
  91:d:/LiteOS_Lab/targets/STM32L431VCT6_Bossay/Src\gpio.c ****   /*Configure GPIO pin Output Level */
  92:d:/LiteOS_Lab/targets/STM32L431VCT6_Bossay/Src\gpio.c ****   HAL_GPIO_WritePin(LED_GPIO_Port, LED_Pin, GPIO_PIN_SET);
 168              		.loc 1 92 3
 169 00f4 0122     		movs	r2, #1
 170 00f6 4FF40051 		mov	r1, #8192
 171 00fa 3B48     		ldr	r0, .L2+12
 172 00fc FFF7FEFF 		bl	HAL_GPIO_WritePin
  93:d:/LiteOS_Lab/targets/STM32L431VCT6_Bossay/Src\gpio.c **** 
  94:d:/LiteOS_Lab/targets/STM32L431VCT6_Bossay/Src\gpio.c ****   /*Configure GPIO pin Output Level */
  95:d:/LiteOS_Lab/targets/STM32L431VCT6_Bossay/Src\gpio.c ****   HAL_GPIO_WritePin(GPIOA, WAN_RESET_Pin|MOTOR_Pin, GPIO_PIN_RESET);
 173              		.loc 1 95 3
 174 0100 0022     		movs	r2, #0
 175 0102 2121     		movs	r1, #33
 176 0104 4FF09040 		mov	r0, #1207959552
 177 0108 FFF7FEFF 		bl	HAL_GPIO_WritePin
  96:d:/LiteOS_Lab/targets/STM32L431VCT6_Bossay/Src\gpio.c **** 
  97:d:/LiteOS_Lab/targets/STM32L431VCT6_Bossay/Src\gpio.c ****   /*Configure GPIO pin Output Level */
  98:d:/LiteOS_Lab/targets/STM32L431VCT6_Bossay/Src\gpio.c ****   HAL_GPIO_WritePin(GPIOD, LCD_WR_RS_Pin|LCD_RESET_Pin|LCD_POWER_Pin|RSRV_GPIO1_Pin 
 178              		.loc 1 98 3
 179 010c 0022     		movs	r2, #0
 180 010e 4FF45F41 		mov	r1, #57088
 181 0112 3648     		ldr	r0, .L2+16
 182 0114 FFF7FEFF 		bl	HAL_GPIO_WritePin
  99:d:/LiteOS_Lab/targets/STM32L431VCT6_Bossay/Src\gpio.c ****                           |RSRV_GPIO2_Pin|RSRV_GPIO4_Pin|RSRV_GPIO5_Pin, GPIO_PIN_RESET);
 100:d:/LiteOS_Lab/targets/STM32L431VCT6_Bossay/Src\gpio.c **** 
 101:d:/LiteOS_Lab/targets/STM32L431VCT6_Bossay/Src\gpio.c ****   /*Configure GPIO pin Output Level */
 102:d:/LiteOS_Lab/targets/STM32L431VCT6_Bossay/Src\gpio.c ****   HAL_GPIO_WritePin(RSRV_GPIO3_GPIO_Port, RSRV_GPIO3_Pin, GPIO_PIN_RESET);
 183              		.loc 1 102 3
 184 0118 0022     		movs	r2, #0
ARM GAS  C:\Users\ADMINI~1\AppData\Local\Temp\cc7mn6sy.s 			page 6


 185 011a 4FF48071 		mov	r1, #256
 186 011e 3448     		ldr	r0, .L2+20
 187 0120 FFF7FEFF 		bl	HAL_GPIO_WritePin
 103:d:/LiteOS_Lab/targets/STM32L431VCT6_Bossay/Src\gpio.c **** 
 104:d:/LiteOS_Lab/targets/STM32L431VCT6_Bossay/Src\gpio.c ****   /*Configure GPIO pins : PEPin PEPin PEPin */
 105:d:/LiteOS_Lab/targets/STM32L431VCT6_Bossay/Src\gpio.c ****   GPIO_InitStruct.Pin = LORA_RESET_Pin|GPS_PWR_EN_Pin|GPS_RESET_Pin;
 188              		.loc 1 105 23
 189 0124 4FF4C273 		mov	r3, #388
 190 0128 FB61     		str	r3, [r7, #28]
 106:d:/LiteOS_Lab/targets/STM32L431VCT6_Bossay/Src\gpio.c ****   GPIO_InitStruct.Mode = GPIO_MODE_OUTPUT_PP;
 191              		.loc 1 106 24
 192 012a 0123     		movs	r3, #1
 193 012c 3B62     		str	r3, [r7, #32]
 107:d:/LiteOS_Lab/targets/STM32L431VCT6_Bossay/Src\gpio.c ****   GPIO_InitStruct.Pull = GPIO_NOPULL;
 194              		.loc 1 107 24
 195 012e 0023     		movs	r3, #0
 196 0130 7B62     		str	r3, [r7, #36]
 108:d:/LiteOS_Lab/targets/STM32L431VCT6_Bossay/Src\gpio.c ****   GPIO_InitStruct.Speed = GPIO_SPEED_FREQ_LOW;
 197              		.loc 1 108 25
 198 0132 0023     		movs	r3, #0
 199 0134 BB62     		str	r3, [r7, #40]
 109:d:/LiteOS_Lab/targets/STM32L431VCT6_Bossay/Src\gpio.c ****   HAL_GPIO_Init(GPIOE, &GPIO_InitStruct);
 200              		.loc 1 109 3
 201 0136 07F11C03 		add	r3, r7, #28
 202 013a 1946     		mov	r1, r3
 203 013c 2948     		ldr	r0, .L2+8
 204 013e FFF7FEFF 		bl	HAL_GPIO_Init
 110:d:/LiteOS_Lab/targets/STM32L431VCT6_Bossay/Src\gpio.c **** 
 111:d:/LiteOS_Lab/targets/STM32L431VCT6_Bossay/Src\gpio.c ****   /*Configure GPIO pins : PEPin PEPin PEPin PEPin 
 112:d:/LiteOS_Lab/targets/STM32L431VCT6_Bossay/Src\gpio.c ****                            PEPin */
 113:d:/LiteOS_Lab/targets/STM32L431VCT6_Bossay/Src\gpio.c ****   GPIO_InitStruct.Pin = LORA_DIO_3_Pin|LORA_DIO_2_Pin|LORA_DIO_1_Pin|LORA_DIO_0_Pin 
 205              		.loc 1 113 23
 206 0142 4FF41E73 		mov	r3, #632
 207 0146 FB61     		str	r3, [r7, #28]
 114:d:/LiteOS_Lab/targets/STM32L431VCT6_Bossay/Src\gpio.c ****                           |SHT30_INT_Pin;
 115:d:/LiteOS_Lab/targets/STM32L431VCT6_Bossay/Src\gpio.c ****   GPIO_InitStruct.Mode = GPIO_MODE_IT_RISING;
 208              		.loc 1 115 24
 209 0148 2A4B     		ldr	r3, .L2+24
 210 014a 3B62     		str	r3, [r7, #32]
 116:d:/LiteOS_Lab/targets/STM32L431VCT6_Bossay/Src\gpio.c ****   GPIO_InitStruct.Pull = GPIO_NOPULL;
 211              		.loc 1 116 24
 212 014c 0023     		movs	r3, #0
 213 014e 7B62     		str	r3, [r7, #36]
 117:d:/LiteOS_Lab/targets/STM32L431VCT6_Bossay/Src\gpio.c ****   HAL_GPIO_Init(GPIOE, &GPIO_InitStruct);
 214              		.loc 1 117 3
 215 0150 07F11C03 		add	r3, r7, #28
 216 0154 1946     		mov	r1, r3
 217 0156 2348     		ldr	r0, .L2+8
 218 0158 FFF7FEFF 		bl	HAL_GPIO_Init
 118:d:/LiteOS_Lab/targets/STM32L431VCT6_Bossay/Src\gpio.c **** 
 119:d:/LiteOS_Lab/targets/STM32L431VCT6_Bossay/Src\gpio.c ****   /*Configure GPIO pin : PtPin */
 120:d:/LiteOS_Lab/targets/STM32L431VCT6_Bossay/Src\gpio.c ****   GPIO_InitStruct.Pin = LED_Pin;
 219              		.loc 1 120 23
 220 015c 4FF40053 		mov	r3, #8192
 221 0160 FB61     		str	r3, [r7, #28]
 121:d:/LiteOS_Lab/targets/STM32L431VCT6_Bossay/Src\gpio.c ****   GPIO_InitStruct.Mode = GPIO_MODE_OUTPUT_PP;
 222              		.loc 1 121 24
ARM GAS  C:\Users\ADMINI~1\AppData\Local\Temp\cc7mn6sy.s 			page 7


 223 0162 0123     		movs	r3, #1
 224 0164 3B62     		str	r3, [r7, #32]
 122:d:/LiteOS_Lab/targets/STM32L431VCT6_Bossay/Src\gpio.c ****   GPIO_InitStruct.Pull = GPIO_NOPULL;
 225              		.loc 1 122 24
 226 0166 0023     		movs	r3, #0
 227 0168 7B62     		str	r3, [r7, #36]
 123:d:/LiteOS_Lab/targets/STM32L431VCT6_Bossay/Src\gpio.c ****   GPIO_InitStruct.Speed = GPIO_SPEED_FREQ_LOW;
 228              		.loc 1 123 25
 229 016a 0023     		movs	r3, #0
 230 016c BB62     		str	r3, [r7, #40]
 124:d:/LiteOS_Lab/targets/STM32L431VCT6_Bossay/Src\gpio.c ****   HAL_GPIO_Init(LED_GPIO_Port, &GPIO_InitStruct);
 231              		.loc 1 124 3
 232 016e 07F11C03 		add	r3, r7, #28
 233 0172 1946     		mov	r1, r3
 234 0174 1C48     		ldr	r0, .L2+12
 235 0176 FFF7FEFF 		bl	HAL_GPIO_Init
 125:d:/LiteOS_Lab/targets/STM32L431VCT6_Bossay/Src\gpio.c **** 
 126:d:/LiteOS_Lab/targets/STM32L431VCT6_Bossay/Src\gpio.c ****   /*Configure GPIO pins : PAPin PAPin */
 127:d:/LiteOS_Lab/targets/STM32L431VCT6_Bossay/Src\gpio.c ****   GPIO_InitStruct.Pin = WAN_RESET_Pin|MOTOR_Pin;
 236              		.loc 1 127 23
 237 017a 2123     		movs	r3, #33
 238 017c FB61     		str	r3, [r7, #28]
 128:d:/LiteOS_Lab/targets/STM32L431VCT6_Bossay/Src\gpio.c ****   GPIO_InitStruct.Mode = GPIO_MODE_OUTPUT_PP;
 239              		.loc 1 128 24
 240 017e 0123     		movs	r3, #1
 241 0180 3B62     		str	r3, [r7, #32]
 129:d:/LiteOS_Lab/targets/STM32L431VCT6_Bossay/Src\gpio.c ****   GPIO_InitStruct.Pull = GPIO_NOPULL;
 242              		.loc 1 129 24
 243 0182 0023     		movs	r3, #0
 244 0184 7B62     		str	r3, [r7, #36]
 130:d:/LiteOS_Lab/targets/STM32L431VCT6_Bossay/Src\gpio.c ****   GPIO_InitStruct.Speed = GPIO_SPEED_FREQ_LOW;
 245              		.loc 1 130 25
 246 0186 0023     		movs	r3, #0
 247 0188 BB62     		str	r3, [r7, #40]
 131:d:/LiteOS_Lab/targets/STM32L431VCT6_Bossay/Src\gpio.c ****   HAL_GPIO_Init(GPIOA, &GPIO_InitStruct);
 248              		.loc 1 131 3
 249 018a 07F11C03 		add	r3, r7, #28
 250 018e 1946     		mov	r1, r3
 251 0190 4FF09040 		mov	r0, #1207959552
 252 0194 FFF7FEFF 		bl	HAL_GPIO_Init
 132:d:/LiteOS_Lab/targets/STM32L431VCT6_Bossay/Src\gpio.c **** 
 133:d:/LiteOS_Lab/targets/STM32L431VCT6_Bossay/Src\gpio.c ****   /*Configure GPIO pins : PDPin PDPin PDPin PDPin 
 134:d:/LiteOS_Lab/targets/STM32L431VCT6_Bossay/Src\gpio.c ****                            PDPin PDPin PDPin */
 135:d:/LiteOS_Lab/targets/STM32L431VCT6_Bossay/Src\gpio.c ****   GPIO_InitStruct.Pin = LCD_WR_RS_Pin|LCD_RESET_Pin|LCD_POWER_Pin|RSRV_GPIO1_Pin 
 253              		.loc 1 135 23
 254 0198 4FF45F43 		mov	r3, #57088
 255 019c FB61     		str	r3, [r7, #28]
 136:d:/LiteOS_Lab/targets/STM32L431VCT6_Bossay/Src\gpio.c ****                           |RSRV_GPIO2_Pin|RSRV_GPIO4_Pin|RSRV_GPIO5_Pin;
 137:d:/LiteOS_Lab/targets/STM32L431VCT6_Bossay/Src\gpio.c ****   GPIO_InitStruct.Mode = GPIO_MODE_OUTPUT_PP;
 256              		.loc 1 137 24
 257 019e 0123     		movs	r3, #1
 258 01a0 3B62     		str	r3, [r7, #32]
 138:d:/LiteOS_Lab/targets/STM32L431VCT6_Bossay/Src\gpio.c ****   GPIO_InitStruct.Pull = GPIO_NOPULL;
 259              		.loc 1 138 24
 260 01a2 0023     		movs	r3, #0
 261 01a4 7B62     		str	r3, [r7, #36]
 139:d:/LiteOS_Lab/targets/STM32L431VCT6_Bossay/Src\gpio.c ****   GPIO_InitStruct.Speed = GPIO_SPEED_FREQ_LOW;
ARM GAS  C:\Users\ADMINI~1\AppData\Local\Temp\cc7mn6sy.s 			page 8


 262              		.loc 1 139 25
 263 01a6 0023     		movs	r3, #0
 264 01a8 BB62     		str	r3, [r7, #40]
 140:d:/LiteOS_Lab/targets/STM32L431VCT6_Bossay/Src\gpio.c ****   HAL_GPIO_Init(GPIOD, &GPIO_InitStruct);
 265              		.loc 1 140 3
 266 01aa 07F11C03 		add	r3, r7, #28
 267 01ae 1946     		mov	r1, r3
 268 01b0 0E48     		ldr	r0, .L2+16
 269 01b2 FFF7FEFF 		bl	HAL_GPIO_Init
 141:d:/LiteOS_Lab/targets/STM32L431VCT6_Bossay/Src\gpio.c **** 
 142:d:/LiteOS_Lab/targets/STM32L431VCT6_Bossay/Src\gpio.c ****   /*Configure GPIO pin : PtPin */
 143:d:/LiteOS_Lab/targets/STM32L431VCT6_Bossay/Src\gpio.c ****   GPIO_InitStruct.Pin = RSRV_GPIO3_Pin;
 270              		.loc 1 143 23
 271 01b6 4FF48073 		mov	r3, #256
 272 01ba FB61     		str	r3, [r7, #28]
 144:d:/LiteOS_Lab/targets/STM32L431VCT6_Bossay/Src\gpio.c ****   GPIO_InitStruct.Mode = GPIO_MODE_OUTPUT_PP;
 273              		.loc 1 144 24
 274 01bc 0123     		movs	r3, #1
 275 01be 3B62     		str	r3, [r7, #32]
 145:d:/LiteOS_Lab/targets/STM32L431VCT6_Bossay/Src\gpio.c ****   GPIO_InitStruct.Pull = GPIO_NOPULL;
 276              		.loc 1 145 24
 277 01c0 0023     		movs	r3, #0
 278 01c2 7B62     		str	r3, [r7, #36]
 146:d:/LiteOS_Lab/targets/STM32L431VCT6_Bossay/Src\gpio.c ****   GPIO_InitStruct.Speed = GPIO_SPEED_FREQ_LOW;
 279              		.loc 1 146 25
 280 01c4 0023     		movs	r3, #0
 281 01c6 BB62     		str	r3, [r7, #40]
 147:d:/LiteOS_Lab/targets/STM32L431VCT6_Bossay/Src\gpio.c ****   HAL_GPIO_Init(RSRV_GPIO3_GPIO_Port, &GPIO_InitStruct);
 282              		.loc 1 147 3
 283 01c8 07F11C03 		add	r3, r7, #28
 284 01cc 1946     		mov	r1, r3
 285 01ce 0848     		ldr	r0, .L2+20
 286 01d0 FFF7FEFF 		bl	HAL_GPIO_Init
 148:d:/LiteOS_Lab/targets/STM32L431VCT6_Bossay/Src\gpio.c **** 	
 149:d:/LiteOS_Lab/targets/STM32L431VCT6_Bossay/Src\gpio.c **** }
 287              		.loc 1 149 1
 288 01d4 00BF     		nop
 289 01d6 3037     		adds	r7, r7, #48
 290              	.LCFI3:
 291              		.cfi_def_cfa_offset 8
 292 01d8 BD46     		mov	sp, r7
 293              	.LCFI4:
 294              		.cfi_def_cfa_register 13
 295              		@ sp needed
 296 01da 80BD     		pop	{r7, pc}
 297              	.L3:
 298              		.align	2
 299              	.L2:
 300 01dc 00100240 		.word	1073876992
 301 01e0 00002110 		.word	270598144
 302 01e4 00100048 		.word	1207963648
 303 01e8 00080048 		.word	1207961600
 304 01ec 000C0048 		.word	1207962624
 305 01f0 00040048 		.word	1207960576
 306 01f4 00001110 		.word	269549568
 307              		.cfi_endproc
 308              	.LFE287:
ARM GAS  C:\Users\ADMINI~1\AppData\Local\Temp\cc7mn6sy.s 			page 9


 310              		.text
 311              	.Letext0:
 312              		.file 2 "c:\\users\\administrator\\.huawei-liteos-studio\\tools\\arm-none-eabi\\arm-none-eabi\\inc
 313              		.file 3 "c:\\users\\administrator\\.huawei-liteos-studio\\tools\\arm-none-eabi\\arm-none-eabi\\inc
 314              		.file 4 "c:\\users\\administrator\\.huawei-liteos-studio\\tools\\arm-none-eabi\\arm-none-eabi\\inc
 315              		.file 5 "c:\\users\\administrator\\.huawei-liteos-studio\\tools\\arm-none-eabi\\lib\\gcc\\arm-none
 316              		.file 6 "c:\\users\\administrator\\.huawei-liteos-studio\\tools\\arm-none-eabi\\arm-none-eabi\\inc
 317              		.file 7 "d:/LiteOS_Lab/iot_link/os/liteos/include/los_typedef.h"
 318              		.file 8 "c:\\users\\administrator\\.huawei-liteos-studio\\tools\\arm-none-eabi\\arm-none-eabi\\inc
 319              		.file 9 "d:/LiteOS_Lab/iot_link/os/liteos/arch/arm/common/cmsis/core_cm4.h"
 320              		.file 10 "d:/LiteOS_Lab/targets/STM32L431VCT6_Bossay/Inc/system_stm32l4xx.h"
 321              		.file 11 "d:/LiteOS_Lab/targets/STM32L431VCT6_Bossay/Inc/stm32l431xx.h"
 322              		.file 12 "d:/LiteOS_Lab/iot_link/os/liteos/include/los_config.h"
 323              		.file 13 "d:/LiteOS_Lab/iot_link/os/liteos/include/los_err.h"
 324              		.file 14 "d:/LiteOS_Lab/iot_link/os/liteos/arch/arm/arm-m/include/los_hwi.h"
 325              		.file 15 "d:/LiteOS_Lab/drivers/third_party/ST/STM32L4xx_HAL_Driver/Inc/stm32l4xx_hal_gpio.h"
ARM GAS  C:\Users\ADMINI~1\AppData\Local\Temp\cc7mn6sy.s 			page 10


DEFINED SYMBOLS
                            *ABS*:00000000 gpio.c
C:\Users\ADMINI~1\AppData\Local\Temp\cc7mn6sy.s:18     .text.MX_GPIO_Init:00000000 $t
C:\Users\ADMINI~1\AppData\Local\Temp\cc7mn6sy.s:26     .text.MX_GPIO_Init:00000000 MX_GPIO_Init
C:\Users\ADMINI~1\AppData\Local\Temp\cc7mn6sy.s:300    .text.MX_GPIO_Init:000001dc $d

UNDEFINED SYMBOLS
HAL_GPIO_WritePin
HAL_GPIO_Init
