ARM GAS  C:\Users\ADMINI~1\AppData\Local\Temp\ccIqJUw4.s 			page 1


   1              		.cpu cortex-m4
   2              		.eabi_attribute 27, 1
   3              		.eabi_attribute 28, 1
   4              		.eabi_attribute 20, 1
   5              		.eabi_attribute 21, 1
   6              		.eabi_attribute 23, 3
   7              		.eabi_attribute 24, 1
   8              		.eabi_attribute 25, 1
   9              		.eabi_attribute 26, 1
  10              		.eabi_attribute 30, 6
  11              		.eabi_attribute 34, 1
  12              		.eabi_attribute 18, 4
  13              		.file	"system_stm32l4xx.c"
  14              		.text
  15              	.Ltext0:
  16              		.cfi_sections	.debug_frame
  17              		.global	SystemCoreClock
  18              		.section	.data.SystemCoreClock,"aw"
  19              		.align	2
  22              	SystemCoreClock:
  23 0000 00093D00 		.word	4000000
  24              		.global	AHBPrescTable
  25              		.section	.rodata.AHBPrescTable,"a"
  26              		.align	2
  29              	AHBPrescTable:
  30 0000 00000000 		.ascii	"\000\000\000\000\000\000\000\000\001\002\003\004\006"
  30      00000000 
  30      01020304 
  30      06
  31 000d 070809   		.ascii	"\007\010\011"
  32              		.global	APBPrescTable
  33              		.section	.rodata.APBPrescTable,"a"
  34              		.align	2
  37              	APBPrescTable:
  38 0000 00000000 		.ascii	"\000\000\000\000\001\002\003\004"
  38      01020304 
  39              		.global	MSIRangeTable
  40              		.section	.rodata.MSIRangeTable,"a"
  41              		.align	2
  44              	MSIRangeTable:
  45 0000 A0860100 		.word	100000
  46 0004 400D0300 		.word	200000
  47 0008 801A0600 		.word	400000
  48 000c 00350C00 		.word	800000
  49 0010 40420F00 		.word	1000000
  50 0014 80841E00 		.word	2000000
  51 0018 00093D00 		.word	4000000
  52 001c 00127A00 		.word	8000000
  53 0020 0024F400 		.word	16000000
  54 0024 00366E01 		.word	24000000
  55 0028 0048E801 		.word	32000000
  56 002c 006CDC02 		.word	48000000
  57              		.section	.text.SystemInit,"ax",%progbits
  58              		.align	1
  59              		.global	SystemInit
  60              		.arch armv7e-m
  61              		.syntax unified
ARM GAS  C:\Users\ADMINI~1\AppData\Local\Temp\ccIqJUw4.s 			page 2


  62              		.thumb
  63              		.thumb_func
  64              		.fpu fpv4-sp-d16
  66              	SystemInit:
  67              	.LFB287:
  68              		.file 1 "d:/LiteOS_Lab/targets/STM32L431VCT6_Bossay/Src/system_stm32l4xx.c"
   1:d:/LiteOS_Lab/targets/STM32L431VCT6_Bossay/Src\system_stm32l4xx.c **** /**
   2:d:/LiteOS_Lab/targets/STM32L431VCT6_Bossay/Src\system_stm32l4xx.c ****   ******************************************************************************
   3:d:/LiteOS_Lab/targets/STM32L431VCT6_Bossay/Src\system_stm32l4xx.c ****   * @file    system_stm32l4xx.c
   4:d:/LiteOS_Lab/targets/STM32L431VCT6_Bossay/Src\system_stm32l4xx.c ****   * @author  MCD Application Team
   5:d:/LiteOS_Lab/targets/STM32L431VCT6_Bossay/Src\system_stm32l4xx.c ****   * @brief   CMSIS Cortex-M4 Device Peripheral Access Layer System Source File
   6:d:/LiteOS_Lab/targets/STM32L431VCT6_Bossay/Src\system_stm32l4xx.c ****   *
   7:d:/LiteOS_Lab/targets/STM32L431VCT6_Bossay/Src\system_stm32l4xx.c ****   *   This file provides two functions and one global variable to be called from
   8:d:/LiteOS_Lab/targets/STM32L431VCT6_Bossay/Src\system_stm32l4xx.c ****   *   user application:
   9:d:/LiteOS_Lab/targets/STM32L431VCT6_Bossay/Src\system_stm32l4xx.c ****   *      - SystemInit(): This function is called at startup just after reset and
  10:d:/LiteOS_Lab/targets/STM32L431VCT6_Bossay/Src\system_stm32l4xx.c ****   *                      before branch to main program. This call is made inside
  11:d:/LiteOS_Lab/targets/STM32L431VCT6_Bossay/Src\system_stm32l4xx.c ****   *                      the "startup_stm32l4xx.s" file.
  12:d:/LiteOS_Lab/targets/STM32L431VCT6_Bossay/Src\system_stm32l4xx.c ****   *
  13:d:/LiteOS_Lab/targets/STM32L431VCT6_Bossay/Src\system_stm32l4xx.c ****   *      - SystemCoreClock variable: Contains the core clock (HCLK), it can be used
  14:d:/LiteOS_Lab/targets/STM32L431VCT6_Bossay/Src\system_stm32l4xx.c ****   *                                  by the user application to setup the SysTick
  15:d:/LiteOS_Lab/targets/STM32L431VCT6_Bossay/Src\system_stm32l4xx.c ****   *                                  timer or configure other parameters.
  16:d:/LiteOS_Lab/targets/STM32L431VCT6_Bossay/Src\system_stm32l4xx.c ****   *
  17:d:/LiteOS_Lab/targets/STM32L431VCT6_Bossay/Src\system_stm32l4xx.c ****   *      - SystemCoreClockUpdate(): Updates the variable SystemCoreClock and must
  18:d:/LiteOS_Lab/targets/STM32L431VCT6_Bossay/Src\system_stm32l4xx.c ****   *                                 be called whenever the core clock is changed
  19:d:/LiteOS_Lab/targets/STM32L431VCT6_Bossay/Src\system_stm32l4xx.c ****   *                                 during program execution.
  20:d:/LiteOS_Lab/targets/STM32L431VCT6_Bossay/Src\system_stm32l4xx.c ****   *
  21:d:/LiteOS_Lab/targets/STM32L431VCT6_Bossay/Src\system_stm32l4xx.c ****   *   After each device reset the MSI (4 MHz) is used as system clock source.
  22:d:/LiteOS_Lab/targets/STM32L431VCT6_Bossay/Src\system_stm32l4xx.c ****   *   Then SystemInit() function is called, in "startup_stm32l4xx.s" file, to
  23:d:/LiteOS_Lab/targets/STM32L431VCT6_Bossay/Src\system_stm32l4xx.c ****   *   configure the system clock before to branch to main program.
  24:d:/LiteOS_Lab/targets/STM32L431VCT6_Bossay/Src\system_stm32l4xx.c ****   *
  25:d:/LiteOS_Lab/targets/STM32L431VCT6_Bossay/Src\system_stm32l4xx.c ****   *   This file configures the system clock as follows:
  26:d:/LiteOS_Lab/targets/STM32L431VCT6_Bossay/Src\system_stm32l4xx.c ****   *=============================================================================
  27:d:/LiteOS_Lab/targets/STM32L431VCT6_Bossay/Src\system_stm32l4xx.c ****   *-----------------------------------------------------------------------------
  28:d:/LiteOS_Lab/targets/STM32L431VCT6_Bossay/Src\system_stm32l4xx.c ****   *        System Clock source                    | MSI
  29:d:/LiteOS_Lab/targets/STM32L431VCT6_Bossay/Src\system_stm32l4xx.c ****   *-----------------------------------------------------------------------------
  30:d:/LiteOS_Lab/targets/STM32L431VCT6_Bossay/Src\system_stm32l4xx.c ****   *        SYSCLK(Hz)                             | 4000000
  31:d:/LiteOS_Lab/targets/STM32L431VCT6_Bossay/Src\system_stm32l4xx.c ****   *-----------------------------------------------------------------------------
  32:d:/LiteOS_Lab/targets/STM32L431VCT6_Bossay/Src\system_stm32l4xx.c ****   *        HCLK(Hz)                               | 4000000
  33:d:/LiteOS_Lab/targets/STM32L431VCT6_Bossay/Src\system_stm32l4xx.c ****   *-----------------------------------------------------------------------------
  34:d:/LiteOS_Lab/targets/STM32L431VCT6_Bossay/Src\system_stm32l4xx.c ****   *        AHB Prescaler                          | 1
  35:d:/LiteOS_Lab/targets/STM32L431VCT6_Bossay/Src\system_stm32l4xx.c ****   *-----------------------------------------------------------------------------
  36:d:/LiteOS_Lab/targets/STM32L431VCT6_Bossay/Src\system_stm32l4xx.c ****   *        APB1 Prescaler                         | 1
  37:d:/LiteOS_Lab/targets/STM32L431VCT6_Bossay/Src\system_stm32l4xx.c ****   *-----------------------------------------------------------------------------
  38:d:/LiteOS_Lab/targets/STM32L431VCT6_Bossay/Src\system_stm32l4xx.c ****   *        APB2 Prescaler                         | 1
  39:d:/LiteOS_Lab/targets/STM32L431VCT6_Bossay/Src\system_stm32l4xx.c ****   *-----------------------------------------------------------------------------
  40:d:/LiteOS_Lab/targets/STM32L431VCT6_Bossay/Src\system_stm32l4xx.c ****   *        PLL_M                                  | 1
  41:d:/LiteOS_Lab/targets/STM32L431VCT6_Bossay/Src\system_stm32l4xx.c ****   *-----------------------------------------------------------------------------
  42:d:/LiteOS_Lab/targets/STM32L431VCT6_Bossay/Src\system_stm32l4xx.c ****   *        PLL_N                                  | 8
  43:d:/LiteOS_Lab/targets/STM32L431VCT6_Bossay/Src\system_stm32l4xx.c ****   *-----------------------------------------------------------------------------
  44:d:/LiteOS_Lab/targets/STM32L431VCT6_Bossay/Src\system_stm32l4xx.c ****   *        PLL_P                                  | 7
  45:d:/LiteOS_Lab/targets/STM32L431VCT6_Bossay/Src\system_stm32l4xx.c ****   *-----------------------------------------------------------------------------
  46:d:/LiteOS_Lab/targets/STM32L431VCT6_Bossay/Src\system_stm32l4xx.c ****   *        PLL_Q                                  | 2
  47:d:/LiteOS_Lab/targets/STM32L431VCT6_Bossay/Src\system_stm32l4xx.c ****   *-----------------------------------------------------------------------------
  48:d:/LiteOS_Lab/targets/STM32L431VCT6_Bossay/Src\system_stm32l4xx.c ****   *        PLL_R                                  | 2
  49:d:/LiteOS_Lab/targets/STM32L431VCT6_Bossay/Src\system_stm32l4xx.c ****   *-----------------------------------------------------------------------------
  50:d:/LiteOS_Lab/targets/STM32L431VCT6_Bossay/Src\system_stm32l4xx.c ****   *        PLLSAI1_P                              | NA
  51:d:/LiteOS_Lab/targets/STM32L431VCT6_Bossay/Src\system_stm32l4xx.c ****   *-----------------------------------------------------------------------------
ARM GAS  C:\Users\ADMINI~1\AppData\Local\Temp\ccIqJUw4.s 			page 3


  52:d:/LiteOS_Lab/targets/STM32L431VCT6_Bossay/Src\system_stm32l4xx.c ****   *        PLLSAI1_Q                              | NA
  53:d:/LiteOS_Lab/targets/STM32L431VCT6_Bossay/Src\system_stm32l4xx.c ****   *-----------------------------------------------------------------------------
  54:d:/LiteOS_Lab/targets/STM32L431VCT6_Bossay/Src\system_stm32l4xx.c ****   *        PLLSAI1_R                              | NA
  55:d:/LiteOS_Lab/targets/STM32L431VCT6_Bossay/Src\system_stm32l4xx.c ****   *-----------------------------------------------------------------------------
  56:d:/LiteOS_Lab/targets/STM32L431VCT6_Bossay/Src\system_stm32l4xx.c ****   *        PLLSAI2_P                              | NA
  57:d:/LiteOS_Lab/targets/STM32L431VCT6_Bossay/Src\system_stm32l4xx.c ****   *-----------------------------------------------------------------------------
  58:d:/LiteOS_Lab/targets/STM32L431VCT6_Bossay/Src\system_stm32l4xx.c ****   *        PLLSAI2_Q                              | NA
  59:d:/LiteOS_Lab/targets/STM32L431VCT6_Bossay/Src\system_stm32l4xx.c ****   *-----------------------------------------------------------------------------
  60:d:/LiteOS_Lab/targets/STM32L431VCT6_Bossay/Src\system_stm32l4xx.c ****   *        PLLSAI2_R                              | NA
  61:d:/LiteOS_Lab/targets/STM32L431VCT6_Bossay/Src\system_stm32l4xx.c ****   *-----------------------------------------------------------------------------
  62:d:/LiteOS_Lab/targets/STM32L431VCT6_Bossay/Src\system_stm32l4xx.c ****   *        Require 48MHz for USB OTG FS,          | Disabled
  63:d:/LiteOS_Lab/targets/STM32L431VCT6_Bossay/Src\system_stm32l4xx.c ****   *        SDIO and RNG clock                     |
  64:d:/LiteOS_Lab/targets/STM32L431VCT6_Bossay/Src\system_stm32l4xx.c ****   *-----------------------------------------------------------------------------
  65:d:/LiteOS_Lab/targets/STM32L431VCT6_Bossay/Src\system_stm32l4xx.c ****   *=============================================================================
  66:d:/LiteOS_Lab/targets/STM32L431VCT6_Bossay/Src\system_stm32l4xx.c ****   ******************************************************************************
  67:d:/LiteOS_Lab/targets/STM32L431VCT6_Bossay/Src\system_stm32l4xx.c ****   * @attention
  68:d:/LiteOS_Lab/targets/STM32L431VCT6_Bossay/Src\system_stm32l4xx.c ****   *
  69:d:/LiteOS_Lab/targets/STM32L431VCT6_Bossay/Src\system_stm32l4xx.c ****   * <h2><center>&copy; COPYRIGHT(c) 2017 STMicroelectronics</center></h2>
  70:d:/LiteOS_Lab/targets/STM32L431VCT6_Bossay/Src\system_stm32l4xx.c ****   *
  71:d:/LiteOS_Lab/targets/STM32L431VCT6_Bossay/Src\system_stm32l4xx.c ****   * Redistribution and use in source and binary forms, with or without modification,
  72:d:/LiteOS_Lab/targets/STM32L431VCT6_Bossay/Src\system_stm32l4xx.c ****   * are permitted provided that the following conditions are met:
  73:d:/LiteOS_Lab/targets/STM32L431VCT6_Bossay/Src\system_stm32l4xx.c ****   *   1. Redistributions of source code must retain the above copyright notice,
  74:d:/LiteOS_Lab/targets/STM32L431VCT6_Bossay/Src\system_stm32l4xx.c ****   *      this list of conditions and the following disclaimer.
  75:d:/LiteOS_Lab/targets/STM32L431VCT6_Bossay/Src\system_stm32l4xx.c ****   *   2. Redistributions in binary form must reproduce the above copyright notice,
  76:d:/LiteOS_Lab/targets/STM32L431VCT6_Bossay/Src\system_stm32l4xx.c ****   *      this list of conditions and the following disclaimer in the documentation
  77:d:/LiteOS_Lab/targets/STM32L431VCT6_Bossay/Src\system_stm32l4xx.c ****   *      and/or other materials provided with the distribution.
  78:d:/LiteOS_Lab/targets/STM32L431VCT6_Bossay/Src\system_stm32l4xx.c ****   *   3. Neither the name of STMicroelectronics nor the names of its contributors
  79:d:/LiteOS_Lab/targets/STM32L431VCT6_Bossay/Src\system_stm32l4xx.c ****   *      may be used to endorse or promote products derived from this software
  80:d:/LiteOS_Lab/targets/STM32L431VCT6_Bossay/Src\system_stm32l4xx.c ****   *      without specific prior written permission.
  81:d:/LiteOS_Lab/targets/STM32L431VCT6_Bossay/Src\system_stm32l4xx.c ****   *
  82:d:/LiteOS_Lab/targets/STM32L431VCT6_Bossay/Src\system_stm32l4xx.c ****   * THIS SOFTWARE IS PROVIDED BY THE COPYRIGHT HOLDERS AND CONTRIBUTORS "AS IS"
  83:d:/LiteOS_Lab/targets/STM32L431VCT6_Bossay/Src\system_stm32l4xx.c ****   * AND ANY EXPRESS OR IMPLIED WARRANTIES, INCLUDING, BUT NOT LIMITED TO, THE
  84:d:/LiteOS_Lab/targets/STM32L431VCT6_Bossay/Src\system_stm32l4xx.c ****   * IMPLIED WARRANTIES OF MERCHANTABILITY AND FITNESS FOR A PARTICULAR PURPOSE ARE
  85:d:/LiteOS_Lab/targets/STM32L431VCT6_Bossay/Src\system_stm32l4xx.c ****   * DISCLAIMED. IN NO EVENT SHALL THE COPYRIGHT HOLDER OR CONTRIBUTORS BE LIABLE
  86:d:/LiteOS_Lab/targets/STM32L431VCT6_Bossay/Src\system_stm32l4xx.c ****   * FOR ANY DIRECT, INDIRECT, INCIDENTAL, SPECIAL, EXEMPLARY, OR CONSEQUENTIAL
  87:d:/LiteOS_Lab/targets/STM32L431VCT6_Bossay/Src\system_stm32l4xx.c ****   * DAMAGES (INCLUDING, BUT NOT LIMITED TO, PROCUREMENT OF SUBSTITUTE GOODS OR
  88:d:/LiteOS_Lab/targets/STM32L431VCT6_Bossay/Src\system_stm32l4xx.c ****   * SERVICES; LOSS OF USE, DATA, OR PROFITS; OR BUSINESS INTERRUPTION) HOWEVER
  89:d:/LiteOS_Lab/targets/STM32L431VCT6_Bossay/Src\system_stm32l4xx.c ****   * CAUSED AND ON ANY THEORY OF LIABILITY, WHETHER IN CONTRACT, STRICT LIABILITY,
  90:d:/LiteOS_Lab/targets/STM32L431VCT6_Bossay/Src\system_stm32l4xx.c ****   * OR TORT (INCLUDING NEGLIGENCE OR OTHERWISE) ARISING IN ANY WAY OUT OF THE USE
  91:d:/LiteOS_Lab/targets/STM32L431VCT6_Bossay/Src\system_stm32l4xx.c ****   * OF THIS SOFTWARE, EVEN IF ADVISED OF THE POSSIBILITY OF SUCH DAMAGE.
  92:d:/LiteOS_Lab/targets/STM32L431VCT6_Bossay/Src\system_stm32l4xx.c ****   *
  93:d:/LiteOS_Lab/targets/STM32L431VCT6_Bossay/Src\system_stm32l4xx.c ****   ******************************************************************************
  94:d:/LiteOS_Lab/targets/STM32L431VCT6_Bossay/Src\system_stm32l4xx.c ****   */
  95:d:/LiteOS_Lab/targets/STM32L431VCT6_Bossay/Src\system_stm32l4xx.c **** 
  96:d:/LiteOS_Lab/targets/STM32L431VCT6_Bossay/Src\system_stm32l4xx.c **** /** @addtogroup CMSIS
  97:d:/LiteOS_Lab/targets/STM32L431VCT6_Bossay/Src\system_stm32l4xx.c ****   * @{
  98:d:/LiteOS_Lab/targets/STM32L431VCT6_Bossay/Src\system_stm32l4xx.c ****   */
  99:d:/LiteOS_Lab/targets/STM32L431VCT6_Bossay/Src\system_stm32l4xx.c **** 
 100:d:/LiteOS_Lab/targets/STM32L431VCT6_Bossay/Src\system_stm32l4xx.c **** /** @addtogroup stm32l4xx_system
 101:d:/LiteOS_Lab/targets/STM32L431VCT6_Bossay/Src\system_stm32l4xx.c ****   * @{
 102:d:/LiteOS_Lab/targets/STM32L431VCT6_Bossay/Src\system_stm32l4xx.c ****   */
 103:d:/LiteOS_Lab/targets/STM32L431VCT6_Bossay/Src\system_stm32l4xx.c **** 
 104:d:/LiteOS_Lab/targets/STM32L431VCT6_Bossay/Src\system_stm32l4xx.c **** /** @addtogroup STM32L4xx_System_Private_Includes
 105:d:/LiteOS_Lab/targets/STM32L431VCT6_Bossay/Src\system_stm32l4xx.c ****   * @{
 106:d:/LiteOS_Lab/targets/STM32L431VCT6_Bossay/Src\system_stm32l4xx.c ****   */
 107:d:/LiteOS_Lab/targets/STM32L431VCT6_Bossay/Src\system_stm32l4xx.c **** 
 108:d:/LiteOS_Lab/targets/STM32L431VCT6_Bossay/Src\system_stm32l4xx.c **** #include "stm32l4xx.h"
ARM GAS  C:\Users\ADMINI~1\AppData\Local\Temp\ccIqJUw4.s 			page 4


 109:d:/LiteOS_Lab/targets/STM32L431VCT6_Bossay/Src\system_stm32l4xx.c **** 
 110:d:/LiteOS_Lab/targets/STM32L431VCT6_Bossay/Src\system_stm32l4xx.c **** #if !defined  (HSE_VALUE)
 111:d:/LiteOS_Lab/targets/STM32L431VCT6_Bossay/Src\system_stm32l4xx.c ****   #define HSE_VALUE    8000000U  /*!< Value of the External oscillator in Hz */
 112:d:/LiteOS_Lab/targets/STM32L431VCT6_Bossay/Src\system_stm32l4xx.c **** #endif /* HSE_VALUE */
 113:d:/LiteOS_Lab/targets/STM32L431VCT6_Bossay/Src\system_stm32l4xx.c **** 
 114:d:/LiteOS_Lab/targets/STM32L431VCT6_Bossay/Src\system_stm32l4xx.c **** #if !defined  (MSI_VALUE)
 115:d:/LiteOS_Lab/targets/STM32L431VCT6_Bossay/Src\system_stm32l4xx.c ****   #define MSI_VALUE    4000000U  /*!< Value of the Internal oscillator in Hz*/
 116:d:/LiteOS_Lab/targets/STM32L431VCT6_Bossay/Src\system_stm32l4xx.c **** #endif /* MSI_VALUE */
 117:d:/LiteOS_Lab/targets/STM32L431VCT6_Bossay/Src\system_stm32l4xx.c **** 
 118:d:/LiteOS_Lab/targets/STM32L431VCT6_Bossay/Src\system_stm32l4xx.c **** #if !defined  (HSI_VALUE)
 119:d:/LiteOS_Lab/targets/STM32L431VCT6_Bossay/Src\system_stm32l4xx.c ****   #define HSI_VALUE    16000000U /*!< Value of the Internal oscillator in Hz*/
 120:d:/LiteOS_Lab/targets/STM32L431VCT6_Bossay/Src\system_stm32l4xx.c **** #endif /* HSI_VALUE */
 121:d:/LiteOS_Lab/targets/STM32L431VCT6_Bossay/Src\system_stm32l4xx.c **** 
 122:d:/LiteOS_Lab/targets/STM32L431VCT6_Bossay/Src\system_stm32l4xx.c **** /**
 123:d:/LiteOS_Lab/targets/STM32L431VCT6_Bossay/Src\system_stm32l4xx.c ****   * @}
 124:d:/LiteOS_Lab/targets/STM32L431VCT6_Bossay/Src\system_stm32l4xx.c ****   */
 125:d:/LiteOS_Lab/targets/STM32L431VCT6_Bossay/Src\system_stm32l4xx.c **** 
 126:d:/LiteOS_Lab/targets/STM32L431VCT6_Bossay/Src\system_stm32l4xx.c **** /** @addtogroup STM32L4xx_System_Private_TypesDefinitions
 127:d:/LiteOS_Lab/targets/STM32L431VCT6_Bossay/Src\system_stm32l4xx.c ****   * @{
 128:d:/LiteOS_Lab/targets/STM32L431VCT6_Bossay/Src\system_stm32l4xx.c ****   */
 129:d:/LiteOS_Lab/targets/STM32L431VCT6_Bossay/Src\system_stm32l4xx.c **** 
 130:d:/LiteOS_Lab/targets/STM32L431VCT6_Bossay/Src\system_stm32l4xx.c **** /**
 131:d:/LiteOS_Lab/targets/STM32L431VCT6_Bossay/Src\system_stm32l4xx.c ****   * @}
 132:d:/LiteOS_Lab/targets/STM32L431VCT6_Bossay/Src\system_stm32l4xx.c ****   */
 133:d:/LiteOS_Lab/targets/STM32L431VCT6_Bossay/Src\system_stm32l4xx.c **** 
 134:d:/LiteOS_Lab/targets/STM32L431VCT6_Bossay/Src\system_stm32l4xx.c **** /** @addtogroup STM32L4xx_System_Private_Defines
 135:d:/LiteOS_Lab/targets/STM32L431VCT6_Bossay/Src\system_stm32l4xx.c ****   * @{
 136:d:/LiteOS_Lab/targets/STM32L431VCT6_Bossay/Src\system_stm32l4xx.c ****   */
 137:d:/LiteOS_Lab/targets/STM32L431VCT6_Bossay/Src\system_stm32l4xx.c **** 
 138:d:/LiteOS_Lab/targets/STM32L431VCT6_Bossay/Src\system_stm32l4xx.c **** /************************* Miscellaneous Configuration ************************/
 139:d:/LiteOS_Lab/targets/STM32L431VCT6_Bossay/Src\system_stm32l4xx.c **** /*!< Uncomment the following line if you need to relocate your vector Table in
 140:d:/LiteOS_Lab/targets/STM32L431VCT6_Bossay/Src\system_stm32l4xx.c ****      Internal SRAM. */
 141:d:/LiteOS_Lab/targets/STM32L431VCT6_Bossay/Src\system_stm32l4xx.c **** /* #define VECT_TAB_SRAM */
 142:d:/LiteOS_Lab/targets/STM32L431VCT6_Bossay/Src\system_stm32l4xx.c **** #define VECT_TAB_OFFSET  0x10000 /*!< Vector Table base offset field.
 143:d:/LiteOS_Lab/targets/STM32L431VCT6_Bossay/Src\system_stm32l4xx.c ****                                    This value must be a multiple of 0x200. */
 144:d:/LiteOS_Lab/targets/STM32L431VCT6_Bossay/Src\system_stm32l4xx.c **** /******************************************************************************/
 145:d:/LiteOS_Lab/targets/STM32L431VCT6_Bossay/Src\system_stm32l4xx.c **** /**
 146:d:/LiteOS_Lab/targets/STM32L431VCT6_Bossay/Src\system_stm32l4xx.c ****   * @}
 147:d:/LiteOS_Lab/targets/STM32L431VCT6_Bossay/Src\system_stm32l4xx.c ****   */
 148:d:/LiteOS_Lab/targets/STM32L431VCT6_Bossay/Src\system_stm32l4xx.c **** 
 149:d:/LiteOS_Lab/targets/STM32L431VCT6_Bossay/Src\system_stm32l4xx.c **** /** @addtogroup STM32L4xx_System_Private_Macros
 150:d:/LiteOS_Lab/targets/STM32L431VCT6_Bossay/Src\system_stm32l4xx.c ****   * @{
 151:d:/LiteOS_Lab/targets/STM32L431VCT6_Bossay/Src\system_stm32l4xx.c ****   */
 152:d:/LiteOS_Lab/targets/STM32L431VCT6_Bossay/Src\system_stm32l4xx.c **** 
 153:d:/LiteOS_Lab/targets/STM32L431VCT6_Bossay/Src\system_stm32l4xx.c **** /**
 154:d:/LiteOS_Lab/targets/STM32L431VCT6_Bossay/Src\system_stm32l4xx.c ****   * @}
 155:d:/LiteOS_Lab/targets/STM32L431VCT6_Bossay/Src\system_stm32l4xx.c ****   */
 156:d:/LiteOS_Lab/targets/STM32L431VCT6_Bossay/Src\system_stm32l4xx.c **** 
 157:d:/LiteOS_Lab/targets/STM32L431VCT6_Bossay/Src\system_stm32l4xx.c **** /** @addtogroup STM32L4xx_System_Private_Variables
 158:d:/LiteOS_Lab/targets/STM32L431VCT6_Bossay/Src\system_stm32l4xx.c ****   * @{
 159:d:/LiteOS_Lab/targets/STM32L431VCT6_Bossay/Src\system_stm32l4xx.c ****   */
 160:d:/LiteOS_Lab/targets/STM32L431VCT6_Bossay/Src\system_stm32l4xx.c ****   /* The SystemCoreClock variable is updated in three ways:
 161:d:/LiteOS_Lab/targets/STM32L431VCT6_Bossay/Src\system_stm32l4xx.c ****       1) by calling CMSIS function SystemCoreClockUpdate()
 162:d:/LiteOS_Lab/targets/STM32L431VCT6_Bossay/Src\system_stm32l4xx.c ****       2) by calling HAL API function HAL_RCC_GetHCLKFreq()
 163:d:/LiteOS_Lab/targets/STM32L431VCT6_Bossay/Src\system_stm32l4xx.c ****       3) each time HAL_RCC_ClockConfig() is called to configure the system clock frequency
 164:d:/LiteOS_Lab/targets/STM32L431VCT6_Bossay/Src\system_stm32l4xx.c ****          Note: If you use this function to configure the system clock; then there
 165:d:/LiteOS_Lab/targets/STM32L431VCT6_Bossay/Src\system_stm32l4xx.c ****                is no need to call the 2 first functions listed above, since SystemCoreClock
ARM GAS  C:\Users\ADMINI~1\AppData\Local\Temp\ccIqJUw4.s 			page 5


 166:d:/LiteOS_Lab/targets/STM32L431VCT6_Bossay/Src\system_stm32l4xx.c ****                variable is updated automatically.
 167:d:/LiteOS_Lab/targets/STM32L431VCT6_Bossay/Src\system_stm32l4xx.c ****   */
 168:d:/LiteOS_Lab/targets/STM32L431VCT6_Bossay/Src\system_stm32l4xx.c ****   uint32_t SystemCoreClock = 4000000U;
 169:d:/LiteOS_Lab/targets/STM32L431VCT6_Bossay/Src\system_stm32l4xx.c **** 
 170:d:/LiteOS_Lab/targets/STM32L431VCT6_Bossay/Src\system_stm32l4xx.c ****   const uint8_t  AHBPrescTable[16] = {0U, 0U, 0U, 0U, 0U, 0U, 0U, 0U, 1U, 2U, 3U, 4U, 6U, 7U, 8U, 9
 171:d:/LiteOS_Lab/targets/STM32L431VCT6_Bossay/Src\system_stm32l4xx.c ****   const uint8_t  APBPrescTable[8] =  {0U, 0U, 0U, 0U, 1U, 2U, 3U, 4U};
 172:d:/LiteOS_Lab/targets/STM32L431VCT6_Bossay/Src\system_stm32l4xx.c ****   const uint32_t MSIRangeTable[12] = {100000U,   200000U,   400000U,   800000U,  1000000U,  2000000
 173:d:/LiteOS_Lab/targets/STM32L431VCT6_Bossay/Src\system_stm32l4xx.c ****                                       4000000U, 8000000U, 16000000U, 24000000U, 32000000U, 48000000
 174:d:/LiteOS_Lab/targets/STM32L431VCT6_Bossay/Src\system_stm32l4xx.c **** /**
 175:d:/LiteOS_Lab/targets/STM32L431VCT6_Bossay/Src\system_stm32l4xx.c ****   * @}
 176:d:/LiteOS_Lab/targets/STM32L431VCT6_Bossay/Src\system_stm32l4xx.c ****   */
 177:d:/LiteOS_Lab/targets/STM32L431VCT6_Bossay/Src\system_stm32l4xx.c **** 
 178:d:/LiteOS_Lab/targets/STM32L431VCT6_Bossay/Src\system_stm32l4xx.c **** /** @addtogroup STM32L4xx_System_Private_FunctionPrototypes
 179:d:/LiteOS_Lab/targets/STM32L431VCT6_Bossay/Src\system_stm32l4xx.c ****   * @{
 180:d:/LiteOS_Lab/targets/STM32L431VCT6_Bossay/Src\system_stm32l4xx.c ****   */
 181:d:/LiteOS_Lab/targets/STM32L431VCT6_Bossay/Src\system_stm32l4xx.c **** 
 182:d:/LiteOS_Lab/targets/STM32L431VCT6_Bossay/Src\system_stm32l4xx.c **** /**
 183:d:/LiteOS_Lab/targets/STM32L431VCT6_Bossay/Src\system_stm32l4xx.c ****   * @}
 184:d:/LiteOS_Lab/targets/STM32L431VCT6_Bossay/Src\system_stm32l4xx.c ****   */
 185:d:/LiteOS_Lab/targets/STM32L431VCT6_Bossay/Src\system_stm32l4xx.c **** 
 186:d:/LiteOS_Lab/targets/STM32L431VCT6_Bossay/Src\system_stm32l4xx.c **** /** @addtogroup STM32L4xx_System_Private_Functions
 187:d:/LiteOS_Lab/targets/STM32L431VCT6_Bossay/Src\system_stm32l4xx.c ****   * @{
 188:d:/LiteOS_Lab/targets/STM32L431VCT6_Bossay/Src\system_stm32l4xx.c ****   */
 189:d:/LiteOS_Lab/targets/STM32L431VCT6_Bossay/Src\system_stm32l4xx.c **** 
 190:d:/LiteOS_Lab/targets/STM32L431VCT6_Bossay/Src\system_stm32l4xx.c **** /**
 191:d:/LiteOS_Lab/targets/STM32L431VCT6_Bossay/Src\system_stm32l4xx.c ****   * @brief  Setup the microcontroller system.
 192:d:/LiteOS_Lab/targets/STM32L431VCT6_Bossay/Src\system_stm32l4xx.c ****   * @param  None
 193:d:/LiteOS_Lab/targets/STM32L431VCT6_Bossay/Src\system_stm32l4xx.c ****   * @retval None
 194:d:/LiteOS_Lab/targets/STM32L431VCT6_Bossay/Src\system_stm32l4xx.c ****   */
 195:d:/LiteOS_Lab/targets/STM32L431VCT6_Bossay/Src\system_stm32l4xx.c **** 
 196:d:/LiteOS_Lab/targets/STM32L431VCT6_Bossay/Src\system_stm32l4xx.c **** void SystemInit(void)
 197:d:/LiteOS_Lab/targets/STM32L431VCT6_Bossay/Src\system_stm32l4xx.c **** {
  69              		.loc 1 197 1
  70              		.cfi_startproc
  71              		@ args = 0, pretend = 0, frame = 0
  72              		@ frame_needed = 1, uses_anonymous_args = 0
  73              		@ link register save eliminated.
  74 0000 80B4     		push	{r7}
  75              	.LCFI0:
  76              		.cfi_def_cfa_offset 4
  77              		.cfi_offset 7, -4
  78 0002 00AF     		add	r7, sp, #0
  79              	.LCFI1:
  80              		.cfi_def_cfa_register 7
 198:d:/LiteOS_Lab/targets/STM32L431VCT6_Bossay/Src\system_stm32l4xx.c ****   /* FPU settings ------------------------------------------------------------*/
 199:d:/LiteOS_Lab/targets/STM32L431VCT6_Bossay/Src\system_stm32l4xx.c ****   #if (__FPU_PRESENT == 1) && (__FPU_USED == 1)
 200:d:/LiteOS_Lab/targets/STM32L431VCT6_Bossay/Src\system_stm32l4xx.c ****     SCB->CPACR |= ((3UL << 10*2)|(3UL << 11*2));  /* set CP10 and CP11 Full Access */
  81              		.loc 1 200 16
  82 0004 164B     		ldr	r3, .L2
  83 0006 D3F88830 		ldr	r3, [r3, #136]
  84 000a 154A     		ldr	r2, .L2
  85 000c 43F47003 		orr	r3, r3, #15728640
  86 0010 C2F88830 		str	r3, [r2, #136]
 201:d:/LiteOS_Lab/targets/STM32L431VCT6_Bossay/Src\system_stm32l4xx.c ****   #endif
 202:d:/LiteOS_Lab/targets/STM32L431VCT6_Bossay/Src\system_stm32l4xx.c **** 
 203:d:/LiteOS_Lab/targets/STM32L431VCT6_Bossay/Src\system_stm32l4xx.c ****   /* Reset the RCC clock configuration to the default reset state ------------*/
 204:d:/LiteOS_Lab/targets/STM32L431VCT6_Bossay/Src\system_stm32l4xx.c ****   /* Set MSION bit */
ARM GAS  C:\Users\ADMINI~1\AppData\Local\Temp\ccIqJUw4.s 			page 6


 205:d:/LiteOS_Lab/targets/STM32L431VCT6_Bossay/Src\system_stm32l4xx.c ****   RCC->CR |= RCC_CR_MSION;
  87              		.loc 1 205 11
  88 0014 134B     		ldr	r3, .L2+4
  89 0016 1B68     		ldr	r3, [r3]
  90 0018 124A     		ldr	r2, .L2+4
  91 001a 43F00103 		orr	r3, r3, #1
  92 001e 1360     		str	r3, [r2]
 206:d:/LiteOS_Lab/targets/STM32L431VCT6_Bossay/Src\system_stm32l4xx.c **** 
 207:d:/LiteOS_Lab/targets/STM32L431VCT6_Bossay/Src\system_stm32l4xx.c ****   /* Reset CFGR register */
 208:d:/LiteOS_Lab/targets/STM32L431VCT6_Bossay/Src\system_stm32l4xx.c ****   RCC->CFGR = 0x00000000U;
  93              		.loc 1 208 6
  94 0020 104B     		ldr	r3, .L2+4
  95              		.loc 1 208 13
  96 0022 0022     		movs	r2, #0
  97 0024 9A60     		str	r2, [r3, #8]
 209:d:/LiteOS_Lab/targets/STM32L431VCT6_Bossay/Src\system_stm32l4xx.c **** 
 210:d:/LiteOS_Lab/targets/STM32L431VCT6_Bossay/Src\system_stm32l4xx.c ****   /* Reset HSEON, CSSON , HSION, and PLLON bits */
 211:d:/LiteOS_Lab/targets/STM32L431VCT6_Bossay/Src\system_stm32l4xx.c ****   RCC->CR &= 0xEAF6FFFFU;
  98              		.loc 1 211 11
  99 0026 0F4B     		ldr	r3, .L2+4
 100 0028 1B68     		ldr	r3, [r3]
 101 002a 0E4A     		ldr	r2, .L2+4
 102 002c 23F0A853 		bic	r3, r3, #352321536
 103 0030 23F41023 		bic	r3, r3, #589824
 104 0034 1360     		str	r3, [r2]
 212:d:/LiteOS_Lab/targets/STM32L431VCT6_Bossay/Src\system_stm32l4xx.c **** 
 213:d:/LiteOS_Lab/targets/STM32L431VCT6_Bossay/Src\system_stm32l4xx.c ****   /* Reset PLLCFGR register */
 214:d:/LiteOS_Lab/targets/STM32L431VCT6_Bossay/Src\system_stm32l4xx.c ****   RCC->PLLCFGR = 0x00001000U;
 105              		.loc 1 214 6
 106 0036 0B4B     		ldr	r3, .L2+4
 107              		.loc 1 214 16
 108 0038 4FF48052 		mov	r2, #4096
 109 003c DA60     		str	r2, [r3, #12]
 215:d:/LiteOS_Lab/targets/STM32L431VCT6_Bossay/Src\system_stm32l4xx.c **** 
 216:d:/LiteOS_Lab/targets/STM32L431VCT6_Bossay/Src\system_stm32l4xx.c ****   /* Reset HSEBYP bit */
 217:d:/LiteOS_Lab/targets/STM32L431VCT6_Bossay/Src\system_stm32l4xx.c ****   RCC->CR &= 0xFFFBFFFFU;
 110              		.loc 1 217 11
 111 003e 094B     		ldr	r3, .L2+4
 112 0040 1B68     		ldr	r3, [r3]
 113 0042 084A     		ldr	r2, .L2+4
 114 0044 23F48023 		bic	r3, r3, #262144
 115 0048 1360     		str	r3, [r2]
 218:d:/LiteOS_Lab/targets/STM32L431VCT6_Bossay/Src\system_stm32l4xx.c **** 
 219:d:/LiteOS_Lab/targets/STM32L431VCT6_Bossay/Src\system_stm32l4xx.c ****   /* Disable all interrupts */
 220:d:/LiteOS_Lab/targets/STM32L431VCT6_Bossay/Src\system_stm32l4xx.c ****   RCC->CIER = 0x00000000U;
 116              		.loc 1 220 6
 117 004a 064B     		ldr	r3, .L2+4
 118              		.loc 1 220 13
 119 004c 0022     		movs	r2, #0
 120 004e 9A61     		str	r2, [r3, #24]
 221:d:/LiteOS_Lab/targets/STM32L431VCT6_Bossay/Src\system_stm32l4xx.c **** 
 222:d:/LiteOS_Lab/targets/STM32L431VCT6_Bossay/Src\system_stm32l4xx.c ****   /* Configure the Vector Table location add offset address ------------------*/
 223:d:/LiteOS_Lab/targets/STM32L431VCT6_Bossay/Src\system_stm32l4xx.c **** #ifdef VECT_TAB_SRAM
 224:d:/LiteOS_Lab/targets/STM32L431VCT6_Bossay/Src\system_stm32l4xx.c ****   SCB->VTOR = SRAM_BASE | VECT_TAB_OFFSET; /* Vector Table Relocation in Internal SRAM */
 225:d:/LiteOS_Lab/targets/STM32L431VCT6_Bossay/Src\system_stm32l4xx.c **** #else
 226:d:/LiteOS_Lab/targets/STM32L431VCT6_Bossay/Src\system_stm32l4xx.c ****   SCB->VTOR = FLASH_BASE | VECT_TAB_OFFSET; /* Vector Table Relocation in Internal FLASH */
 121              		.loc 1 226 6
ARM GAS  C:\Users\ADMINI~1\AppData\Local\Temp\ccIqJUw4.s 			page 7


 122 0050 034B     		ldr	r3, .L2
 123              		.loc 1 226 13
 124 0052 054A     		ldr	r2, .L2+8
 125 0054 9A60     		str	r2, [r3, #8]
 227:d:/LiteOS_Lab/targets/STM32L431VCT6_Bossay/Src\system_stm32l4xx.c **** #endif
 228:d:/LiteOS_Lab/targets/STM32L431VCT6_Bossay/Src\system_stm32l4xx.c **** }
 126              		.loc 1 228 1
 127 0056 00BF     		nop
 128 0058 BD46     		mov	sp, r7
 129              	.LCFI2:
 130              		.cfi_def_cfa_register 13
 131              		@ sp needed
 132 005a 5DF8047B 		ldr	r7, [sp], #4
 133              	.LCFI3:
 134              		.cfi_restore 7
 135              		.cfi_def_cfa_offset 0
 136 005e 7047     		bx	lr
 137              	.L3:
 138              		.align	2
 139              	.L2:
 140 0060 00ED00E0 		.word	-536810240
 141 0064 00100240 		.word	1073876992
 142 0068 00000108 		.word	134283264
 143              		.cfi_endproc
 144              	.LFE287:
 146              		.section	.text.SystemCoreClockUpdate,"ax",%progbits
 147              		.align	1
 148              		.global	SystemCoreClockUpdate
 149              		.syntax unified
 150              		.thumb
 151              		.thumb_func
 152              		.fpu fpv4-sp-d16
 154              	SystemCoreClockUpdate:
 155              	.LFB288:
 229:d:/LiteOS_Lab/targets/STM32L431VCT6_Bossay/Src\system_stm32l4xx.c **** 
 230:d:/LiteOS_Lab/targets/STM32L431VCT6_Bossay/Src\system_stm32l4xx.c **** /**
 231:d:/LiteOS_Lab/targets/STM32L431VCT6_Bossay/Src\system_stm32l4xx.c ****   * @brief  Update SystemCoreClock variable according to Clock Register Values.
 232:d:/LiteOS_Lab/targets/STM32L431VCT6_Bossay/Src\system_stm32l4xx.c ****   *         The SystemCoreClock variable contains the core clock (HCLK), it can
 233:d:/LiteOS_Lab/targets/STM32L431VCT6_Bossay/Src\system_stm32l4xx.c ****   *         be used by the user application to setup the SysTick timer or configure
 234:d:/LiteOS_Lab/targets/STM32L431VCT6_Bossay/Src\system_stm32l4xx.c ****   *         other parameters.
 235:d:/LiteOS_Lab/targets/STM32L431VCT6_Bossay/Src\system_stm32l4xx.c ****   *
 236:d:/LiteOS_Lab/targets/STM32L431VCT6_Bossay/Src\system_stm32l4xx.c ****   * @note   Each time the core clock (HCLK) changes, this function must be called
 237:d:/LiteOS_Lab/targets/STM32L431VCT6_Bossay/Src\system_stm32l4xx.c ****   *         to update SystemCoreClock variable value. Otherwise, any configuration
 238:d:/LiteOS_Lab/targets/STM32L431VCT6_Bossay/Src\system_stm32l4xx.c ****   *         based on this variable will be incorrect.
 239:d:/LiteOS_Lab/targets/STM32L431VCT6_Bossay/Src\system_stm32l4xx.c ****   *
 240:d:/LiteOS_Lab/targets/STM32L431VCT6_Bossay/Src\system_stm32l4xx.c ****   * @note   - The system frequency computed by this function is not the real
 241:d:/LiteOS_Lab/targets/STM32L431VCT6_Bossay/Src\system_stm32l4xx.c ****   *           frequency in the chip. It is calculated based on the predefined
 242:d:/LiteOS_Lab/targets/STM32L431VCT6_Bossay/Src\system_stm32l4xx.c ****   *           constant and the selected clock source:
 243:d:/LiteOS_Lab/targets/STM32L431VCT6_Bossay/Src\system_stm32l4xx.c ****   *
 244:d:/LiteOS_Lab/targets/STM32L431VCT6_Bossay/Src\system_stm32l4xx.c ****   *           - If SYSCLK source is MSI, SystemCoreClock will contain the MSI_VALUE(*)
 245:d:/LiteOS_Lab/targets/STM32L431VCT6_Bossay/Src\system_stm32l4xx.c ****   *
 246:d:/LiteOS_Lab/targets/STM32L431VCT6_Bossay/Src\system_stm32l4xx.c ****   *           - If SYSCLK source is HSI, SystemCoreClock will contain the HSI_VALUE(**)
 247:d:/LiteOS_Lab/targets/STM32L431VCT6_Bossay/Src\system_stm32l4xx.c ****   *
 248:d:/LiteOS_Lab/targets/STM32L431VCT6_Bossay/Src\system_stm32l4xx.c ****   *           - If SYSCLK source is HSE, SystemCoreClock will contain the HSE_VALUE(***)
 249:d:/LiteOS_Lab/targets/STM32L431VCT6_Bossay/Src\system_stm32l4xx.c ****   *
 250:d:/LiteOS_Lab/targets/STM32L431VCT6_Bossay/Src\system_stm32l4xx.c ****   *           - If SYSCLK source is PLL, SystemCoreClock will contain the HSE_VALUE(***)
 251:d:/LiteOS_Lab/targets/STM32L431VCT6_Bossay/Src\system_stm32l4xx.c ****   *             or HSI_VALUE(*) or MSI_VALUE(*) multiplied/divided by the PLL factors.
ARM GAS  C:\Users\ADMINI~1\AppData\Local\Temp\ccIqJUw4.s 			page 8


 252:d:/LiteOS_Lab/targets/STM32L431VCT6_Bossay/Src\system_stm32l4xx.c ****   *
 253:d:/LiteOS_Lab/targets/STM32L431VCT6_Bossay/Src\system_stm32l4xx.c ****   *         (*) MSI_VALUE is a constant defined in stm32l4xx_hal.h file (default value
 254:d:/LiteOS_Lab/targets/STM32L431VCT6_Bossay/Src\system_stm32l4xx.c ****   *             4 MHz) but the real value may vary depending on the variations
 255:d:/LiteOS_Lab/targets/STM32L431VCT6_Bossay/Src\system_stm32l4xx.c ****   *             in voltage and temperature.
 256:d:/LiteOS_Lab/targets/STM32L431VCT6_Bossay/Src\system_stm32l4xx.c ****   *
 257:d:/LiteOS_Lab/targets/STM32L431VCT6_Bossay/Src\system_stm32l4xx.c ****   *         (**) HSI_VALUE is a constant defined in stm32l4xx_hal.h file (default value
 258:d:/LiteOS_Lab/targets/STM32L431VCT6_Bossay/Src\system_stm32l4xx.c ****   *              16 MHz) but the real value may vary depending on the variations
 259:d:/LiteOS_Lab/targets/STM32L431VCT6_Bossay/Src\system_stm32l4xx.c ****   *              in voltage and temperature.
 260:d:/LiteOS_Lab/targets/STM32L431VCT6_Bossay/Src\system_stm32l4xx.c ****   *
 261:d:/LiteOS_Lab/targets/STM32L431VCT6_Bossay/Src\system_stm32l4xx.c ****   *         (***) HSE_VALUE is a constant defined in stm32l4xx_hal.h file (default value
 262:d:/LiteOS_Lab/targets/STM32L431VCT6_Bossay/Src\system_stm32l4xx.c ****   *              8 MHz), user has to ensure that HSE_VALUE is same as the real
 263:d:/LiteOS_Lab/targets/STM32L431VCT6_Bossay/Src\system_stm32l4xx.c ****   *              frequency of the crystal used. Otherwise, this function may
 264:d:/LiteOS_Lab/targets/STM32L431VCT6_Bossay/Src\system_stm32l4xx.c ****   *              have wrong result.
 265:d:/LiteOS_Lab/targets/STM32L431VCT6_Bossay/Src\system_stm32l4xx.c ****   *
 266:d:/LiteOS_Lab/targets/STM32L431VCT6_Bossay/Src\system_stm32l4xx.c ****   *         - The result of this function could be not correct when using fractional
 267:d:/LiteOS_Lab/targets/STM32L431VCT6_Bossay/Src\system_stm32l4xx.c ****   *           value for HSE crystal.
 268:d:/LiteOS_Lab/targets/STM32L431VCT6_Bossay/Src\system_stm32l4xx.c ****   *
 269:d:/LiteOS_Lab/targets/STM32L431VCT6_Bossay/Src\system_stm32l4xx.c ****   * @param  None
 270:d:/LiteOS_Lab/targets/STM32L431VCT6_Bossay/Src\system_stm32l4xx.c ****   * @retval None
 271:d:/LiteOS_Lab/targets/STM32L431VCT6_Bossay/Src\system_stm32l4xx.c ****   */
 272:d:/LiteOS_Lab/targets/STM32L431VCT6_Bossay/Src\system_stm32l4xx.c **** void SystemCoreClockUpdate(void)
 273:d:/LiteOS_Lab/targets/STM32L431VCT6_Bossay/Src\system_stm32l4xx.c **** {
 156              		.loc 1 273 1
 157              		.cfi_startproc
 158              		@ args = 0, pretend = 0, frame = 24
 159              		@ frame_needed = 1, uses_anonymous_args = 0
 160              		@ link register save eliminated.
 161 0000 80B4     		push	{r7}
 162              	.LCFI4:
 163              		.cfi_def_cfa_offset 4
 164              		.cfi_offset 7, -4
 165 0002 87B0     		sub	sp, sp, #28
 166              	.LCFI5:
 167              		.cfi_def_cfa_offset 32
 168 0004 00AF     		add	r7, sp, #0
 169              	.LCFI6:
 170              		.cfi_def_cfa_register 7
 274:d:/LiteOS_Lab/targets/STM32L431VCT6_Bossay/Src\system_stm32l4xx.c ****   uint32_t tmp = 0U, msirange = 0U, pllvco = 0U, pllr = 2U, pllsource = 0U, pllm = 2U;
 171              		.loc 1 274 12
 172 0006 0023     		movs	r3, #0
 173 0008 FB60     		str	r3, [r7, #12]
 174              		.loc 1 274 22
 175 000a 0023     		movs	r3, #0
 176 000c 7B61     		str	r3, [r7, #20]
 177              		.loc 1 274 37
 178 000e 0023     		movs	r3, #0
 179 0010 3B61     		str	r3, [r7, #16]
 180              		.loc 1 274 50
 181 0012 0223     		movs	r3, #2
 182 0014 BB60     		str	r3, [r7, #8]
 183              		.loc 1 274 61
 184 0016 0023     		movs	r3, #0
 185 0018 7B60     		str	r3, [r7, #4]
 186              		.loc 1 274 77
 187 001a 0223     		movs	r3, #2
 188 001c 3B60     		str	r3, [r7]
 275:d:/LiteOS_Lab/targets/STM32L431VCT6_Bossay/Src\system_stm32l4xx.c **** 
ARM GAS  C:\Users\ADMINI~1\AppData\Local\Temp\ccIqJUw4.s 			page 9


 276:d:/LiteOS_Lab/targets/STM32L431VCT6_Bossay/Src\system_stm32l4xx.c ****   /* Get MSI Range frequency--------------------------------------------------*/
 277:d:/LiteOS_Lab/targets/STM32L431VCT6_Bossay/Src\system_stm32l4xx.c ****   if((RCC->CR & RCC_CR_MSIRGSEL) == RESET)
 189              		.loc 1 277 10
 190 001e 4F4B     		ldr	r3, .L19
 191 0020 1B68     		ldr	r3, [r3]
 192              		.loc 1 277 15
 193 0022 03F00803 		and	r3, r3, #8
 194              		.loc 1 277 5
 195 0026 002B     		cmp	r3, #0
 196 0028 07D1     		bne	.L5
 278:d:/LiteOS_Lab/targets/STM32L431VCT6_Bossay/Src\system_stm32l4xx.c ****   { /* MSISRANGE from RCC_CSR applies */
 279:d:/LiteOS_Lab/targets/STM32L431VCT6_Bossay/Src\system_stm32l4xx.c ****     msirange = (RCC->CSR & RCC_CSR_MSISRANGE) >> 8U;
 197              		.loc 1 279 20
 198 002a 4C4B     		ldr	r3, .L19
 199 002c D3F89430 		ldr	r3, [r3, #148]
 200              		.loc 1 279 47
 201 0030 1B0A     		lsrs	r3, r3, #8
 202              		.loc 1 279 14
 203 0032 03F00F03 		and	r3, r3, #15
 204 0036 7B61     		str	r3, [r7, #20]
 205 0038 05E0     		b	.L6
 206              	.L5:
 280:d:/LiteOS_Lab/targets/STM32L431VCT6_Bossay/Src\system_stm32l4xx.c ****   }
 281:d:/LiteOS_Lab/targets/STM32L431VCT6_Bossay/Src\system_stm32l4xx.c ****   else
 282:d:/LiteOS_Lab/targets/STM32L431VCT6_Bossay/Src\system_stm32l4xx.c ****   { /* MSIRANGE from RCC_CR applies */
 283:d:/LiteOS_Lab/targets/STM32L431VCT6_Bossay/Src\system_stm32l4xx.c ****     msirange = (RCC->CR & RCC_CR_MSIRANGE) >> 4U;
 207              		.loc 1 283 20
 208 003a 484B     		ldr	r3, .L19
 209 003c 1B68     		ldr	r3, [r3]
 210              		.loc 1 283 44
 211 003e 1B09     		lsrs	r3, r3, #4
 212              		.loc 1 283 14
 213 0040 03F00F03 		and	r3, r3, #15
 214 0044 7B61     		str	r3, [r7, #20]
 215              	.L6:
 284:d:/LiteOS_Lab/targets/STM32L431VCT6_Bossay/Src\system_stm32l4xx.c ****   }
 285:d:/LiteOS_Lab/targets/STM32L431VCT6_Bossay/Src\system_stm32l4xx.c ****   /*MSI frequency range in HZ*/
 286:d:/LiteOS_Lab/targets/STM32L431VCT6_Bossay/Src\system_stm32l4xx.c ****   msirange = MSIRangeTable[msirange];
 216              		.loc 1 286 12
 217 0046 464A     		ldr	r2, .L19+4
 218 0048 7B69     		ldr	r3, [r7, #20]
 219 004a 52F82330 		ldr	r3, [r2, r3, lsl #2]
 220 004e 7B61     		str	r3, [r7, #20]
 287:d:/LiteOS_Lab/targets/STM32L431VCT6_Bossay/Src\system_stm32l4xx.c **** 
 288:d:/LiteOS_Lab/targets/STM32L431VCT6_Bossay/Src\system_stm32l4xx.c ****   /* Get SYSCLK source -------------------------------------------------------*/
 289:d:/LiteOS_Lab/targets/STM32L431VCT6_Bossay/Src\system_stm32l4xx.c ****   switch (RCC->CFGR & RCC_CFGR_SWS)
 221              		.loc 1 289 14
 222 0050 424B     		ldr	r3, .L19
 223 0052 9B68     		ldr	r3, [r3, #8]
 224              		.loc 1 289 21
 225 0054 03F00C03 		and	r3, r3, #12
 226 0058 0C2B     		cmp	r3, #12
 227 005a 66D8     		bhi	.L7
 228 005c 01A2     		adr	r2, .L9
 229 005e 52F823F0 		ldr	pc, [r2, r3, lsl #2]
 230 0062 00BF     		.p2align 2
 231              	.L9:
ARM GAS  C:\Users\ADMINI~1\AppData\Local\Temp\ccIqJUw4.s 			page 10


 232 0064 99000000 		.word	.L12+1
 233 0068 2B010000 		.word	.L7+1
 234 006c 2B010000 		.word	.L7+1
 235 0070 2B010000 		.word	.L7+1
 236 0074 A1000000 		.word	.L11+1
 237 0078 2B010000 		.word	.L7+1
 238 007c 2B010000 		.word	.L7+1
 239 0080 2B010000 		.word	.L7+1
 240 0084 A9000000 		.word	.L10+1
 241 0088 2B010000 		.word	.L7+1
 242 008c 2B010000 		.word	.L7+1
 243 0090 2B010000 		.word	.L7+1
 244 0094 B1000000 		.word	.L8+1
 245              		.p2align 1
 246              	.L12:
 290:d:/LiteOS_Lab/targets/STM32L431VCT6_Bossay/Src\system_stm32l4xx.c ****   {
 291:d:/LiteOS_Lab/targets/STM32L431VCT6_Bossay/Src\system_stm32l4xx.c ****     case 0x00:  /* MSI used as system clock source */
 292:d:/LiteOS_Lab/targets/STM32L431VCT6_Bossay/Src\system_stm32l4xx.c ****       SystemCoreClock = msirange;
 247              		.loc 1 292 23
 248 0098 324A     		ldr	r2, .L19+8
 249 009a 7B69     		ldr	r3, [r7, #20]
 250 009c 1360     		str	r3, [r2]
 293:d:/LiteOS_Lab/targets/STM32L431VCT6_Bossay/Src\system_stm32l4xx.c ****       break;
 251              		.loc 1 293 7
 252 009e 48E0     		b	.L13
 253              	.L11:
 294:d:/LiteOS_Lab/targets/STM32L431VCT6_Bossay/Src\system_stm32l4xx.c **** 
 295:d:/LiteOS_Lab/targets/STM32L431VCT6_Bossay/Src\system_stm32l4xx.c ****     case 0x04:  /* HSI used as system clock source */
 296:d:/LiteOS_Lab/targets/STM32L431VCT6_Bossay/Src\system_stm32l4xx.c ****       SystemCoreClock = HSI_VALUE;
 254              		.loc 1 296 23
 255 00a0 304B     		ldr	r3, .L19+8
 256 00a2 314A     		ldr	r2, .L19+12
 257 00a4 1A60     		str	r2, [r3]
 297:d:/LiteOS_Lab/targets/STM32L431VCT6_Bossay/Src\system_stm32l4xx.c ****       break;
 258              		.loc 1 297 7
 259 00a6 44E0     		b	.L13
 260              	.L10:
 298:d:/LiteOS_Lab/targets/STM32L431VCT6_Bossay/Src\system_stm32l4xx.c **** 
 299:d:/LiteOS_Lab/targets/STM32L431VCT6_Bossay/Src\system_stm32l4xx.c ****     case 0x08:  /* HSE used as system clock source */
 300:d:/LiteOS_Lab/targets/STM32L431VCT6_Bossay/Src\system_stm32l4xx.c ****       SystemCoreClock = HSE_VALUE;
 261              		.loc 1 300 23
 262 00a8 2E4B     		ldr	r3, .L19+8
 263 00aa 304A     		ldr	r2, .L19+16
 264 00ac 1A60     		str	r2, [r3]
 301:d:/LiteOS_Lab/targets/STM32L431VCT6_Bossay/Src\system_stm32l4xx.c ****       break;
 265              		.loc 1 301 7
 266 00ae 40E0     		b	.L13
 267              	.L8:
 302:d:/LiteOS_Lab/targets/STM32L431VCT6_Bossay/Src\system_stm32l4xx.c **** 
 303:d:/LiteOS_Lab/targets/STM32L431VCT6_Bossay/Src\system_stm32l4xx.c ****     case 0x0C:  /* PLL used as system clock  source */
 304:d:/LiteOS_Lab/targets/STM32L431VCT6_Bossay/Src\system_stm32l4xx.c ****       /* PLL_VCO = (HSE_VALUE or HSI_VALUE or MSI_VALUE/ PLLM) * PLLN
 305:d:/LiteOS_Lab/targets/STM32L431VCT6_Bossay/Src\system_stm32l4xx.c ****          SYSCLK = PLL_VCO / PLLR
 306:d:/LiteOS_Lab/targets/STM32L431VCT6_Bossay/Src\system_stm32l4xx.c ****          */
 307:d:/LiteOS_Lab/targets/STM32L431VCT6_Bossay/Src\system_stm32l4xx.c ****       pllsource = (RCC->PLLCFGR & RCC_PLLCFGR_PLLSRC);
 268              		.loc 1 307 23
 269 00b0 2A4B     		ldr	r3, .L19
 270 00b2 DB68     		ldr	r3, [r3, #12]
ARM GAS  C:\Users\ADMINI~1\AppData\Local\Temp\ccIqJUw4.s 			page 11


 271              		.loc 1 307 17
 272 00b4 03F00303 		and	r3, r3, #3
 273 00b8 7B60     		str	r3, [r7, #4]
 308:d:/LiteOS_Lab/targets/STM32L431VCT6_Bossay/Src\system_stm32l4xx.c ****       pllm = ((RCC->PLLCFGR & RCC_PLLCFGR_PLLM) >> 4U) + 1U ;
 274              		.loc 1 308 19
 275 00ba 284B     		ldr	r3, .L19
 276 00bc DB68     		ldr	r3, [r3, #12]
 277              		.loc 1 308 49
 278 00be 1B09     		lsrs	r3, r3, #4
 279 00c0 03F00703 		and	r3, r3, #7
 280              		.loc 1 308 12
 281 00c4 0133     		adds	r3, r3, #1
 282 00c6 3B60     		str	r3, [r7]
 283 00c8 7B68     		ldr	r3, [r7, #4]
 284 00ca 022B     		cmp	r3, #2
 285 00cc 03D0     		beq	.L14
 286 00ce 7B68     		ldr	r3, [r7, #4]
 287 00d0 032B     		cmp	r3, #3
 288 00d2 06D0     		beq	.L15
 289 00d4 0BE0     		b	.L18
 290              	.L14:
 309:d:/LiteOS_Lab/targets/STM32L431VCT6_Bossay/Src\system_stm32l4xx.c **** 
 310:d:/LiteOS_Lab/targets/STM32L431VCT6_Bossay/Src\system_stm32l4xx.c ****       switch (pllsource)
 311:d:/LiteOS_Lab/targets/STM32L431VCT6_Bossay/Src\system_stm32l4xx.c ****       {
 312:d:/LiteOS_Lab/targets/STM32L431VCT6_Bossay/Src\system_stm32l4xx.c ****         case 0x02:  /* HSI used as PLL clock source */
 313:d:/LiteOS_Lab/targets/STM32L431VCT6_Bossay/Src\system_stm32l4xx.c ****           pllvco = (HSI_VALUE / pllm);
 291              		.loc 1 313 18
 292 00d6 244A     		ldr	r2, .L19+12
 293 00d8 3B68     		ldr	r3, [r7]
 294 00da B2FBF3F3 		udiv	r3, r2, r3
 295 00de 3B61     		str	r3, [r7, #16]
 314:d:/LiteOS_Lab/targets/STM32L431VCT6_Bossay/Src\system_stm32l4xx.c ****           break;
 296              		.loc 1 314 11
 297 00e0 0BE0     		b	.L17
 298              	.L15:
 315:d:/LiteOS_Lab/targets/STM32L431VCT6_Bossay/Src\system_stm32l4xx.c **** 
 316:d:/LiteOS_Lab/targets/STM32L431VCT6_Bossay/Src\system_stm32l4xx.c ****         case 0x03:  /* HSE used as PLL clock source */
 317:d:/LiteOS_Lab/targets/STM32L431VCT6_Bossay/Src\system_stm32l4xx.c ****           pllvco = (HSE_VALUE / pllm);
 299              		.loc 1 317 18
 300 00e2 224A     		ldr	r2, .L19+16
 301 00e4 3B68     		ldr	r3, [r7]
 302 00e6 B2FBF3F3 		udiv	r3, r2, r3
 303 00ea 3B61     		str	r3, [r7, #16]
 318:d:/LiteOS_Lab/targets/STM32L431VCT6_Bossay/Src\system_stm32l4xx.c ****           break;
 304              		.loc 1 318 11
 305 00ec 05E0     		b	.L17
 306              	.L18:
 319:d:/LiteOS_Lab/targets/STM32L431VCT6_Bossay/Src\system_stm32l4xx.c **** 
 320:d:/LiteOS_Lab/targets/STM32L431VCT6_Bossay/Src\system_stm32l4xx.c ****         default:    /* MSI used as PLL clock source */
 321:d:/LiteOS_Lab/targets/STM32L431VCT6_Bossay/Src\system_stm32l4xx.c ****           pllvco = (msirange / pllm);
 307              		.loc 1 321 18
 308 00ee 7A69     		ldr	r2, [r7, #20]
 309 00f0 3B68     		ldr	r3, [r7]
 310 00f2 B2FBF3F3 		udiv	r3, r2, r3
 311 00f6 3B61     		str	r3, [r7, #16]
 322:d:/LiteOS_Lab/targets/STM32L431VCT6_Bossay/Src\system_stm32l4xx.c ****           break;
 312              		.loc 1 322 11
ARM GAS  C:\Users\ADMINI~1\AppData\Local\Temp\ccIqJUw4.s 			page 12


 313 00f8 00BF     		nop
 314              	.L17:
 323:d:/LiteOS_Lab/targets/STM32L431VCT6_Bossay/Src\system_stm32l4xx.c ****       }
 324:d:/LiteOS_Lab/targets/STM32L431VCT6_Bossay/Src\system_stm32l4xx.c ****       pllvco = pllvco * ((RCC->PLLCFGR & RCC_PLLCFGR_PLLN) >> 8U);
 315              		.loc 1 324 30
 316 00fa 184B     		ldr	r3, .L19
 317 00fc DB68     		ldr	r3, [r3, #12]
 318              		.loc 1 324 60
 319 00fe 1B0A     		lsrs	r3, r3, #8
 320 0100 03F07F02 		and	r2, r3, #127
 321              		.loc 1 324 14
 322 0104 3B69     		ldr	r3, [r7, #16]
 323 0106 02FB03F3 		mul	r3, r2, r3
 324 010a 3B61     		str	r3, [r7, #16]
 325:d:/LiteOS_Lab/targets/STM32L431VCT6_Bossay/Src\system_stm32l4xx.c ****       pllr = (((RCC->PLLCFGR & RCC_PLLCFGR_PLLR) >> 25U) + 1U) * 2U;
 325              		.loc 1 325 20
 326 010c 134B     		ldr	r3, .L19
 327 010e DB68     		ldr	r3, [r3, #12]
 328              		.loc 1 325 50
 329 0110 5B0E     		lsrs	r3, r3, #25
 330 0112 03F00303 		and	r3, r3, #3
 331              		.loc 1 325 58
 332 0116 0133     		adds	r3, r3, #1
 333              		.loc 1 325 12
 334 0118 5B00     		lsls	r3, r3, #1
 335 011a BB60     		str	r3, [r7, #8]
 326:d:/LiteOS_Lab/targets/STM32L431VCT6_Bossay/Src\system_stm32l4xx.c ****       SystemCoreClock = pllvco/pllr;
 336              		.loc 1 326 31
 337 011c 3A69     		ldr	r2, [r7, #16]
 338 011e BB68     		ldr	r3, [r7, #8]
 339 0120 B2FBF3F3 		udiv	r3, r2, r3
 340              		.loc 1 326 23
 341 0124 0F4A     		ldr	r2, .L19+8
 342 0126 1360     		str	r3, [r2]
 327:d:/LiteOS_Lab/targets/STM32L431VCT6_Bossay/Src\system_stm32l4xx.c ****       break;
 343              		.loc 1 327 7
 344 0128 03E0     		b	.L13
 345              	.L7:
 328:d:/LiteOS_Lab/targets/STM32L431VCT6_Bossay/Src\system_stm32l4xx.c **** 
 329:d:/LiteOS_Lab/targets/STM32L431VCT6_Bossay/Src\system_stm32l4xx.c ****     default:
 330:d:/LiteOS_Lab/targets/STM32L431VCT6_Bossay/Src\system_stm32l4xx.c ****       SystemCoreClock = msirange;
 346              		.loc 1 330 23
 347 012a 0E4A     		ldr	r2, .L19+8
 348 012c 7B69     		ldr	r3, [r7, #20]
 349 012e 1360     		str	r3, [r2]
 331:d:/LiteOS_Lab/targets/STM32L431VCT6_Bossay/Src\system_stm32l4xx.c ****       break;
 350              		.loc 1 331 7
 351 0130 00BF     		nop
 352              	.L13:
 332:d:/LiteOS_Lab/targets/STM32L431VCT6_Bossay/Src\system_stm32l4xx.c ****   }
 333:d:/LiteOS_Lab/targets/STM32L431VCT6_Bossay/Src\system_stm32l4xx.c ****   /* Compute HCLK clock frequency --------------------------------------------*/
 334:d:/LiteOS_Lab/targets/STM32L431VCT6_Bossay/Src\system_stm32l4xx.c ****   /* Get HCLK prescaler */
 335:d:/LiteOS_Lab/targets/STM32L431VCT6_Bossay/Src\system_stm32l4xx.c ****   tmp = AHBPrescTable[((RCC->CFGR & RCC_CFGR_HPRE) >> 4U)];
 353              		.loc 1 335 28
 354 0132 0A4B     		ldr	r3, .L19
 355 0134 9B68     		ldr	r3, [r3, #8]
 356              		.loc 1 335 52
ARM GAS  C:\Users\ADMINI~1\AppData\Local\Temp\ccIqJUw4.s 			page 13


 357 0136 1B09     		lsrs	r3, r3, #4
 358 0138 03F00F03 		and	r3, r3, #15
 359              		.loc 1 335 22
 360 013c 0C4A     		ldr	r2, .L19+20
 361 013e D35C     		ldrb	r3, [r2, r3]	@ zero_extendqisi2
 362              		.loc 1 335 7
 363 0140 FB60     		str	r3, [r7, #12]
 336:d:/LiteOS_Lab/targets/STM32L431VCT6_Bossay/Src\system_stm32l4xx.c ****   /* HCLK clock frequency */
 337:d:/LiteOS_Lab/targets/STM32L431VCT6_Bossay/Src\system_stm32l4xx.c ****   SystemCoreClock >>= tmp;
 364              		.loc 1 337 19
 365 0142 084B     		ldr	r3, .L19+8
 366 0144 1A68     		ldr	r2, [r3]
 367 0146 FB68     		ldr	r3, [r7, #12]
 368 0148 22FA03F3 		lsr	r3, r2, r3
 369 014c 054A     		ldr	r2, .L19+8
 370 014e 1360     		str	r3, [r2]
 338:d:/LiteOS_Lab/targets/STM32L431VCT6_Bossay/Src\system_stm32l4xx.c **** }
 371              		.loc 1 338 1
 372 0150 00BF     		nop
 373 0152 1C37     		adds	r7, r7, #28
 374              	.LCFI7:
 375              		.cfi_def_cfa_offset 4
 376 0154 BD46     		mov	sp, r7
 377              	.LCFI8:
 378              		.cfi_def_cfa_register 13
 379              		@ sp needed
 380 0156 5DF8047B 		ldr	r7, [sp], #4
 381              	.LCFI9:
 382              		.cfi_restore 7
 383              		.cfi_def_cfa_offset 0
 384 015a 7047     		bx	lr
 385              	.L20:
 386              		.align	2
 387              	.L19:
 388 015c 00100240 		.word	1073876992
 389 0160 00000000 		.word	MSIRangeTable
 390 0164 00000000 		.word	SystemCoreClock
 391 0168 0024F400 		.word	16000000
 392 016c 00127A00 		.word	8000000
 393 0170 00000000 		.word	AHBPrescTable
 394              		.cfi_endproc
 395              	.LFE288:
 397              		.text
 398              	.Letext0:
 399              		.file 2 "c:\\users\\administrator\\.huawei-liteos-studio\\tools\\arm-none-eabi\\arm-none-eabi\\inc
 400              		.file 3 "c:\\users\\administrator\\.huawei-liteos-studio\\tools\\arm-none-eabi\\arm-none-eabi\\inc
 401              		.file 4 "d:/LiteOS_Lab/iot_link/os/liteos/arch/arm/common/cmsis/core_cm4.h"
 402              		.file 5 "d:/LiteOS_Lab/targets/STM32L431VCT6_Bossay/Inc/system_stm32l4xx.h"
 403              		.file 6 "d:/LiteOS_Lab/targets/STM32L431VCT6_Bossay/Inc/stm32l431xx.h"
 404              		.file 7 "c:\\users\\administrator\\.huawei-liteos-studio\\tools\\arm-none-eabi\\arm-none-eabi\\inc
 405              		.file 8 "c:\\users\\administrator\\.huawei-liteos-studio\\tools\\arm-none-eabi\\arm-none-eabi\\inc
 406              		.file 9 "c:\\users\\administrator\\.huawei-liteos-studio\\tools\\arm-none-eabi\\lib\\gcc\\arm-none
 407              		.file 10 "c:\\users\\administrator\\.huawei-liteos-studio\\tools\\arm-none-eabi\\arm-none-eabi\\in
 408              		.file 11 "d:/LiteOS_Lab/iot_link/os/liteos/include/los_typedef.h"
 409              		.file 12 "d:/LiteOS_Lab/iot_link/os/liteos/include/los_config.h"
 410              		.file 13 "d:/LiteOS_Lab/iot_link/os/liteos/include/los_err.h"
 411              		.file 14 "d:/LiteOS_Lab/iot_link/os/liteos/arch/arm/arm-m/include/los_hwi.h"
ARM GAS  C:\Users\ADMINI~1\AppData\Local\Temp\ccIqJUw4.s 			page 14


 412              		.file 15 "d:/LiteOS_Lab/targets/STM32L431VCT6_Bossay/Inc/stm32l4xx.h"
ARM GAS  C:\Users\ADMINI~1\AppData\Local\Temp\ccIqJUw4.s 			page 15


DEFINED SYMBOLS
                            *ABS*:00000000 system_stm32l4xx.c
C:\Users\ADMINI~1\AppData\Local\Temp\ccIqJUw4.s:22     .data.SystemCoreClock:00000000 SystemCoreClock
C:\Users\ADMINI~1\AppData\Local\Temp\ccIqJUw4.s:19     .data.SystemCoreClock:00000000 $d
C:\Users\ADMINI~1\AppData\Local\Temp\ccIqJUw4.s:29     .rodata.AHBPrescTable:00000000 AHBPrescTable
C:\Users\ADMINI~1\AppData\Local\Temp\ccIqJUw4.s:26     .rodata.AHBPrescTable:00000000 $d
C:\Users\ADMINI~1\AppData\Local\Temp\ccIqJUw4.s:37     .rodata.APBPrescTable:00000000 APBPrescTable
C:\Users\ADMINI~1\AppData\Local\Temp\ccIqJUw4.s:34     .rodata.APBPrescTable:00000000 $d
C:\Users\ADMINI~1\AppData\Local\Temp\ccIqJUw4.s:44     .rodata.MSIRangeTable:00000000 MSIRangeTable
C:\Users\ADMINI~1\AppData\Local\Temp\ccIqJUw4.s:41     .rodata.MSIRangeTable:00000000 $d
C:\Users\ADMINI~1\AppData\Local\Temp\ccIqJUw4.s:58     .text.SystemInit:00000000 $t
C:\Users\ADMINI~1\AppData\Local\Temp\ccIqJUw4.s:66     .text.SystemInit:00000000 SystemInit
C:\Users\ADMINI~1\AppData\Local\Temp\ccIqJUw4.s:140    .text.SystemInit:00000060 $d
C:\Users\ADMINI~1\AppData\Local\Temp\ccIqJUw4.s:147    .text.SystemCoreClockUpdate:00000000 $t
C:\Users\ADMINI~1\AppData\Local\Temp\ccIqJUw4.s:154    .text.SystemCoreClockUpdate:00000000 SystemCoreClockUpdate
C:\Users\ADMINI~1\AppData\Local\Temp\ccIqJUw4.s:232    .text.SystemCoreClockUpdate:00000064 $d
C:\Users\ADMINI~1\AppData\Local\Temp\ccIqJUw4.s:245    .text.SystemCoreClockUpdate:00000098 $t
C:\Users\ADMINI~1\AppData\Local\Temp\ccIqJUw4.s:388    .text.SystemCoreClockUpdate:0000015c $d

NO UNDEFINED SYMBOLS
