ARM GAS  /tmp/ccO3TEdy.s 			page 1


   1              		.cpu cortex-m4
   2              		.eabi_attribute 27, 1
   3              		.eabi_attribute 28, 1
   4              		.eabi_attribute 20, 1
   5              		.eabi_attribute 21, 1
   6              		.eabi_attribute 23, 3
   7              		.eabi_attribute 24, 1
   8              		.eabi_attribute 25, 1
   9              		.eabi_attribute 26, 1
  10              		.eabi_attribute 30, 6
  11              		.eabi_attribute 34, 1
  12              		.eabi_attribute 18, 4
  13              		.file	"los_memcheck.c"
  14              		.text
  15              	.Ltext0:
  16              		.cfi_sections	.debug_frame
  17              		.global	memexc_count
  18              		.section	.bss.memexc_count,"aw",%nobits
  19              		.align	2
  22              	memexc_count:
  23 0000 00000000 		.space	4
  24              		.text
  25              	.Letext0:
  26              		.file 1 "/home/fanxinhao/toolchain/gcc-arm-none-eabi-9-2019-q4-major/arm-none-eabi/include/machine
  27              		.file 2 "/home/fanxinhao/toolchain/gcc-arm-none-eabi-9-2019-q4-major/arm-none-eabi/include/sys/loc
  28              		.file 3 "/home/fanxinhao/toolchain/gcc-arm-none-eabi-9-2019-q4-major/arm-none-eabi/include/sys/_ty
  29              		.file 4 "/home/fanxinhao/toolchain/gcc-arm-none-eabi-9-2019-q4-major/lib/gcc/arm-none-eabi/9.2.1/i
  30              		.file 5 "/home/fanxinhao/toolchain/gcc-arm-none-eabi-9-2019-q4-major/arm-none-eabi/include/sys/ree
  31              		.file 6 "/home/fanxinhao/Work/LiteOS_Lab_2/iot_link/os/liteos/include/los_typedef.h"
  32              		.file 7 "/home/fanxinhao/toolchain/gcc-arm-none-eabi-9-2019-q4-major/arm-none-eabi/include/sys/_st
  33              		.file 8 "/home/fanxinhao/Work/LiteOS_Lab_2/iot_link/os/liteos/arch/arm/common/cmsis/core_cm4.h"
  34              		.file 9 "/home/fanxinhao/Work/LiteOS_Lab_2/targets/STM32L476RG_NB476/Inc/system_stm32l4xx.h"
  35              		.file 10 "/home/fanxinhao/Work/LiteOS_Lab_2/iot_link/os/liteos/include/los_config.h"
  36              		.file 11 "/home/fanxinhao/Work/LiteOS_Lab_2/iot_link/os/liteos/include/los_err.h"
  37              		.file 12 "/home/fanxinhao/Work/LiteOS_Lab_2/iot_link/os/liteos/include/los_memcheck.h"
  38              		.file 13 "/home/fanxinhao/Work/LiteOS_Lab_2/iot_link/os/liteos/include/los_memory.h"
  39              		.file 14 "/home/fanxinhao/Work/LiteOS_Lab_2/iot_link/os/liteos/base/mem/common/los_memcheck.c"
ARM GAS  /tmp/ccO3TEdy.s 			page 2


DEFINED SYMBOLS
                            *ABS*:0000000000000000 los_memcheck.c
     /tmp/ccO3TEdy.s:22     .bss.memexc_count:0000000000000000 memexc_count
     /tmp/ccO3TEdy.s:19     .bss.memexc_count:0000000000000000 $d

NO UNDEFINED SYMBOLS
