GAS LISTING /tmp/ccpDSNCy.s 			page 1


   1              		.file	"wscanf_s.c"
   2              		.text
   3              	.Ltext0:
   4              		.section	.text.wscanf_s,"ax",@progbits
   5              		.globl	wscanf_s
   7              	wscanf_s:
   8              	.LFB6:
   9              		.file 1 "/home/xingli/share/1205tiny/secure_c/src/wscanf_s.c"
   1:/home/xingli/share/1205tiny/secure_c/src/wscanf_s.c **** /*
   2:/home/xingli/share/1205tiny/secure_c/src/wscanf_s.c ****  * Copyright (c) [2019] Huawei Technologies Co.,Ltd.All rights reserved.
   3:/home/xingli/share/1205tiny/secure_c/src/wscanf_s.c ****  *
   4:/home/xingli/share/1205tiny/secure_c/src/wscanf_s.c ****  * OpenArkCompiler is licensed under the Mulan PSL v1. 
   5:/home/xingli/share/1205tiny/secure_c/src/wscanf_s.c ****  * You can use this software according to the terms and conditions of the Mulan PSL v1.
   6:/home/xingli/share/1205tiny/secure_c/src/wscanf_s.c ****  * You may obtain a copy of Mulan PSL v1 at:
   7:/home/xingli/share/1205tiny/secure_c/src/wscanf_s.c ****  *
   8:/home/xingli/share/1205tiny/secure_c/src/wscanf_s.c ****  * 	http://license.coscl.org.cn/MulanPSL 
   9:/home/xingli/share/1205tiny/secure_c/src/wscanf_s.c ****  *
  10:/home/xingli/share/1205tiny/secure_c/src/wscanf_s.c ****  * THIS SOFTWARE IS PROVIDED ON AN "AS IS" BASIS, WITHOUT WARRANTIES OF ANY KIND, EITHER 
  11:/home/xingli/share/1205tiny/secure_c/src/wscanf_s.c ****  * EXPRESS OR IMPLIED, INCLUDING BUT NOT LIMITED TO NON-INFRINGEMENT, MERCHANTABILITY OR
  12:/home/xingli/share/1205tiny/secure_c/src/wscanf_s.c ****  * FIT FOR A PARTICULAR PURPOSE.  
  13:/home/xingli/share/1205tiny/secure_c/src/wscanf_s.c ****  * See the Mulan PSL v1 for more details.  
  14:/home/xingli/share/1205tiny/secure_c/src/wscanf_s.c ****  */
  15:/home/xingli/share/1205tiny/secure_c/src/wscanf_s.c **** 
  16:/home/xingli/share/1205tiny/secure_c/src/wscanf_s.c **** #include "securec.h"
  17:/home/xingli/share/1205tiny/secure_c/src/wscanf_s.c **** 
  18:/home/xingli/share/1205tiny/secure_c/src/wscanf_s.c **** /*
  19:/home/xingli/share/1205tiny/secure_c/src/wscanf_s.c ****  * <NAME>
  20:/home/xingli/share/1205tiny/secure_c/src/wscanf_s.c ****  * <FUNCTION DESCRIPTION>
  21:/home/xingli/share/1205tiny/secure_c/src/wscanf_s.c ****  *    The  wscanf_s  function  is  the  wide-character  equivalent  of the scanf_s function
  22:/home/xingli/share/1205tiny/secure_c/src/wscanf_s.c ****  *    The wscanf_s function reads data from the standard input stream stdin and
  23:/home/xingli/share/1205tiny/secure_c/src/wscanf_s.c ****  *    writes the data into the location that's given by argument. Each argument
  24:/home/xingli/share/1205tiny/secure_c/src/wscanf_s.c ****  *    must be a pointer to a variable of a type that corresponds to a type specifier
  25:/home/xingli/share/1205tiny/secure_c/src/wscanf_s.c ****  *    in format. If copying occurs between strings that overlap, the behavior is
  26:/home/xingli/share/1205tiny/secure_c/src/wscanf_s.c ****  *    undefined.
  27:/home/xingli/share/1205tiny/secure_c/src/wscanf_s.c ****  *
  28:/home/xingli/share/1205tiny/secure_c/src/wscanf_s.c ****  * <INPUT PARAMETERS>
  29:/home/xingli/share/1205tiny/secure_c/src/wscanf_s.c ****  *    format                  Format control string.
  30:/home/xingli/share/1205tiny/secure_c/src/wscanf_s.c ****  *    ...                         Optional arguments.
  31:/home/xingli/share/1205tiny/secure_c/src/wscanf_s.c ****  *
  32:/home/xingli/share/1205tiny/secure_c/src/wscanf_s.c ****  * <OUTPUT PARAMETERS>
  33:/home/xingli/share/1205tiny/secure_c/src/wscanf_s.c ****  *    ...                     the converted value stored in user assigned address
  34:/home/xingli/share/1205tiny/secure_c/src/wscanf_s.c ****  *
  35:/home/xingli/share/1205tiny/secure_c/src/wscanf_s.c ****  * <RETURN VALUE>
  36:/home/xingli/share/1205tiny/secure_c/src/wscanf_s.c ****  *    Returns the number of fields successfully converted and assigned;
  37:/home/xingli/share/1205tiny/secure_c/src/wscanf_s.c ****  *    the return value does not include fields that were read but not assigned.
  38:/home/xingli/share/1205tiny/secure_c/src/wscanf_s.c ****  *    A return value of 0 indicates that no fields were assigned.
  39:/home/xingli/share/1205tiny/secure_c/src/wscanf_s.c ****  *    return -1 if an error occurs.
  40:/home/xingli/share/1205tiny/secure_c/src/wscanf_s.c ****  */
  41:/home/xingli/share/1205tiny/secure_c/src/wscanf_s.c **** 
  42:/home/xingli/share/1205tiny/secure_c/src/wscanf_s.c **** int wscanf_s(const wchar_t *format, ...)
  43:/home/xingli/share/1205tiny/secure_c/src/wscanf_s.c **** {
  10              		.loc 1 43 1
  11              		.cfi_startproc
  12 0000 F30F1EFA 		endbr64
  13 0004 55       		pushq	%rbp
  14              	.LCFI0:
  15              		.cfi_def_cfa_offset 16
GAS LISTING /tmp/ccpDSNCy.s 			page 2


  16              		.cfi_offset 6, -16
  17 0005 4889E5   		movq	%rsp, %rbp
  18              	.LCFI1:
  19              		.cfi_def_cfa_register 6
  20 0008 4881ECF0 		subq	$240, %rsp
  20      000000
  21 000f 4889BD18 		movq	%rdi, -232(%rbp)
  21      FFFFFF
  22 0016 4889B558 		movq	%rsi, -168(%rbp)
  22      FFFFFF
  23 001d 48899560 		movq	%rdx, -160(%rbp)
  23      FFFFFF
  24 0024 48898D68 		movq	%rcx, -152(%rbp)
  24      FFFFFF
  25 002b 4C898570 		movq	%r8, -144(%rbp)
  25      FFFFFF
  26 0032 4C898D78 		movq	%r9, -136(%rbp)
  26      FFFFFF
  27 0039 84C0     		testb	%al, %al
  28 003b 7420     		je	.L2
  29 003d 0F294580 		movaps	%xmm0, -128(%rbp)
  30 0041 0F294D90 		movaps	%xmm1, -112(%rbp)
  31 0045 0F2955A0 		movaps	%xmm2, -96(%rbp)
  32 0049 0F295DB0 		movaps	%xmm3, -80(%rbp)
  33 004d 0F2965C0 		movaps	%xmm4, -64(%rbp)
  34 0051 0F296DD0 		movaps	%xmm5, -48(%rbp)
  35 0055 0F2975E0 		movaps	%xmm6, -32(%rbp)
  36 0059 0F297DF0 		movaps	%xmm7, -16(%rbp)
  37              	.L2:
  38              		.loc 1 43 1
  39 005d 64488B04 		movq	%fs:40, %rax
  39      25280000 
  39      00
  40 0066 48898548 		movq	%rax, -184(%rbp)
  40      FFFFFF
  41 006d 31C0     		xorl	%eax, %eax
  44:/home/xingli/share/1205tiny/secure_c/src/wscanf_s.c ****     int ret;                    /* If initialization causes  e838 */
  45:/home/xingli/share/1205tiny/secure_c/src/wscanf_s.c ****     va_list argList;
  46:/home/xingli/share/1205tiny/secure_c/src/wscanf_s.c **** 
  47:/home/xingli/share/1205tiny/secure_c/src/wscanf_s.c ****     va_start(argList, format);
  42              		.loc 1 47 5
  43 006f C78530FF 		movl	$8, -208(%rbp)
  43      FFFF0800 
  43      0000
  44 0079 C78534FF 		movl	$48, -204(%rbp)
  44      FFFF3000 
  44      0000
  45 0083 488D4510 		leaq	16(%rbp), %rax
  46 0087 48898538 		movq	%rax, -200(%rbp)
  46      FFFFFF
  47 008e 488D8550 		leaq	-176(%rbp), %rax
  47      FFFFFF
  48 0095 48898540 		movq	%rax, -192(%rbp)
  48      FFFFFF
  48:/home/xingli/share/1205tiny/secure_c/src/wscanf_s.c ****     ret = vwscanf_s(format, argList);
  49              		.loc 1 48 11
  50 009c 488D9530 		leaq	-208(%rbp), %rdx
GAS LISTING /tmp/ccpDSNCy.s 			page 3


  50      FFFFFF
  51 00a3 488B8518 		movq	-232(%rbp), %rax
  51      FFFFFF
  52 00aa 4889D6   		movq	%rdx, %rsi
  53 00ad 4889C7   		movq	%rax, %rdi
  54 00b0 E8000000 		call	vwscanf_s@PLT
  54      00
  55 00b5 89852CFF 		movl	%eax, -212(%rbp)
  55      FFFF
  49:/home/xingli/share/1205tiny/secure_c/src/wscanf_s.c ****     va_end(argList);
  50:/home/xingli/share/1205tiny/secure_c/src/wscanf_s.c ****     (void)argList;              /* to clear e438 last value assigned not used , the compiler will o
  51:/home/xingli/share/1205tiny/secure_c/src/wscanf_s.c **** 
  52:/home/xingli/share/1205tiny/secure_c/src/wscanf_s.c ****     return ret;
  56              		.loc 1 52 12
  57 00bb 8B852CFF 		movl	-212(%rbp), %eax
  57      FFFF
  53:/home/xingli/share/1205tiny/secure_c/src/wscanf_s.c **** }
  58              		.loc 1 53 1
  59 00c1 488B8D48 		movq	-184(%rbp), %rcx
  59      FFFFFF
  60 00c8 6448330C 		xorq	%fs:40, %rcx
  60      25280000 
  60      00
  61 00d1 7405     		je	.L4
  62 00d3 E8000000 		call	__stack_chk_fail@PLT
  62      00
  63              	.L4:
  64 00d8 C9       		leave
  65              	.LCFI2:
  66              		.cfi_def_cfa 7, 8
  67 00d9 C3       		ret
  68              		.cfi_endproc
  69              	.LFE6:
  71              		.text
  72              	.Letext0:
  73              		.file 2 "/usr/lib/gcc/x86_64-linux-gnu/9/include/stddef.h"
  74              		.file 3 "/usr/lib/gcc/x86_64-linux-gnu/9/include/stdarg.h"
  75              		.file 4 "<built-in>"
  76              		.file 5 "/usr/include/x86_64-linux-gnu/bits/types.h"
  77              		.file 6 "/usr/include/x86_64-linux-gnu/bits/types/struct_FILE.h"
  78              		.file 7 "/usr/include/x86_64-linux-gnu/bits/types/FILE.h"
  79              		.file 8 "/usr/include/stdio.h"
  80              		.file 9 "/usr/include/x86_64-linux-gnu/bits/sys_errlist.h"
 1164              		.section	.note.gnu.property,"a"
 1165              		.align 8
 1166 0000 04000000 		.long	 1f - 0f
 1167 0004 10000000 		.long	 4f - 1f
 1168 0008 05000000 		.long	 5
 1169              	0:
 1170 000c 474E5500 		.string	 "GNU"
 1171              	1:
 1172              		.align 8
 1173 0010 020000C0 		.long	 0xc0000002
 1174 0014 04000000 		.long	 3f - 2f
 1175              	2:
 1176 0018 03000000 		.long	 0x3
 1177              	3:
GAS LISTING /tmp/ccpDSNCy.s 			page 4


 1178 001c 00000000 		.align 8
 1179              	4:
GAS LISTING /tmp/ccpDSNCy.s 			page 5


DEFINED SYMBOLS
                            *ABS*:0000000000000000 wscanf_s.c
     /tmp/ccpDSNCy.s:7      .text.wscanf_s:0000000000000000 wscanf_s

UNDEFINED SYMBOLS
_GLOBAL_OFFSET_TABLE_
vwscanf_s
__stack_chk_fail
