ARM GAS  /tmp/ccxq0c6B.s 			page 1


   1              		.cpu cortex-m4
   2              		.eabi_attribute 27, 1
   3              		.eabi_attribute 28, 1
   4              		.eabi_attribute 20, 1
   5              		.eabi_attribute 21, 1
   6              		.eabi_attribute 23, 3
   7              		.eabi_attribute 24, 1
   8              		.eabi_attribute 25, 1
   9              		.eabi_attribute 26, 1
  10              		.eabi_attribute 30, 6
  11              		.eabi_attribute 34, 1
  12              		.eabi_attribute 18, 4
  13              		.file	"shell_cmd.c"
  14              		.text
  15              	.Ltext0:
  16              		.cfi_sections	.debug_frame
  17              		.section	.bss.gs_shell_cb,"aw",%nobits
  18              		.align	2
  21              	gs_shell_cb:
  22 0000 00000000 		.space	16
  22      00000000 
  22      00000000 
  22      00000000 
  23              		.section	.rodata
  24              		.align	2
  25              	.LC0:
  26 0000 434D4400 		.ascii	"CMD\000"
  27              		.align	2
  28              	.LC1:
  29 0004 56415200 		.ascii	"VAR\000"
  30              		.section	.data.gs_os_shell_type,"aw"
  31              		.align	2
  34              	gs_os_shell_type:
  35 0000 00000000 		.word	.LC0
  36 0004 04000000 		.word	.LC1
  37              		.section	.bss.tab_matches,"aw",%nobits
  38              		.align	2
  41              	tab_matches:
  42 0000 00000000 		.space	68
  42      00000000 
  42      00000000 
  42      00000000 
  42      00000000 
  43              		.section	.rodata
  44              		.align	2
  45              	.LC2:
  46 0008 5B25735D 		.ascii	"[%s][%u][%s:%d] %-16s%-5s%-4s%-10s%-20s\012\015\015"
  46      5B25755D 
  46      5B25733A 
  46      25645D20 
  46      252D3136 
  47 0032 0A00     		.ascii	"\012\000"
  48              		.align	2
  49              	.LC3:
  50 0034 44657363 		.ascii	"Description\000"
  50      72697074 
  50      696F6E00 
ARM GAS  /tmp/ccxq0c6B.s 			page 2


  51              		.align	2
  52              	.LC4:
  53 0040 52756E41 		.ascii	"RunAddr\000"
  53      64647200 
  54              		.align	2
  55              	.LC5:
  56 0048 4C656E00 		.ascii	"Len\000"
  57              		.align	2
  58              	.LC6:
  59 004c 54797065 		.ascii	"Type\000"
  59      00
  60 0051 000000   		.align	2
  61              	.LC7:
  62 0054 4E616D65 		.ascii	"Name\000"
  62      00
  63 0059 000000   		.align	2
  64              	.LC8:
  65 005c 5B25735D 		.ascii	"[%s][%u][%s:%d] %-16s%-5s%-4x%08x  %-30s\012\015\015"
  65      5B25755D 
  65      5B25733A 
  65      25645D20 
  65      252D3136 
  66 0087 0A00     		.ascii	"\012\000"
  67 0089 000000   		.align	2
  68              	.LC9:
  69 008c 5B25735D 		.ascii	"[%s][%u][%s:%d] %-2x  %-16s%-5s%-4x%08x  %-30s\012\015"
  69      5B25755D 
  69      5B25733A 
  69      25645D20 
  69      252D3278 
  70 00bc 0D0A00   		.ascii	"\015\012\000"
  71              		.section	.text.shell_cmd_help,"ax",%progbits
  72              		.align	1
  73              		.arch armv7e-m
  74              		.syntax unified
  75              		.thumb
  76              		.thumb_func
  77              		.fpu fpv4-sp-d16
  79              	shell_cmd_help:
  80              	.LFB3:
  81              		.file 1 "/home/fanxinhao/Work/LiteOS_Lab/iot_link/shell/shell_cmd.c"
   1:/home/fanxinhao/Work/LiteOS_Lab/iot_link/shell/shell_cmd.c **** /*----------------------------------------------------------------------------
   2:/home/fanxinhao/Work/LiteOS_Lab/iot_link/shell/shell_cmd.c ****  * Copyright (c) <2018>, <Huawei Technologies Co., Ltd>
   3:/home/fanxinhao/Work/LiteOS_Lab/iot_link/shell/shell_cmd.c ****  * All rights reserved.
   4:/home/fanxinhao/Work/LiteOS_Lab/iot_link/shell/shell_cmd.c ****  * Redistribution and use in source and binary forms, with or without modification,
   5:/home/fanxinhao/Work/LiteOS_Lab/iot_link/shell/shell_cmd.c ****  * are permitted provided that the following conditions are met:
   6:/home/fanxinhao/Work/LiteOS_Lab/iot_link/shell/shell_cmd.c ****  * 1. Redistributions of source code must retain the above copyright notice, this list of
   7:/home/fanxinhao/Work/LiteOS_Lab/iot_link/shell/shell_cmd.c ****  * conditions and the following disclaimer.
   8:/home/fanxinhao/Work/LiteOS_Lab/iot_link/shell/shell_cmd.c ****  * 2. Redistributions in binary form must reproduce the above copyright notice, this list
   9:/home/fanxinhao/Work/LiteOS_Lab/iot_link/shell/shell_cmd.c ****  * of conditions and the following disclaimer in the documentation and/or other materials
  10:/home/fanxinhao/Work/LiteOS_Lab/iot_link/shell/shell_cmd.c ****  * provided with the distribution.
  11:/home/fanxinhao/Work/LiteOS_Lab/iot_link/shell/shell_cmd.c ****  * 3. Neither the name of the copyright holder nor the names of its contributors may be used
  12:/home/fanxinhao/Work/LiteOS_Lab/iot_link/shell/shell_cmd.c ****  * to endorse or promote products derived from this software without specific prior written
  13:/home/fanxinhao/Work/LiteOS_Lab/iot_link/shell/shell_cmd.c ****  * permission.
  14:/home/fanxinhao/Work/LiteOS_Lab/iot_link/shell/shell_cmd.c ****  * THIS SOFTWARE IS PROVIDED BY THE COPYRIGHT HOLDERS AND CONTRIBUTORS
  15:/home/fanxinhao/Work/LiteOS_Lab/iot_link/shell/shell_cmd.c ****  * "AS IS" AND ANY EXPRESS OR IMPLIED WARRANTIES, INCLUDING, BUT NOT LIMITED TO,
  16:/home/fanxinhao/Work/LiteOS_Lab/iot_link/shell/shell_cmd.c ****  * THE IMPLIED WARRANTIES OF MERCHANTABILITY AND FITNESS FOR A PARTICULAR
ARM GAS  /tmp/ccxq0c6B.s 			page 3


  17:/home/fanxinhao/Work/LiteOS_Lab/iot_link/shell/shell_cmd.c ****  * PURPOSE ARE DISCLAIMED. IN NO EVENT SHALL THE COPYRIGHT HOLDER OR
  18:/home/fanxinhao/Work/LiteOS_Lab/iot_link/shell/shell_cmd.c ****  * CONTRIBUTORS BE LIABLE FOR ANY DIRECT, INDIRECT, INCIDENTAL, SPECIAL,
  19:/home/fanxinhao/Work/LiteOS_Lab/iot_link/shell/shell_cmd.c ****  * EXEMPLARY, OR CONSEQUENTIAL DAMAGES (INCLUDING, BUT NOT LIMITED TO,
  20:/home/fanxinhao/Work/LiteOS_Lab/iot_link/shell/shell_cmd.c ****  * PROCUREMENT OF SUBSTITUTE GOODS OR SERVICES; LOSS OF USE, DATA, OR PROFITS;
  21:/home/fanxinhao/Work/LiteOS_Lab/iot_link/shell/shell_cmd.c ****  * OR BUSINESS INTERRUPTION) HOWEVER CAUSED AND ON ANY THEORY OF LIABILITY,
  22:/home/fanxinhao/Work/LiteOS_Lab/iot_link/shell/shell_cmd.c ****  * WHETHER IN CONTRACT, STRICT LIABILITY, OR TORT (INCLUDING NEGLIGENCE OR
  23:/home/fanxinhao/Work/LiteOS_Lab/iot_link/shell/shell_cmd.c ****  * OTHERWISE) ARISING IN ANY WAY OUT OF THE USE OF THIS SOFTWARE, EVEN IF
  24:/home/fanxinhao/Work/LiteOS_Lab/iot_link/shell/shell_cmd.c ****  * ADVISED OF THE POSSIBILITY OF SUCH DAMAGE.
  25:/home/fanxinhao/Work/LiteOS_Lab/iot_link/shell/shell_cmd.c ****  *---------------------------------------------------------------------------*/
  26:/home/fanxinhao/Work/LiteOS_Lab/iot_link/shell/shell_cmd.c **** /*----------------------------------------------------------------------------
  27:/home/fanxinhao/Work/LiteOS_Lab/iot_link/shell/shell_cmd.c ****  * Notice of Export Control Law
  28:/home/fanxinhao/Work/LiteOS_Lab/iot_link/shell/shell_cmd.c ****  * ===============================================
  29:/home/fanxinhao/Work/LiteOS_Lab/iot_link/shell/shell_cmd.c ****  * Huawei LiteOS may be subject to applicable export control laws and regulations, which might
  30:/home/fanxinhao/Work/LiteOS_Lab/iot_link/shell/shell_cmd.c ****  * include those applicable to Huawei LiteOS of U.S. and the country in which you are located.
  31:/home/fanxinhao/Work/LiteOS_Lab/iot_link/shell/shell_cmd.c ****  * Import, export and usage of Huawei LiteOS in any manner by you shall be in compliance with such
  32:/home/fanxinhao/Work/LiteOS_Lab/iot_link/shell/shell_cmd.c ****  * applicable export control laws and regulations.
  33:/home/fanxinhao/Work/LiteOS_Lab/iot_link/shell/shell_cmd.c ****  *---------------------------------------------------------------------------*/
  34:/home/fanxinhao/Work/LiteOS_Lab/iot_link/shell/shell_cmd.c **** /**
  35:/home/fanxinhao/Work/LiteOS_Lab/iot_link/shell/shell_cmd.c ****  *  DATE                AUTHOR      INSTRUCTION
  36:/home/fanxinhao/Work/LiteOS_Lab/iot_link/shell/shell_cmd.c ****  *  2019-05-14 17:22  zhangqianfu  The first version
  37:/home/fanxinhao/Work/LiteOS_Lab/iot_link/shell/shell_cmd.c ****  *
  38:/home/fanxinhao/Work/LiteOS_Lab/iot_link/shell/shell_cmd.c ****  */
  39:/home/fanxinhao/Work/LiteOS_Lab/iot_link/shell/shell_cmd.c **** 
  40:/home/fanxinhao/Work/LiteOS_Lab/iot_link/shell/shell_cmd.c **** /**********************************README***************************************
  41:/home/fanxinhao/Work/LiteOS_Lab/iot_link/shell/shell_cmd.c ****  * 1, we will load the command table in shell_cmd_init
  42:/home/fanxinhao/Work/LiteOS_Lab/iot_link/shell/shell_cmd.c ****  * 2, uptil now, we support the keil,gcc,you could add more compiler here
  43:/home/fanxinhao/Work/LiteOS_Lab/iot_link/shell/shell_cmd.c ****  *    make sure you get the method to define a section and know its address and size
  44:/home/fanxinhao/Work/LiteOS_Lab/iot_link/shell/shell_cmd.c **** *******************************************************************************/
  45:/home/fanxinhao/Work/LiteOS_Lab/iot_link/shell/shell_cmd.c **** 
  46:/home/fanxinhao/Work/LiteOS_Lab/iot_link/shell/shell_cmd.c **** 
  47:/home/fanxinhao/Work/LiteOS_Lab/iot_link/shell/shell_cmd.c **** /**************************************FILE INCLIUDES**************************/
  48:/home/fanxinhao/Work/LiteOS_Lab/iot_link/shell/shell_cmd.c **** 
  49:/home/fanxinhao/Work/LiteOS_Lab/iot_link/shell/shell_cmd.c **** #if CONFIG_SHELL_ENABLE
  50:/home/fanxinhao/Work/LiteOS_Lab/iot_link/shell/shell_cmd.c **** 
  51:/home/fanxinhao/Work/LiteOS_Lab/iot_link/shell/shell_cmd.c **** #include <stdint.h>
  52:/home/fanxinhao/Work/LiteOS_Lab/iot_link/shell/shell_cmd.c **** #include <stddef.h>
  53:/home/fanxinhao/Work/LiteOS_Lab/iot_link/shell/shell_cmd.c **** #include <stdio.h>
  54:/home/fanxinhao/Work/LiteOS_Lab/iot_link/shell/shell_cmd.c **** #include <string.h>
  55:/home/fanxinhao/Work/LiteOS_Lab/iot_link/shell/shell_cmd.c **** #include <stdlib.h>
  56:/home/fanxinhao/Work/LiteOS_Lab/iot_link/shell/shell_cmd.c **** #include <shell.h>
  57:/home/fanxinhao/Work/LiteOS_Lab/iot_link/shell/shell_cmd.c **** #include <link_misc.h>
  58:/home/fanxinhao/Work/LiteOS_Lab/iot_link/shell/shell_cmd.c **** #include <link_log.h>
  59:/home/fanxinhao/Work/LiteOS_Lab/iot_link/shell/shell_cmd.c **** 
  60:/home/fanxinhao/Work/LiteOS_Lab/iot_link/shell/shell_cmd.c **** 
  61:/home/fanxinhao/Work/LiteOS_Lab/iot_link/shell/shell_cmd.c **** typedef int (*fn_shell_cmdentry)(int argc, const char *argv[]);
  62:/home/fanxinhao/Work/LiteOS_Lab/iot_link/shell/shell_cmd.c **** 
  63:/home/fanxinhao/Work/LiteOS_Lab/iot_link/shell/shell_cmd.c **** 
  64:/home/fanxinhao/Work/LiteOS_Lab/iot_link/shell/shell_cmd.c **** /**************************************FILE DEFINES****************************/
  65:/home/fanxinhao/Work/LiteOS_Lab/iot_link/shell/shell_cmd.c **** #define cn_shell_args       16     //at most could support 16 parameters for command
  66:/home/fanxinhao/Work/LiteOS_Lab/iot_link/shell/shell_cmd.c **** #define cn_shell_ver_major  1
  67:/home/fanxinhao/Work/LiteOS_Lab/iot_link/shell/shell_cmd.c **** #define cn_shell_ver_minor  0
  68:/home/fanxinhao/Work/LiteOS_Lab/iot_link/shell/shell_cmd.c **** 
  69:/home/fanxinhao/Work/LiteOS_Lab/iot_link/shell/shell_cmd.c **** /**************************************FILE DATA STRUCTURE*********************/
  70:/home/fanxinhao/Work/LiteOS_Lab/iot_link/shell/shell_cmd.c **** struct shell_cb_t
  71:/home/fanxinhao/Work/LiteOS_Lab/iot_link/shell/shell_cmd.c **** {
  72:/home/fanxinhao/Work/LiteOS_Lab/iot_link/shell/shell_cmd.c ****     struct shell_item_t *s;      //static tabs
  73:/home/fanxinhao/Work/LiteOS_Lab/iot_link/shell/shell_cmd.c ****     int                  s_num;  //static number
ARM GAS  /tmp/ccxq0c6B.s 			page 4


  74:/home/fanxinhao/Work/LiteOS_Lab/iot_link/shell/shell_cmd.c ****     struct shell_item_t *d;      //dynamic list
  75:/home/fanxinhao/Work/LiteOS_Lab/iot_link/shell/shell_cmd.c ****     int                  d_num;  //dynamic number;
  76:/home/fanxinhao/Work/LiteOS_Lab/iot_link/shell/shell_cmd.c **** };
  77:/home/fanxinhao/Work/LiteOS_Lab/iot_link/shell/shell_cmd.c **** 
  78:/home/fanxinhao/Work/LiteOS_Lab/iot_link/shell/shell_cmd.c **** 
  79:/home/fanxinhao/Work/LiteOS_Lab/iot_link/shell/shell_cmd.c **** /**************************************FILE VARS*******************************/
  80:/home/fanxinhao/Work/LiteOS_Lab/iot_link/shell/shell_cmd.c **** static struct shell_cb_t gs_shell_cb; //shell controller here
  81:/home/fanxinhao/Work/LiteOS_Lab/iot_link/shell/shell_cmd.c **** 
  82:/home/fanxinhao/Work/LiteOS_Lab/iot_link/shell/shell_cmd.c **** static const char *gs_os_shell_type[EN_OSSHELL_LAST]={
  83:/home/fanxinhao/Work/LiteOS_Lab/iot_link/shell/shell_cmd.c ****     "CMD",\
  84:/home/fanxinhao/Work/LiteOS_Lab/iot_link/shell/shell_cmd.c ****     "VAR",
  85:/home/fanxinhao/Work/LiteOS_Lab/iot_link/shell/shell_cmd.c **** };//this will be used in show the shell type
  86:/home/fanxinhao/Work/LiteOS_Lab/iot_link/shell/shell_cmd.c **** static struct shell_tab_matches tab_matches;
  87:/home/fanxinhao/Work/LiteOS_Lab/iot_link/shell/shell_cmd.c **** /**************************************FILE FUNCTIONS**************************/
  88:/home/fanxinhao/Work/LiteOS_Lab/iot_link/shell/shell_cmd.c **** //export functions
  89:/home/fanxinhao/Work/LiteOS_Lab/iot_link/shell/shell_cmd.c **** int   shell_cmd_execute(char *param);            //execute the command
  90:/home/fanxinhao/Work/LiteOS_Lab/iot_link/shell/shell_cmd.c **** int   shell_cmd_init(void);                      //do the command table load
  91:/home/fanxinhao/Work/LiteOS_Lab/iot_link/shell/shell_cmd.c **** const struct shell_tab_matches *shell_cmd_index(const char *index);  //find the most like command
  92:/home/fanxinhao/Work/LiteOS_Lab/iot_link/shell/shell_cmd.c **** 
  93:/home/fanxinhao/Work/LiteOS_Lab/iot_link/shell/shell_cmd.c **** 
  94:/home/fanxinhao/Work/LiteOS_Lab/iot_link/shell/shell_cmd.c **** /**************************************FILE FUNCIMPLEMENT**********************/
  95:/home/fanxinhao/Work/LiteOS_Lab/iot_link/shell/shell_cmd.c **** 
  96:/home/fanxinhao/Work/LiteOS_Lab/iot_link/shell/shell_cmd.c **** /*******************************************************************************
  97:/home/fanxinhao/Work/LiteOS_Lab/iot_link/shell/shell_cmd.c **** function     :system help
  98:/home/fanxinhao/Work/LiteOS_Lab/iot_link/shell/shell_cmd.c **** parameters   :
  99:/home/fanxinhao/Work/LiteOS_Lab/iot_link/shell/shell_cmd.c **** instruction  :take care of help specified command
 100:/home/fanxinhao/Work/LiteOS_Lab/iot_link/shell/shell_cmd.c **** *******************************************************************************/
 101:/home/fanxinhao/Work/LiteOS_Lab/iot_link/shell/shell_cmd.c **** static int   shell_cmd_help(int argc, const char *argv[]){
  82              		.loc 1 101 58
  83              		.cfi_startproc
  84              		@ args = 0, pretend = 0, frame = 16
  85              		@ frame_needed = 1, uses_anonymous_args = 0
  86 0000 F0B5     		push	{r4, r5, r6, r7, lr}
  87              	.LCFI0:
  88              		.cfi_def_cfa_offset 20
  89              		.cfi_offset 4, -20
  90              		.cfi_offset 5, -16
  91              		.cfi_offset 6, -12
  92              		.cfi_offset 7, -8
  93              		.cfi_offset 14, -4
  94 0002 8DB0     		sub	sp, sp, #52
  95              	.LCFI1:
  96              		.cfi_def_cfa_offset 72
  97 0004 08AF     		add	r7, sp, #32
  98              	.LCFI2:
  99              		.cfi_def_cfa 7, 40
 100 0006 7860     		str	r0, [r7, #4]
 101 0008 3960     		str	r1, [r7]
 102:/home/fanxinhao/Work/LiteOS_Lab/iot_link/shell/shell_cmd.c ****     int   i ;
 103:/home/fanxinhao/Work/LiteOS_Lab/iot_link/shell/shell_cmd.c ****     struct shell_item_t *item;
 104:/home/fanxinhao/Work/LiteOS_Lab/iot_link/shell/shell_cmd.c **** 
 105:/home/fanxinhao/Work/LiteOS_Lab/iot_link/shell/shell_cmd.c ****     (void) item;
 106:/home/fanxinhao/Work/LiteOS_Lab/iot_link/shell/shell_cmd.c ****     (void) gs_os_shell_type;
 107:/home/fanxinhao/Work/LiteOS_Lab/iot_link/shell/shell_cmd.c **** 
 108:/home/fanxinhao/Work/LiteOS_Lab/iot_link/shell/shell_cmd.c ****     LINK_LOG_DEBUG("%-16s%-5s%-4s%-10s%-20s\n\r",\
 102              		.loc 1 108 5
 103 000a FFF7FEFF 		bl	link_log_level_get
ARM GAS  /tmp/ccxq0c6B.s 			page 5


 104 000e 0346     		mov	r3, r0
 105 0010 012B     		cmp	r3, #1
 106 0012 18D8     		bhi	.L2
 107              		.loc 1 108 5 is_stmt 0 discriminator 1
 108 0014 0120     		movs	r0, #1
 109 0016 FFF7FEFF 		bl	link_log_level_name
 110 001a 0446     		mov	r4, r0
 111 001c FFF7FEFF 		bl	osal_sys_time
 112 0020 0246     		mov	r2, r0
 113 0022 0B46     		mov	r3, r1
 114 0024 484B     		ldr	r3, .L10
 115 0026 0593     		str	r3, [sp, #20]
 116 0028 484B     		ldr	r3, .L10+4
 117 002a 0493     		str	r3, [sp, #16]
 118 002c 484B     		ldr	r3, .L10+8
 119 002e 0393     		str	r3, [sp, #12]
 120 0030 484B     		ldr	r3, .L10+12
 121 0032 0293     		str	r3, [sp, #8]
 122 0034 484B     		ldr	r3, .L10+16
 123 0036 0193     		str	r3, [sp, #4]
 124 0038 6C23     		movs	r3, #108
 125 003a 0093     		str	r3, [sp]
 126 003c 474B     		ldr	r3, .L10+20
 127 003e 2146     		mov	r1, r4
 128 0040 4748     		ldr	r0, .L10+24
 129 0042 FFF7FEFF 		bl	printf
 130              	.L2:
 109:/home/fanxinhao/Work/LiteOS_Lab/iot_link/shell/shell_cmd.c ****             "Name","Type","Len","RunAddr","Description");
 110:/home/fanxinhao/Work/LiteOS_Lab/iot_link/shell/shell_cmd.c ****     for(i = 0;i <gs_shell_cb.s_num;i++){
 131              		.loc 1 110 11 is_stmt 1
 132 0046 0023     		movs	r3, #0
 133 0048 FB60     		str	r3, [r7, #12]
 134              		.loc 1 110 5
 135 004a 34E0     		b	.L3
 136              	.L5:
 111:/home/fanxinhao/Work/LiteOS_Lab/iot_link/shell/shell_cmd.c ****         item = &(gs_shell_cb.s[i]);
 137              		.loc 1 111 29
 138 004c 454B     		ldr	r3, .L10+28
 139 004e 1A68     		ldr	r2, [r3]
 140              		.loc 1 111 31
 141 0050 FB68     		ldr	r3, [r7, #12]
 142 0052 1B01     		lsls	r3, r3, #4
 143              		.loc 1 111 14
 144 0054 1344     		add	r3, r3, r2
 145 0056 BB60     		str	r3, [r7, #8]
 112:/home/fanxinhao/Work/LiteOS_Lab/iot_link/shell/shell_cmd.c ****         LINK_LOG_DEBUG("%-16s%-5s%-4x%08x  %-30s\n\r",\
 146              		.loc 1 112 9
 147 0058 FFF7FEFF 		bl	link_log_level_get
 148 005c 0346     		mov	r3, r0
 149 005e 012B     		cmp	r3, #1
 150 0060 26D8     		bhi	.L4
 151              		.loc 1 112 9 is_stmt 0 discriminator 1
 152 0062 0120     		movs	r0, #1
 153 0064 FFF7FEFF 		bl	link_log_level_name
 154 0068 0446     		mov	r4, r0
 155 006a FFF7FEFF 		bl	osal_sys_time
 156 006e 0246     		mov	r2, r0
ARM GAS  /tmp/ccxq0c6B.s 			page 6


 157 0070 0B46     		mov	r3, r1
 158 0072 1646     		mov	r6, r2
 159 0074 BB68     		ldr	r3, [r7, #8]
 160 0076 1B68     		ldr	r3, [r3]
 161 0078 BA68     		ldr	r2, [r7, #8]
 162 007a 9289     		ldrh	r2, [r2, #12]
 163 007c 02F00102 		and	r2, r2, #1
 164 0080 3949     		ldr	r1, .L10+32
 165 0082 51F82220 		ldr	r2, [r1, r2, lsl #2]
 166 0086 B968     		ldr	r1, [r7, #8]
 167 0088 C989     		ldrh	r1, [r1, #14]
 168 008a 0846     		mov	r0, r1
 169 008c B968     		ldr	r1, [r7, #8]
 170 008e 8968     		ldr	r1, [r1, #8]
 171 0090 0D46     		mov	r5, r1
 172 0092 B968     		ldr	r1, [r7, #8]
 173 0094 4968     		ldr	r1, [r1, #4]
 174 0096 0591     		str	r1, [sp, #20]
 175 0098 0495     		str	r5, [sp, #16]
 176 009a 0390     		str	r0, [sp, #12]
 177 009c 0292     		str	r2, [sp, #8]
 178 009e 0193     		str	r3, [sp, #4]
 179 00a0 7023     		movs	r3, #112
 180 00a2 0093     		str	r3, [sp]
 181 00a4 2D4B     		ldr	r3, .L10+20
 182 00a6 3246     		mov	r2, r6
 183 00a8 2146     		mov	r1, r4
 184 00aa 3048     		ldr	r0, .L10+36
 185 00ac FFF7FEFF 		bl	printf
 186              	.L4:
 110:/home/fanxinhao/Work/LiteOS_Lab/iot_link/shell/shell_cmd.c ****         item = &(gs_shell_cb.s[i]);
 187              		.loc 1 110 37 is_stmt 1 discriminator 2
 188 00b0 FB68     		ldr	r3, [r7, #12]
 189 00b2 0133     		adds	r3, r3, #1
 190 00b4 FB60     		str	r3, [r7, #12]
 191              	.L3:
 110:/home/fanxinhao/Work/LiteOS_Lab/iot_link/shell/shell_cmd.c ****         item = &(gs_shell_cb.s[i]);
 192              		.loc 1 110 29 discriminator 1
 193 00b6 2B4B     		ldr	r3, .L10+28
 194 00b8 5B68     		ldr	r3, [r3, #4]
 110:/home/fanxinhao/Work/LiteOS_Lab/iot_link/shell/shell_cmd.c ****         item = &(gs_shell_cb.s[i]);
 195              		.loc 1 110 5 discriminator 1
 196 00ba FA68     		ldr	r2, [r7, #12]
 197 00bc 9A42     		cmp	r2, r3
 198 00be C5DB     		blt	.L5
 113:/home/fanxinhao/Work/LiteOS_Lab/iot_link/shell/shell_cmd.c ****                 item->name,gs_os_shell_type[item->type%EN_OSSHELL_LAST],\
 114:/home/fanxinhao/Work/LiteOS_Lab/iot_link/shell/shell_cmd.c ****                 item->len,(unsigned int)item->addr,item->help);
 115:/home/fanxinhao/Work/LiteOS_Lab/iot_link/shell/shell_cmd.c ****     }
 116:/home/fanxinhao/Work/LiteOS_Lab/iot_link/shell/shell_cmd.c ****     for(i = 0;i <gs_shell_cb.d_num;i++){
 199              		.loc 1 116 11
 200 00c0 0023     		movs	r3, #0
 201 00c2 FB60     		str	r3, [r7, #12]
 202              		.loc 1 116 5
 203 00c4 36E0     		b	.L6
 204              	.L8:
 117:/home/fanxinhao/Work/LiteOS_Lab/iot_link/shell/shell_cmd.c ****         item = &(gs_shell_cb.d[i]);
 205              		.loc 1 117 29
ARM GAS  /tmp/ccxq0c6B.s 			page 7


 206 00c6 274B     		ldr	r3, .L10+28
 207 00c8 9A68     		ldr	r2, [r3, #8]
 208              		.loc 1 117 31
 209 00ca FB68     		ldr	r3, [r7, #12]
 210 00cc 1B01     		lsls	r3, r3, #4
 211              		.loc 1 117 14
 212 00ce 1344     		add	r3, r3, r2
 213 00d0 BB60     		str	r3, [r7, #8]
 118:/home/fanxinhao/Work/LiteOS_Lab/iot_link/shell/shell_cmd.c ****         LINK_LOG_DEBUG("%-2x  %-16s%-5s%-4x%08x  %-30s\n\r",\
 214              		.loc 1 118 9
 215 00d2 FFF7FEFF 		bl	link_log_level_get
 216 00d6 0346     		mov	r3, r0
 217 00d8 012B     		cmp	r3, #1
 218 00da 28D8     		bhi	.L7
 219              		.loc 1 118 9 is_stmt 0 discriminator 1
 220 00dc 0120     		movs	r0, #1
 221 00de FFF7FEFF 		bl	link_log_level_name
 222 00e2 0446     		mov	r4, r0
 223 00e4 FFF7FEFF 		bl	osal_sys_time
 224 00e8 0246     		mov	r2, r0
 225 00ea 0B46     		mov	r3, r1
 226 00ec 1646     		mov	r6, r2
 227 00ee BB68     		ldr	r3, [r7, #8]
 228 00f0 1B68     		ldr	r3, [r3]
 229 00f2 BA68     		ldr	r2, [r7, #8]
 230 00f4 9289     		ldrh	r2, [r2, #12]
 231 00f6 02F00102 		and	r2, r2, #1
 232 00fa 1B49     		ldr	r1, .L10+32
 233 00fc 51F82220 		ldr	r2, [r1, r2, lsl #2]
 234 0100 B968     		ldr	r1, [r7, #8]
 235 0102 C989     		ldrh	r1, [r1, #14]
 236 0104 0846     		mov	r0, r1
 237 0106 B968     		ldr	r1, [r7, #8]
 238 0108 8968     		ldr	r1, [r1, #8]
 239 010a 0D46     		mov	r5, r1
 240 010c B968     		ldr	r1, [r7, #8]
 241 010e 4968     		ldr	r1, [r1, #4]
 242 0110 0691     		str	r1, [sp, #24]
 243 0112 0595     		str	r5, [sp, #20]
 244 0114 0490     		str	r0, [sp, #16]
 245 0116 0392     		str	r2, [sp, #12]
 246 0118 0293     		str	r3, [sp, #8]
 247 011a FB68     		ldr	r3, [r7, #12]
 248 011c 0193     		str	r3, [sp, #4]
 249 011e 7623     		movs	r3, #118
 250 0120 0093     		str	r3, [sp]
 251 0122 0E4B     		ldr	r3, .L10+20
 252 0124 3246     		mov	r2, r6
 253 0126 2146     		mov	r1, r4
 254 0128 1148     		ldr	r0, .L10+40
 255 012a FFF7FEFF 		bl	printf
 256              	.L7:
 116:/home/fanxinhao/Work/LiteOS_Lab/iot_link/shell/shell_cmd.c ****         item = &(gs_shell_cb.d[i]);
 257              		.loc 1 116 37 is_stmt 1 discriminator 2
 258 012e FB68     		ldr	r3, [r7, #12]
 259 0130 0133     		adds	r3, r3, #1
 260 0132 FB60     		str	r3, [r7, #12]
ARM GAS  /tmp/ccxq0c6B.s 			page 8


 261              	.L6:
 116:/home/fanxinhao/Work/LiteOS_Lab/iot_link/shell/shell_cmd.c ****         item = &(gs_shell_cb.d[i]);
 262              		.loc 1 116 29 discriminator 1
 263 0134 0B4B     		ldr	r3, .L10+28
 264 0136 DB68     		ldr	r3, [r3, #12]
 116:/home/fanxinhao/Work/LiteOS_Lab/iot_link/shell/shell_cmd.c ****         item = &(gs_shell_cb.d[i]);
 265              		.loc 1 116 5 discriminator 1
 266 0138 FA68     		ldr	r2, [r7, #12]
 267 013a 9A42     		cmp	r2, r3
 268 013c C3DB     		blt	.L8
 119:/home/fanxinhao/Work/LiteOS_Lab/iot_link/shell/shell_cmd.c ****                 i,item->name,gs_os_shell_type[item->type%EN_OSSHELL_LAST],\
 120:/home/fanxinhao/Work/LiteOS_Lab/iot_link/shell/shell_cmd.c ****                 item->len,(unsigned int)item->addr,item->help);
 121:/home/fanxinhao/Work/LiteOS_Lab/iot_link/shell/shell_cmd.c ****     }
 122:/home/fanxinhao/Work/LiteOS_Lab/iot_link/shell/shell_cmd.c ****     return 0;
 269              		.loc 1 122 12
 270 013e 0023     		movs	r3, #0
 123:/home/fanxinhao/Work/LiteOS_Lab/iot_link/shell/shell_cmd.c **** }
 271              		.loc 1 123 1
 272 0140 1846     		mov	r0, r3
 273 0142 1437     		adds	r7, r7, #20
 274              	.LCFI3:
 275              		.cfi_def_cfa_offset 20
 276 0144 BD46     		mov	sp, r7
 277              	.LCFI4:
 278              		.cfi_def_cfa_register 13
 279              		@ sp needed
 280 0146 F0BD     		pop	{r4, r5, r6, r7, pc}
 281              	.L11:
 282              		.align	2
 283              	.L10:
 284 0148 34000000 		.word	.LC3
 285 014c 40000000 		.word	.LC4
 286 0150 48000000 		.word	.LC5
 287 0154 4C000000 		.word	.LC6
 288 0158 54000000 		.word	.LC7
 289 015c 00000000 		.word	__FUNCTION__.7296
 290 0160 08000000 		.word	.LC2
 291 0164 00000000 		.word	gs_shell_cb
 292 0168 00000000 		.word	gs_os_shell_type
 293 016c 5C000000 		.word	.LC8
 294 0170 8C000000 		.word	.LC9
 295              		.cfi_endproc
 296              	.LFE3:
 298              		.section	.text.shell_cmd_match,"ax",%progbits
 299              		.align	1
 300              		.syntax unified
 301              		.thumb
 302              		.thumb_func
 303              		.fpu fpv4-sp-d16
 305              	shell_cmd_match:
 306              	.LFB4:
 124:/home/fanxinhao/Work/LiteOS_Lab/iot_link/shell/shell_cmd.c **** 
 125:/home/fanxinhao/Work/LiteOS_Lab/iot_link/shell/shell_cmd.c **** /*******************************************************************************
 126:/home/fanxinhao/Work/LiteOS_Lab/iot_link/shell/shell_cmd.c **** function     :used to find the command
 127:/home/fanxinhao/Work/LiteOS_Lab/iot_link/shell/shell_cmd.c **** parameters   :
 128:/home/fanxinhao/Work/LiteOS_Lab/iot_link/shell/shell_cmd.c **** instruction  :
 129:/home/fanxinhao/Work/LiteOS_Lab/iot_link/shell/shell_cmd.c **** *******************************************************************************/
ARM GAS  /tmp/ccxq0c6B.s 			page 9


 130:/home/fanxinhao/Work/LiteOS_Lab/iot_link/shell/shell_cmd.c **** static struct shell_item_t *shell_cmd_match(const char *name)
 131:/home/fanxinhao/Work/LiteOS_Lab/iot_link/shell/shell_cmd.c **** {
 307              		.loc 1 131 1
 308              		.cfi_startproc
 309              		@ args = 0, pretend = 0, frame = 24
 310              		@ frame_needed = 1, uses_anonymous_args = 0
 311 0000 80B5     		push	{r7, lr}
 312              	.LCFI5:
 313              		.cfi_def_cfa_offset 8
 314              		.cfi_offset 7, -8
 315              		.cfi_offset 14, -4
 316 0002 86B0     		sub	sp, sp, #24
 317              	.LCFI6:
 318              		.cfi_def_cfa_offset 32
 319 0004 00AF     		add	r7, sp, #0
 320              	.LCFI7:
 321              		.cfi_def_cfa_register 7
 322 0006 7860     		str	r0, [r7, #4]
 132:/home/fanxinhao/Work/LiteOS_Lab/iot_link/shell/shell_cmd.c ****     struct shell_item_t *item = NULL;
 323              		.loc 1 132 26
 324 0008 0023     		movs	r3, #0
 325 000a FB60     		str	r3, [r7, #12]
 133:/home/fanxinhao/Work/LiteOS_Lab/iot_link/shell/shell_cmd.c ****     struct shell_item_t  *ret = NULL;
 326              		.loc 1 133 27
 327 000c 0023     		movs	r3, #0
 328 000e 7B61     		str	r3, [r7, #20]
 134:/home/fanxinhao/Work/LiteOS_Lab/iot_link/shell/shell_cmd.c ****     int   i;
 135:/home/fanxinhao/Work/LiteOS_Lab/iot_link/shell/shell_cmd.c ****     //search the static tab first,if not found then find the dynamic tab
 136:/home/fanxinhao/Work/LiteOS_Lab/iot_link/shell/shell_cmd.c ****     ret = NULL;
 329              		.loc 1 136 9
 330 0010 0023     		movs	r3, #0
 331 0012 7B61     		str	r3, [r7, #20]
 137:/home/fanxinhao/Work/LiteOS_Lab/iot_link/shell/shell_cmd.c ****     for(i = 0;i <gs_shell_cb.s_num;i++){
 332              		.loc 1 137 11
 333 0014 0023     		movs	r3, #0
 334 0016 3B61     		str	r3, [r7, #16]
 335              		.loc 1 137 5
 336 0018 14E0     		b	.L13
 337              	.L16:
 138:/home/fanxinhao/Work/LiteOS_Lab/iot_link/shell/shell_cmd.c ****         item = &(gs_shell_cb.s[i]);
 338              		.loc 1 138 29
 339 001a 1F4B     		ldr	r3, .L22
 340 001c 1A68     		ldr	r2, [r3]
 341              		.loc 1 138 31
 342 001e 3B69     		ldr	r3, [r7, #16]
 343 0020 1B01     		lsls	r3, r3, #4
 344              		.loc 1 138 14
 345 0022 1344     		add	r3, r3, r2
 346 0024 FB60     		str	r3, [r7, #12]
 139:/home/fanxinhao/Work/LiteOS_Lab/iot_link/shell/shell_cmd.c ****         if(0 == strcmp(name,item->name)){
 347              		.loc 1 139 17
 348 0026 FB68     		ldr	r3, [r7, #12]
 349 0028 1B68     		ldr	r3, [r3]
 350 002a 1946     		mov	r1, r3
 351 002c 7868     		ldr	r0, [r7, #4]
 352 002e FFF7FEFF 		bl	strcmp
 353 0032 0346     		mov	r3, r0
ARM GAS  /tmp/ccxq0c6B.s 			page 10


 354              		.loc 1 139 11
 355 0034 002B     		cmp	r3, #0
 356 0036 02D1     		bne	.L14
 140:/home/fanxinhao/Work/LiteOS_Lab/iot_link/shell/shell_cmd.c ****             ret = item;
 357              		.loc 1 140 17
 358 0038 FB68     		ldr	r3, [r7, #12]
 359 003a 7B61     		str	r3, [r7, #20]
 141:/home/fanxinhao/Work/LiteOS_Lab/iot_link/shell/shell_cmd.c ****             break;
 360              		.loc 1 141 13
 361 003c 07E0     		b	.L15
 362              	.L14:
 137:/home/fanxinhao/Work/LiteOS_Lab/iot_link/shell/shell_cmd.c ****         item = &(gs_shell_cb.s[i]);
 363              		.loc 1 137 37 discriminator 2
 364 003e 3B69     		ldr	r3, [r7, #16]
 365 0040 0133     		adds	r3, r3, #1
 366 0042 3B61     		str	r3, [r7, #16]
 367              	.L13:
 137:/home/fanxinhao/Work/LiteOS_Lab/iot_link/shell/shell_cmd.c ****         item = &(gs_shell_cb.s[i]);
 368              		.loc 1 137 29 discriminator 1
 369 0044 144B     		ldr	r3, .L22
 370 0046 5B68     		ldr	r3, [r3, #4]
 137:/home/fanxinhao/Work/LiteOS_Lab/iot_link/shell/shell_cmd.c ****         item = &(gs_shell_cb.s[i]);
 371              		.loc 1 137 5 discriminator 1
 372 0048 3A69     		ldr	r2, [r7, #16]
 373 004a 9A42     		cmp	r2, r3
 374 004c E5DB     		blt	.L16
 375              	.L15:
 142:/home/fanxinhao/Work/LiteOS_Lab/iot_link/shell/shell_cmd.c ****         }
 143:/home/fanxinhao/Work/LiteOS_Lab/iot_link/shell/shell_cmd.c ****     }
 144:/home/fanxinhao/Work/LiteOS_Lab/iot_link/shell/shell_cmd.c ****     if(NULL == ret){
 376              		.loc 1 144 7
 377 004e 7B69     		ldr	r3, [r7, #20]
 378 0050 002B     		cmp	r3, #0
 379 0052 1CD1     		bne	.L17
 145:/home/fanxinhao/Work/LiteOS_Lab/iot_link/shell/shell_cmd.c ****         for(i = 0;i <gs_shell_cb.d_num;i++){
 380              		.loc 1 145 15
 381 0054 0023     		movs	r3, #0
 382 0056 3B61     		str	r3, [r7, #16]
 383              		.loc 1 145 9
 384 0058 14E0     		b	.L18
 385              	.L20:
 146:/home/fanxinhao/Work/LiteOS_Lab/iot_link/shell/shell_cmd.c ****             item = &(gs_shell_cb.d[i]);
 386              		.loc 1 146 33
 387 005a 0F4B     		ldr	r3, .L22
 388 005c 9A68     		ldr	r2, [r3, #8]
 389              		.loc 1 146 35
 390 005e 3B69     		ldr	r3, [r7, #16]
 391 0060 1B01     		lsls	r3, r3, #4
 392              		.loc 1 146 18
 393 0062 1344     		add	r3, r3, r2
 394 0064 FB60     		str	r3, [r7, #12]
 147:/home/fanxinhao/Work/LiteOS_Lab/iot_link/shell/shell_cmd.c ****             if(0 == strcmp(name,item->name)){
 395              		.loc 1 147 21
 396 0066 FB68     		ldr	r3, [r7, #12]
 397 0068 1B68     		ldr	r3, [r3]
 398 006a 1946     		mov	r1, r3
 399 006c 7868     		ldr	r0, [r7, #4]
ARM GAS  /tmp/ccxq0c6B.s 			page 11


 400 006e FFF7FEFF 		bl	strcmp
 401 0072 0346     		mov	r3, r0
 402              		.loc 1 147 15
 403 0074 002B     		cmp	r3, #0
 404 0076 02D1     		bne	.L19
 148:/home/fanxinhao/Work/LiteOS_Lab/iot_link/shell/shell_cmd.c ****                 ret = item;
 405              		.loc 1 148 21
 406 0078 FB68     		ldr	r3, [r7, #12]
 407 007a 7B61     		str	r3, [r7, #20]
 149:/home/fanxinhao/Work/LiteOS_Lab/iot_link/shell/shell_cmd.c ****                 break;
 408              		.loc 1 149 17
 409 007c 07E0     		b	.L17
 410              	.L19:
 145:/home/fanxinhao/Work/LiteOS_Lab/iot_link/shell/shell_cmd.c ****             item = &(gs_shell_cb.d[i]);
 411              		.loc 1 145 41 discriminator 2
 412 007e 3B69     		ldr	r3, [r7, #16]
 413 0080 0133     		adds	r3, r3, #1
 414 0082 3B61     		str	r3, [r7, #16]
 415              	.L18:
 145:/home/fanxinhao/Work/LiteOS_Lab/iot_link/shell/shell_cmd.c ****             item = &(gs_shell_cb.d[i]);
 416              		.loc 1 145 33 discriminator 1
 417 0084 044B     		ldr	r3, .L22
 418 0086 DB68     		ldr	r3, [r3, #12]
 145:/home/fanxinhao/Work/LiteOS_Lab/iot_link/shell/shell_cmd.c ****             item = &(gs_shell_cb.d[i]);
 419              		.loc 1 145 9 discriminator 1
 420 0088 3A69     		ldr	r2, [r7, #16]
 421 008a 9A42     		cmp	r2, r3
 422 008c E5DB     		blt	.L20
 423              	.L17:
 150:/home/fanxinhao/Work/LiteOS_Lab/iot_link/shell/shell_cmd.c ****             }
 151:/home/fanxinhao/Work/LiteOS_Lab/iot_link/shell/shell_cmd.c ****         }
 152:/home/fanxinhao/Work/LiteOS_Lab/iot_link/shell/shell_cmd.c ****     }
 153:/home/fanxinhao/Work/LiteOS_Lab/iot_link/shell/shell_cmd.c ****     return ret;
 424              		.loc 1 153 12
 425 008e 7B69     		ldr	r3, [r7, #20]
 154:/home/fanxinhao/Work/LiteOS_Lab/iot_link/shell/shell_cmd.c **** }
 426              		.loc 1 154 1
 427 0090 1846     		mov	r0, r3
 428 0092 1837     		adds	r7, r7, #24
 429              	.LCFI8:
 430              		.cfi_def_cfa_offset 8
 431 0094 BD46     		mov	sp, r7
 432              	.LCFI9:
 433              		.cfi_def_cfa_register 13
 434              		@ sp needed
 435 0096 80BD     		pop	{r7, pc}
 436              	.L23:
 437              		.align	2
 438              	.L22:
 439 0098 00000000 		.word	gs_shell_cb
 440              		.cfi_endproc
 441              	.LFE4:
 443              		.section	.text.shell_cmd_index,"ax",%progbits
 444              		.align	1
 445              		.global	shell_cmd_index
 446              		.syntax unified
 447              		.thumb
ARM GAS  /tmp/ccxq0c6B.s 			page 12


 448              		.thumb_func
 449              		.fpu fpv4-sp-d16
 451              	shell_cmd_index:
 452              	.LFB5:
 155:/home/fanxinhao/Work/LiteOS_Lab/iot_link/shell/shell_cmd.c **** 
 156:/home/fanxinhao/Work/LiteOS_Lab/iot_link/shell/shell_cmd.c **** /*******************************************************************************
 157:/home/fanxinhao/Work/LiteOS_Lab/iot_link/shell/shell_cmd.c **** function     :used to find the most like command
 158:/home/fanxinhao/Work/LiteOS_Lab/iot_link/shell/shell_cmd.c **** parameters   :
 159:/home/fanxinhao/Work/LiteOS_Lab/iot_link/shell/shell_cmd.c **** instruction  :
 160:/home/fanxinhao/Work/LiteOS_Lab/iot_link/shell/shell_cmd.c **** *******************************************************************************/
 161:/home/fanxinhao/Work/LiteOS_Lab/iot_link/shell/shell_cmd.c **** const struct shell_tab_matches *shell_cmd_index(const char *index){
 453              		.loc 1 161 67
 454              		.cfi_startproc
 455              		@ args = 0, pretend = 0, frame = 16
 456              		@ frame_needed = 1, uses_anonymous_args = 0
 457 0000 90B5     		push	{r4, r7, lr}
 458              	.LCFI10:
 459              		.cfi_def_cfa_offset 12
 460              		.cfi_offset 4, -12
 461              		.cfi_offset 7, -8
 462              		.cfi_offset 14, -4
 463 0002 85B0     		sub	sp, sp, #20
 464              	.LCFI11:
 465              		.cfi_def_cfa_offset 32
 466 0004 00AF     		add	r7, sp, #0
 467              	.LCFI12:
 468              		.cfi_def_cfa_register 7
 469 0006 7860     		str	r0, [r7, #4]
 162:/home/fanxinhao/Work/LiteOS_Lab/iot_link/shell/shell_cmd.c ****     struct shell_item_t *item;
 163:/home/fanxinhao/Work/LiteOS_Lab/iot_link/shell/shell_cmd.c ****     int   i;
 164:/home/fanxinhao/Work/LiteOS_Lab/iot_link/shell/shell_cmd.c ****     //search the static tab first,if not found then find the dynamic tab
 165:/home/fanxinhao/Work/LiteOS_Lab/iot_link/shell/shell_cmd.c ****     tab_matches.len = 0;
 470              		.loc 1 165 21
 471 0008 364B     		ldr	r3, .L34
 472 000a 0022     		movs	r2, #0
 473 000c A3F84020 		strh	r2, [r3, #64]	@ movhi
 166:/home/fanxinhao/Work/LiteOS_Lab/iot_link/shell/shell_cmd.c ****     for(i = 0;i <gs_shell_cb.s_num && tab_matches.len < MAX_TAB_MATCHES; i++){
 474              		.loc 1 166 11
 475 0010 0023     		movs	r3, #0
 476 0012 FB60     		str	r3, [r7, #12]
 477              		.loc 1 166 5
 478 0014 24E0     		b	.L25
 479              	.L28:
 167:/home/fanxinhao/Work/LiteOS_Lab/iot_link/shell/shell_cmd.c ****         item = &(gs_shell_cb.s[i]);
 480              		.loc 1 167 29
 481 0016 344B     		ldr	r3, .L34+4
 482 0018 1A68     		ldr	r2, [r3]
 483              		.loc 1 167 31
 484 001a FB68     		ldr	r3, [r7, #12]
 485 001c 1B01     		lsls	r3, r3, #4
 486              		.loc 1 167 14
 487 001e 1344     		add	r3, r3, r2
 488 0020 BB60     		str	r3, [r7, #8]
 168:/home/fanxinhao/Work/LiteOS_Lab/iot_link/shell/shell_cmd.c ****         if (strncmp(item->name, index, strlen(index)) == 0) {
 489              		.loc 1 168 13
 490 0022 BB68     		ldr	r3, [r7, #8]
 491 0024 1C68     		ldr	r4, [r3]
ARM GAS  /tmp/ccxq0c6B.s 			page 13


 492 0026 7868     		ldr	r0, [r7, #4]
 493 0028 FFF7FEFF 		bl	strlen
 494 002c 0346     		mov	r3, r0
 495 002e 1A46     		mov	r2, r3
 496 0030 7968     		ldr	r1, [r7, #4]
 497 0032 2046     		mov	r0, r4
 498 0034 FFF7FEFF 		bl	strncmp
 499 0038 0346     		mov	r3, r0
 500              		.loc 1 168 12
 501 003a 002B     		cmp	r3, #0
 502 003c 0DD1     		bne	.L26
 169:/home/fanxinhao/Work/LiteOS_Lab/iot_link/shell/shell_cmd.c ****             tab_matches.matches[tab_matches.len++] = item->name;
 503              		.loc 1 169 44
 504 003e 294B     		ldr	r3, .L34
 505 0040 B3F84030 		ldrh	r3, [r3, #64]
 506              		.loc 1 169 48
 507 0044 5A1C     		adds	r2, r3, #1
 508 0046 91B2     		uxth	r1, r2
 509 0048 264A     		ldr	r2, .L34
 510 004a A2F84010 		strh	r1, [r2, #64]	@ movhi
 511 004e 1946     		mov	r1, r3
 512              		.loc 1 169 58
 513 0050 BB68     		ldr	r3, [r7, #8]
 514 0052 1B68     		ldr	r3, [r3]
 515              		.loc 1 169 52
 516 0054 234A     		ldr	r2, .L34
 517 0056 42F82130 		str	r3, [r2, r1, lsl #2]
 518              	.L26:
 166:/home/fanxinhao/Work/LiteOS_Lab/iot_link/shell/shell_cmd.c ****         item = &(gs_shell_cb.s[i]);
 519              		.loc 1 166 75 discriminator 2
 520 005a FB68     		ldr	r3, [r7, #12]
 521 005c 0133     		adds	r3, r3, #1
 522 005e FB60     		str	r3, [r7, #12]
 523              	.L25:
 166:/home/fanxinhao/Work/LiteOS_Lab/iot_link/shell/shell_cmd.c ****         item = &(gs_shell_cb.s[i]);
 524              		.loc 1 166 29 discriminator 1
 525 0060 214B     		ldr	r3, .L34+4
 526 0062 5B68     		ldr	r3, [r3, #4]
 166:/home/fanxinhao/Work/LiteOS_Lab/iot_link/shell/shell_cmd.c ****         item = &(gs_shell_cb.s[i]);
 527              		.loc 1 166 5 discriminator 1
 528 0064 FA68     		ldr	r2, [r7, #12]
 529 0066 9A42     		cmp	r2, r3
 530 0068 04DA     		bge	.L27
 166:/home/fanxinhao/Work/LiteOS_Lab/iot_link/shell/shell_cmd.c ****         item = &(gs_shell_cb.s[i]);
 531              		.loc 1 166 50 discriminator 3
 532 006a 1E4B     		ldr	r3, .L34
 533 006c B3F84030 		ldrh	r3, [r3, #64]
 166:/home/fanxinhao/Work/LiteOS_Lab/iot_link/shell/shell_cmd.c ****         item = &(gs_shell_cb.s[i]);
 534              		.loc 1 166 36 discriminator 3
 535 0070 0F2B     		cmp	r3, #15
 536 0072 D0D9     		bls	.L28
 537              	.L27:
 170:/home/fanxinhao/Work/LiteOS_Lab/iot_link/shell/shell_cmd.c ****         }
 171:/home/fanxinhao/Work/LiteOS_Lab/iot_link/shell/shell_cmd.c ****     }
 172:/home/fanxinhao/Work/LiteOS_Lab/iot_link/shell/shell_cmd.c ****     
 173:/home/fanxinhao/Work/LiteOS_Lab/iot_link/shell/shell_cmd.c ****     for(i = 0;i <gs_shell_cb.d_num && tab_matches.len < MAX_TAB_MATCHES; i++){
 538              		.loc 1 173 11
ARM GAS  /tmp/ccxq0c6B.s 			page 14


 539 0074 0023     		movs	r3, #0
 540 0076 FB60     		str	r3, [r7, #12]
 541              		.loc 1 173 5
 542 0078 24E0     		b	.L29
 543              	.L32:
 174:/home/fanxinhao/Work/LiteOS_Lab/iot_link/shell/shell_cmd.c ****         item = &(gs_shell_cb.d[i]);
 544              		.loc 1 174 29
 545 007a 1B4B     		ldr	r3, .L34+4
 546 007c 9A68     		ldr	r2, [r3, #8]
 547              		.loc 1 174 31
 548 007e FB68     		ldr	r3, [r7, #12]
 549 0080 1B01     		lsls	r3, r3, #4
 550              		.loc 1 174 14
 551 0082 1344     		add	r3, r3, r2
 552 0084 BB60     		str	r3, [r7, #8]
 175:/home/fanxinhao/Work/LiteOS_Lab/iot_link/shell/shell_cmd.c ****         if(strncmp(item->name, index, strlen(index)) == 0){
 553              		.loc 1 175 12
 554 0086 BB68     		ldr	r3, [r7, #8]
 555 0088 1C68     		ldr	r4, [r3]
 556 008a 7868     		ldr	r0, [r7, #4]
 557 008c FFF7FEFF 		bl	strlen
 558 0090 0346     		mov	r3, r0
 559 0092 1A46     		mov	r2, r3
 560 0094 7968     		ldr	r1, [r7, #4]
 561 0096 2046     		mov	r0, r4
 562 0098 FFF7FEFF 		bl	strncmp
 563 009c 0346     		mov	r3, r0
 564              		.loc 1 175 11
 565 009e 002B     		cmp	r3, #0
 566 00a0 0DD1     		bne	.L30
 176:/home/fanxinhao/Work/LiteOS_Lab/iot_link/shell/shell_cmd.c ****             tab_matches.matches[tab_matches.len++] = item->name;
 567              		.loc 1 176 44
 568 00a2 104B     		ldr	r3, .L34
 569 00a4 B3F84030 		ldrh	r3, [r3, #64]
 570              		.loc 1 176 48
 571 00a8 5A1C     		adds	r2, r3, #1
 572 00aa 91B2     		uxth	r1, r2
 573 00ac 0D4A     		ldr	r2, .L34
 574 00ae A2F84010 		strh	r1, [r2, #64]	@ movhi
 575 00b2 1946     		mov	r1, r3
 576              		.loc 1 176 58
 577 00b4 BB68     		ldr	r3, [r7, #8]
 578 00b6 1B68     		ldr	r3, [r3]
 579              		.loc 1 176 52
 580 00b8 0A4A     		ldr	r2, .L34
 581 00ba 42F82130 		str	r3, [r2, r1, lsl #2]
 582              	.L30:
 173:/home/fanxinhao/Work/LiteOS_Lab/iot_link/shell/shell_cmd.c ****         item = &(gs_shell_cb.d[i]);
 583              		.loc 1 173 75 discriminator 2
 584 00be FB68     		ldr	r3, [r7, #12]
 585 00c0 0133     		adds	r3, r3, #1
 586 00c2 FB60     		str	r3, [r7, #12]
 587              	.L29:
 173:/home/fanxinhao/Work/LiteOS_Lab/iot_link/shell/shell_cmd.c ****         item = &(gs_shell_cb.d[i]);
 588              		.loc 1 173 29 discriminator 1
 589 00c4 084B     		ldr	r3, .L34+4
 590 00c6 DB68     		ldr	r3, [r3, #12]
ARM GAS  /tmp/ccxq0c6B.s 			page 15


 173:/home/fanxinhao/Work/LiteOS_Lab/iot_link/shell/shell_cmd.c ****         item = &(gs_shell_cb.d[i]);
 591              		.loc 1 173 5 discriminator 1
 592 00c8 FA68     		ldr	r2, [r7, #12]
 593 00ca 9A42     		cmp	r2, r3
 594 00cc 04DA     		bge	.L31
 173:/home/fanxinhao/Work/LiteOS_Lab/iot_link/shell/shell_cmd.c ****         item = &(gs_shell_cb.d[i]);
 595              		.loc 1 173 50 discriminator 3
 596 00ce 054B     		ldr	r3, .L34
 597 00d0 B3F84030 		ldrh	r3, [r3, #64]
 173:/home/fanxinhao/Work/LiteOS_Lab/iot_link/shell/shell_cmd.c ****         item = &(gs_shell_cb.d[i]);
 598              		.loc 1 173 36 discriminator 3
 599 00d4 0F2B     		cmp	r3, #15
 600 00d6 D0D9     		bls	.L32
 601              	.L31:
 177:/home/fanxinhao/Work/LiteOS_Lab/iot_link/shell/shell_cmd.c ****         }
 178:/home/fanxinhao/Work/LiteOS_Lab/iot_link/shell/shell_cmd.c ****     }
 179:/home/fanxinhao/Work/LiteOS_Lab/iot_link/shell/shell_cmd.c ****     
 180:/home/fanxinhao/Work/LiteOS_Lab/iot_link/shell/shell_cmd.c ****     return &tab_matches;
 602              		.loc 1 180 12
 603 00d8 024B     		ldr	r3, .L34
 181:/home/fanxinhao/Work/LiteOS_Lab/iot_link/shell/shell_cmd.c **** }
 604              		.loc 1 181 1
 605 00da 1846     		mov	r0, r3
 606 00dc 1437     		adds	r7, r7, #20
 607              	.LCFI13:
 608              		.cfi_def_cfa_offset 12
 609 00de BD46     		mov	sp, r7
 610              	.LCFI14:
 611              		.cfi_def_cfa_register 13
 612              		@ sp needed
 613 00e0 90BD     		pop	{r4, r7, pc}
 614              	.L35:
 615 00e2 00BF     		.align	2
 616              	.L34:
 617 00e4 00000000 		.word	tab_matches
 618 00e8 00000000 		.word	gs_shell_cb
 619              		.cfi_endproc
 620              	.LFE5:
 622              		.section	.rodata
 623 00bf 00       		.align	2
 624              	.LC10:
 625 00c0 5B25735D 		.ascii	"[%s][%u][%s:%d] SHELL COMMAND NOT FIND:%s\012\015\015"
 625      5B25755D 
 625      5B25733A 
 625      25645D20 
 625      5348454C 
 626 00ec 0A00     		.ascii	"\012\000"
 627 00ee 0000     		.align	2
 628              	.LC11:
 629 00f0 73657400 		.ascii	"set\000"
 630              		.align	2
 631              	.LC12:
 632 00f4 5B25735D 		.ascii	"[%s][%u][%s:%d] (HEX):ADDR:0X%08X:\015\012\000"
 632      5B25755D 
 632      5B25733A 
 632      25645D20 
 632      28484558 
ARM GAS  /tmp/ccxq0c6B.s 			page 16


 633 0119 000000   		.align	2
 634              	.LC13:
 635 011c 5B25735D 		.ascii	"[%s][%u][%s:%d] %02x \015\012\000"
 635      5B25755D 
 635      5B25733A 
 635      25645D20 
 635      25303278 
 636              		.section	.text.shell_cmd_execute,"ax",%progbits
 637              		.align	1
 638              		.global	shell_cmd_execute
 639              		.syntax unified
 640              		.thumb
 641              		.thumb_func
 642              		.fpu fpv4-sp-d16
 644              	shell_cmd_execute:
 645              	.LFB6:
 182:/home/fanxinhao/Work/LiteOS_Lab/iot_link/shell/shell_cmd.c **** 
 183:/home/fanxinhao/Work/LiteOS_Lab/iot_link/shell/shell_cmd.c **** /*******************************************************************************
 184:/home/fanxinhao/Work/LiteOS_Lab/iot_link/shell/shell_cmd.c **** function     :used to execute the command specified by the string
 185:/home/fanxinhao/Work/LiteOS_Lab/iot_link/shell/shell_cmd.c **** parameters   :
 186:/home/fanxinhao/Work/LiteOS_Lab/iot_link/shell/shell_cmd.c **** instruction  :we will split the string with the blank space, and the first one
 187:/home/fanxinhao/Work/LiteOS_Lab/iot_link/shell/shell_cmd.c ****              will be used as the shell name to search the shell.If a shell cmd
 188:/home/fanxinhao/Work/LiteOS_Lab/iot_link/shell/shell_cmd.c ****              found then will execute the command,and then all the args will be
 189:/home/fanxinhao/Work/LiteOS_Lab/iot_link/shell/shell_cmd.c ****              passed to the function;if a data shell found, then will only do the
 190:/home/fanxinhao/Work/LiteOS_Lab/iot_link/shell/shell_cmd.c ****              "get" or set "action";attention that the first arg is the shell name
 191:/home/fanxinhao/Work/LiteOS_Lab/iot_link/shell/shell_cmd.c ****              itself!
 192:/home/fanxinhao/Work/LiteOS_Lab/iot_link/shell/shell_cmd.c **** *******************************************************************************/
 193:/home/fanxinhao/Work/LiteOS_Lab/iot_link/shell/shell_cmd.c **** int   shell_cmd_execute(char *param){
 646              		.loc 1 193 37
 647              		.cfi_startproc
 648              		@ args = 0, pretend = 0, frame = 104
 649              		@ frame_needed = 1, uses_anonymous_args = 0
 650 0000 90B5     		push	{r4, r7, lr}
 651              	.LCFI15:
 652              		.cfi_def_cfa_offset 12
 653              		.cfi_offset 4, -12
 654              		.cfi_offset 7, -8
 655              		.cfi_offset 14, -4
 656 0002 9DB0     		sub	sp, sp, #116
 657              	.LCFI16:
 658              		.cfi_def_cfa_offset 128
 659 0004 02AF     		add	r7, sp, #8
 660              	.LCFI17:
 661              		.cfi_def_cfa 7, 120
 662 0006 7860     		str	r0, [r7, #4]
 194:/home/fanxinhao/Work/LiteOS_Lab/iot_link/shell/shell_cmd.c ****     int   ret= -1;
 663              		.loc 1 194 11
 664 0008 4FF0FF33 		mov	r3, #-1
 665 000c 7B66     		str	r3, [r7, #100]
 195:/home/fanxinhao/Work/LiteOS_Lab/iot_link/shell/shell_cmd.c ****     int    argc = cn_shell_args;           //split the params to argc and argv format
 666              		.loc 1 195 12
 667 000e 1023     		movs	r3, #16
 668 0010 3B65     		str	r3, [r7, #80]
 196:/home/fanxinhao/Work/LiteOS_Lab/iot_link/shell/shell_cmd.c ****     unsigned int     value;
 197:/home/fanxinhao/Work/LiteOS_Lab/iot_link/shell/shell_cmd.c ****     unsigned char   *bytes;
 198:/home/fanxinhao/Work/LiteOS_Lab/iot_link/shell/shell_cmd.c ****     int     i;
 199:/home/fanxinhao/Work/LiteOS_Lab/iot_link/shell/shell_cmd.c ****     const  char *argv[cn_shell_args];
ARM GAS  /tmp/ccxq0c6B.s 			page 17


 200:/home/fanxinhao/Work/LiteOS_Lab/iot_link/shell/shell_cmd.c ****     struct shell_item_t *item;            //match the command item
 201:/home/fanxinhao/Work/LiteOS_Lab/iot_link/shell/shell_cmd.c ****     fn_shell_cmdentry shell_cmd_entry;    //command function entry
 202:/home/fanxinhao/Work/LiteOS_Lab/iot_link/shell/shell_cmd.c **** 
 203:/home/fanxinhao/Work/LiteOS_Lab/iot_link/shell/shell_cmd.c ****     (void)bytes;
 204:/home/fanxinhao/Work/LiteOS_Lab/iot_link/shell/shell_cmd.c **** 
 205:/home/fanxinhao/Work/LiteOS_Lab/iot_link/shell/shell_cmd.c ****     string_to_arg(&argc,argv,param);      //format the parameters
 669              		.loc 1 205 5
 670 0012 07F10C01 		add	r1, r7, #12
 671 0016 07F15003 		add	r3, r7, #80
 672 001a 7A68     		ldr	r2, [r7, #4]
 673 001c 1846     		mov	r0, r3
 674 001e FFF7FEFF 		bl	string_to_arg
 206:/home/fanxinhao/Work/LiteOS_Lab/iot_link/shell/shell_cmd.c ****     if(argc == 0){
 675              		.loc 1 206 13
 676 0022 3B6D     		ldr	r3, [r7, #80]
 677              		.loc 1 206 7
 678 0024 002B     		cmp	r3, #0
 679 0026 06D1     		bne	.L37
 207:/home/fanxinhao/Work/LiteOS_Lab/iot_link/shell/shell_cmd.c ****         shell_cmd_help(0,NULL);               //if no args we show system help
 680              		.loc 1 207 9
 681 0028 0021     		movs	r1, #0
 682 002a 0020     		movs	r0, #0
 683 002c FFF7FEFF 		bl	shell_cmd_help
 208:/home/fanxinhao/Work/LiteOS_Lab/iot_link/shell/shell_cmd.c ****         ret = 0;
 684              		.loc 1 208 13
 685 0030 0023     		movs	r3, #0
 686 0032 7B66     		str	r3, [r7, #100]
 687 0034 8DE0     		b	.L38
 688              	.L37:
 209:/home/fanxinhao/Work/LiteOS_Lab/iot_link/shell/shell_cmd.c ****     }
 210:/home/fanxinhao/Work/LiteOS_Lab/iot_link/shell/shell_cmd.c ****     else{
 211:/home/fanxinhao/Work/LiteOS_Lab/iot_link/shell/shell_cmd.c ****         item =shell_cmd_match(argv[0]);//find the item
 689              		.loc 1 211 15
 690 0036 FB68     		ldr	r3, [r7, #12]
 691 0038 1846     		mov	r0, r3
 692 003a FFF7FEFF 		bl	shell_cmd_match
 693 003e B865     		str	r0, [r7, #88]
 212:/home/fanxinhao/Work/LiteOS_Lab/iot_link/shell/shell_cmd.c ****         if(NULL == item){
 694              		.loc 1 212 11
 695 0040 BB6D     		ldr	r3, [r7, #88]
 696 0042 002B     		cmp	r3, #0
 697 0044 19D1     		bne	.L39
 213:/home/fanxinhao/Work/LiteOS_Lab/iot_link/shell/shell_cmd.c ****             LINK_LOG_DEBUG("SHELL COMMAND NOT FIND:%s\n\r",argv[0]);
 698              		.loc 1 213 13
 699 0046 FFF7FEFF 		bl	link_log_level_get
 700 004a 0346     		mov	r3, r0
 701 004c 012B     		cmp	r3, #1
 702 004e 10D8     		bhi	.L40
 703              		.loc 1 213 13 is_stmt 0 discriminator 1
 704 0050 0120     		movs	r0, #1
 705 0052 FFF7FEFF 		bl	link_log_level_name
 706 0056 0446     		mov	r4, r0
 707 0058 FFF7FEFF 		bl	osal_sys_time
 708 005c 0246     		mov	r2, r0
 709 005e 0B46     		mov	r3, r1
 710 0060 FB68     		ldr	r3, [r7, #12]
 711 0062 0193     		str	r3, [sp, #4]
ARM GAS  /tmp/ccxq0c6B.s 			page 18


 712 0064 D523     		movs	r3, #213
 713 0066 0093     		str	r3, [sp]
 714 0068 3C4B     		ldr	r3, .L48
 715 006a 2146     		mov	r1, r4
 716 006c 3C48     		ldr	r0, .L48+4
 717 006e FFF7FEFF 		bl	printf
 718              	.L40:
 214:/home/fanxinhao/Work/LiteOS_Lab/iot_link/shell/shell_cmd.c ****             ret = -1;
 719              		.loc 1 214 17 is_stmt 1
 720 0072 4FF0FF33 		mov	r3, #-1
 721 0076 7B66     		str	r3, [r7, #100]
 722 0078 6BE0     		b	.L38
 723              	.L39:
 215:/home/fanxinhao/Work/LiteOS_Lab/iot_link/shell/shell_cmd.c ****         }
 216:/home/fanxinhao/Work/LiteOS_Lab/iot_link/shell/shell_cmd.c ****         else{
 217:/home/fanxinhao/Work/LiteOS_Lab/iot_link/shell/shell_cmd.c ****             if(item->type == EN_OSSHELL_CMD){
 724              		.loc 1 217 20
 725 007a BB6D     		ldr	r3, [r7, #88]
 726 007c 9B89     		ldrh	r3, [r3, #12]
 727              		.loc 1 217 15
 728 007e 002B     		cmp	r3, #0
 729 0080 09D1     		bne	.L41
 218:/home/fanxinhao/Work/LiteOS_Lab/iot_link/shell/shell_cmd.c ****                 shell_cmd_entry = (fn_shell_cmdentry)item->addr;
 730              		.loc 1 218 58
 731 0082 BB6D     		ldr	r3, [r7, #88]
 732 0084 9B68     		ldr	r3, [r3, #8]
 733              		.loc 1 218 33
 734 0086 7B65     		str	r3, [r7, #84]
 219:/home/fanxinhao/Work/LiteOS_Lab/iot_link/shell/shell_cmd.c ****                 shell_cmd_entry(argc,argv);
 735              		.loc 1 219 17
 736 0088 3A6D     		ldr	r2, [r7, #80]
 737 008a 07F10C01 		add	r1, r7, #12
 738 008e 7B6D     		ldr	r3, [r7, #84]
 739 0090 1046     		mov	r0, r2
 740 0092 9847     		blx	r3
 741              	.LVL0:
 742 0094 5DE0     		b	.L38
 743              	.L41:
 220:/home/fanxinhao/Work/LiteOS_Lab/iot_link/shell/shell_cmd.c ****             }
 221:/home/fanxinhao/Work/LiteOS_Lab/iot_link/shell/shell_cmd.c ****             else{
 222:/home/fanxinhao/Work/LiteOS_Lab/iot_link/shell/shell_cmd.c ****                 if((argc == 3)&&(0 == strcmp(argv[1],"set"))){
 744              		.loc 1 222 26
 745 0096 3B6D     		ldr	r3, [r7, #80]
 746              		.loc 1 222 19
 747 0098 032B     		cmp	r3, #3
 748 009a 1AD1     		bne	.L42
 749              		.loc 1 222 39 discriminator 1
 750 009c 3B69     		ldr	r3, [r7, #16]
 751 009e 3149     		ldr	r1, .L48+8
 752 00a0 1846     		mov	r0, r3
 753 00a2 FFF7FEFF 		bl	strcmp
 754 00a6 0346     		mov	r3, r0
 755              		.loc 1 222 31 discriminator 1
 756 00a8 002B     		cmp	r3, #0
 757 00aa 12D1     		bne	.L42
 223:/home/fanxinhao/Work/LiteOS_Lab/iot_link/shell/shell_cmd.c ****                     //deal it simple and easy here
 224:/home/fanxinhao/Work/LiteOS_Lab/iot_link/shell/shell_cmd.c ****                     value = strtol(argv[2],NULL,0);
ARM GAS  /tmp/ccxq0c6B.s 			page 19


 758              		.loc 1 224 29
 759 00ac 7B69     		ldr	r3, [r7, #20]
 760 00ae 0022     		movs	r2, #0
 761 00b0 0021     		movs	r1, #0
 762 00b2 1846     		mov	r0, r3
 763 00b4 FFF7FEFF 		bl	strtol
 764 00b8 0346     		mov	r3, r0
 765              		.loc 1 224 27
 766 00ba FB64     		str	r3, [r7, #76]
 225:/home/fanxinhao/Work/LiteOS_Lab/iot_link/shell/shell_cmd.c ****                     (void) memcpy(item->addr,&value,item->len);
 767              		.loc 1 225 28
 768 00bc BB6D     		ldr	r3, [r7, #88]
 769 00be 9868     		ldr	r0, [r3, #8]
 770              		.loc 1 225 57
 771 00c0 BB6D     		ldr	r3, [r7, #88]
 772 00c2 DB89     		ldrh	r3, [r3, #14]
 773              		.loc 1 225 28
 774 00c4 1A46     		mov	r2, r3
 775 00c6 07F14C03 		add	r3, r7, #76
 776 00ca 1946     		mov	r1, r3
 777 00cc FFF7FEFF 		bl	memcpy
 778              		.loc 1 225 21
 779 00d0 3FE0     		b	.L38
 780              	.L42:
 226:/home/fanxinhao/Work/LiteOS_Lab/iot_link/shell/shell_cmd.c ****                 }
 227:/home/fanxinhao/Work/LiteOS_Lab/iot_link/shell/shell_cmd.c ****                 else{
 228:/home/fanxinhao/Work/LiteOS_Lab/iot_link/shell/shell_cmd.c ****                     bytes = item->addr;
 781              		.loc 1 228 27
 782 00d2 BB6D     		ldr	r3, [r7, #88]
 783 00d4 9B68     		ldr	r3, [r3, #8]
 784 00d6 3B66     		str	r3, [r7, #96]
 229:/home/fanxinhao/Work/LiteOS_Lab/iot_link/shell/shell_cmd.c ****                     LINK_LOG_DEBUG("(HEX):ADDR:0X%08X:",(unsigned int)bytes);
 785              		.loc 1 229 21
 786 00d8 FFF7FEFF 		bl	link_log_level_get
 787 00dc 0346     		mov	r3, r0
 788 00de 012B     		cmp	r3, #1
 789 00e0 10D8     		bhi	.L43
 790              		.loc 1 229 21 is_stmt 0 discriminator 1
 791 00e2 0120     		movs	r0, #1
 792 00e4 FFF7FEFF 		bl	link_log_level_name
 793 00e8 0446     		mov	r4, r0
 794 00ea FFF7FEFF 		bl	osal_sys_time
 795 00ee 0246     		mov	r2, r0
 796 00f0 0B46     		mov	r3, r1
 797 00f2 3B6E     		ldr	r3, [r7, #96]
 798 00f4 0193     		str	r3, [sp, #4]
 799 00f6 E523     		movs	r3, #229
 800 00f8 0093     		str	r3, [sp]
 801 00fa 184B     		ldr	r3, .L48
 802 00fc 2146     		mov	r1, r4
 803 00fe 1A48     		ldr	r0, .L48+12
 804 0100 FFF7FEFF 		bl	printf
 805              	.L43:
 230:/home/fanxinhao/Work/LiteOS_Lab/iot_link/shell/shell_cmd.c ****                     for(i = 0;i<item->len;i++){
 806              		.loc 1 230 27 is_stmt 1
 807 0104 0023     		movs	r3, #0
 808 0106 FB65     		str	r3, [r7, #92]
ARM GAS  /tmp/ccxq0c6B.s 			page 20


 809              		.loc 1 230 21
 810 0108 1DE0     		b	.L44
 811              	.L46:
 231:/home/fanxinhao/Work/LiteOS_Lab/iot_link/shell/shell_cmd.c ****                         LINK_LOG_DEBUG("%02x ",*bytes++);
 812              		.loc 1 231 25
 813 010a FFF7FEFF 		bl	link_log_level_get
 814 010e 0346     		mov	r3, r0
 815 0110 012B     		cmp	r3, #1
 816 0112 15D8     		bhi	.L45
 817              		.loc 1 231 25 is_stmt 0 discriminator 1
 818 0114 0120     		movs	r0, #1
 819 0116 FFF7FEFF 		bl	link_log_level_name
 820 011a 0446     		mov	r4, r0
 821 011c FFF7FEFF 		bl	osal_sys_time
 822 0120 0246     		mov	r2, r0
 823 0122 0B46     		mov	r3, r1
 824 0124 1146     		mov	r1, r2
 825 0126 3B6E     		ldr	r3, [r7, #96]
 826 0128 5A1C     		adds	r2, r3, #1
 827 012a 3A66     		str	r2, [r7, #96]
 828 012c 1B78     		ldrb	r3, [r3]	@ zero_extendqisi2
 829 012e 0193     		str	r3, [sp, #4]
 830 0130 E723     		movs	r3, #231
 831 0132 0093     		str	r3, [sp]
 832 0134 094B     		ldr	r3, .L48
 833 0136 0A46     		mov	r2, r1
 834 0138 2146     		mov	r1, r4
 835 013a 0C48     		ldr	r0, .L48+16
 836 013c FFF7FEFF 		bl	printf
 837              	.L45:
 230:/home/fanxinhao/Work/LiteOS_Lab/iot_link/shell/shell_cmd.c ****                     for(i = 0;i<item->len;i++){
 838              		.loc 1 230 44 is_stmt 1 discriminator 2
 839 0140 FB6D     		ldr	r3, [r7, #92]
 840 0142 0133     		adds	r3, r3, #1
 841 0144 FB65     		str	r3, [r7, #92]
 842              	.L44:
 230:/home/fanxinhao/Work/LiteOS_Lab/iot_link/shell/shell_cmd.c ****                     for(i = 0;i<item->len;i++){
 843              		.loc 1 230 37 discriminator 1
 844 0146 BB6D     		ldr	r3, [r7, #88]
 845 0148 DB89     		ldrh	r3, [r3, #14]
 846 014a 1A46     		mov	r2, r3
 230:/home/fanxinhao/Work/LiteOS_Lab/iot_link/shell/shell_cmd.c ****                     for(i = 0;i<item->len;i++){
 847              		.loc 1 230 21 discriminator 1
 848 014c FB6D     		ldr	r3, [r7, #92]
 849 014e 9342     		cmp	r3, r2
 850 0150 DBDB     		blt	.L46
 851              	.L38:
 232:/home/fanxinhao/Work/LiteOS_Lab/iot_link/shell/shell_cmd.c ****                     }
 233:/home/fanxinhao/Work/LiteOS_Lab/iot_link/shell/shell_cmd.c ****                 }
 234:/home/fanxinhao/Work/LiteOS_Lab/iot_link/shell/shell_cmd.c ****             }
 235:/home/fanxinhao/Work/LiteOS_Lab/iot_link/shell/shell_cmd.c ****         }
 236:/home/fanxinhao/Work/LiteOS_Lab/iot_link/shell/shell_cmd.c ****     }
 237:/home/fanxinhao/Work/LiteOS_Lab/iot_link/shell/shell_cmd.c ****     return ret;
 852              		.loc 1 237 12
 853 0152 7B6E     		ldr	r3, [r7, #100]
 238:/home/fanxinhao/Work/LiteOS_Lab/iot_link/shell/shell_cmd.c **** }
 854              		.loc 1 238 1
ARM GAS  /tmp/ccxq0c6B.s 			page 21


 855 0154 1846     		mov	r0, r3
 856 0156 6C37     		adds	r7, r7, #108
 857              	.LCFI18:
 858              		.cfi_def_cfa_offset 12
 859 0158 BD46     		mov	sp, r7
 860              	.LCFI19:
 861              		.cfi_def_cfa_register 13
 862              		@ sp needed
 863 015a 90BD     		pop	{r4, r7, pc}
 864              	.L49:
 865              		.align	2
 866              	.L48:
 867 015c 00000000 		.word	__FUNCTION__.7337
 868 0160 C0000000 		.word	.LC10
 869 0164 F0000000 		.word	.LC11
 870 0168 F4000000 		.word	.LC12
 871 016c 1C010000 		.word	.LC13
 872              		.cfi_endproc
 873              	.LFE6:
 875              		.section	.text.shell_cmd_init,"ax",%progbits
 876              		.align	1
 877              		.global	shell_cmd_init
 878              		.syntax unified
 879              		.thumb
 880              		.thumb_func
 881              		.fpu fpv4-sp-d16
 883              	shell_cmd_init:
 884              	.LFB7:
 239:/home/fanxinhao/Work/LiteOS_Lab/iot_link/shell/shell_cmd.c **** 
 240:/home/fanxinhao/Work/LiteOS_Lab/iot_link/shell/shell_cmd.c **** /*******************************************************************************
 241:/home/fanxinhao/Work/LiteOS_Lab/iot_link/shell/shell_cmd.c **** function     :used to load the command table
 242:/home/fanxinhao/Work/LiteOS_Lab/iot_link/shell/shell_cmd.c **** parameters   :
 243:/home/fanxinhao/Work/LiteOS_Lab/iot_link/shell/shell_cmd.c **** instruction  :different compiler has different method to ge the section("oshell")
 244:/home/fanxinhao/Work/LiteOS_Lab/iot_link/shell/shell_cmd.c ****               so take care of your compiler
 245:/home/fanxinhao/Work/LiteOS_Lab/iot_link/shell/shell_cmd.c **** *******************************************************************************/
 246:/home/fanxinhao/Work/LiteOS_Lab/iot_link/shell/shell_cmd.c **** #ifdef __CC_ARM /* ARM C Compiler ,like keil,options for linker:--keep *.o(oshell)*/
 247:/home/fanxinhao/Work/LiteOS_Lab/iot_link/shell/shell_cmd.c **** extern unsigned int oshell$$Base;
 248:/home/fanxinhao/Work/LiteOS_Lab/iot_link/shell/shell_cmd.c **** extern unsigned int oshell$$Limit;
 249:/home/fanxinhao/Work/LiteOS_Lab/iot_link/shell/shell_cmd.c **** //#pragma section("oshell", read) 
 250:/home/fanxinhao/Work/LiteOS_Lab/iot_link/shell/shell_cmd.c **** #elif defined(__GNUC__)
 251:/home/fanxinhao/Work/LiteOS_Lab/iot_link/shell/shell_cmd.c ****     extern unsigned int __oshell_start;
 252:/home/fanxinhao/Work/LiteOS_Lab/iot_link/shell/shell_cmd.c ****     extern unsigned int __oshell_end;
 253:/home/fanxinhao/Work/LiteOS_Lab/iot_link/shell/shell_cmd.c **** #else
 254:/home/fanxinhao/Work/LiteOS_Lab/iot_link/shell/shell_cmd.c ****     #error("unknown compiler here");
 255:/home/fanxinhao/Work/LiteOS_Lab/iot_link/shell/shell_cmd.c **** #endif        
 256:/home/fanxinhao/Work/LiteOS_Lab/iot_link/shell/shell_cmd.c **** 
 257:/home/fanxinhao/Work/LiteOS_Lab/iot_link/shell/shell_cmd.c **** 
 258:/home/fanxinhao/Work/LiteOS_Lab/iot_link/shell/shell_cmd.c **** int   shell_cmd_init(void){
 885              		.loc 1 258 27
 886              		.cfi_startproc
 887              		@ args = 0, pretend = 0, frame = 8
 888              		@ frame_needed = 1, uses_anonymous_args = 0
 889              		@ link register save eliminated.
 890 0000 80B4     		push	{r7}
 891              	.LCFI20:
 892              		.cfi_def_cfa_offset 4
 893              		.cfi_offset 7, -4
ARM GAS  /tmp/ccxq0c6B.s 			page 22


 894 0002 83B0     		sub	sp, sp, #12
 895              	.LCFI21:
 896              		.cfi_def_cfa_offset 16
 897 0004 00AF     		add	r7, sp, #0
 898              	.LCFI22:
 899              		.cfi_def_cfa_register 7
 259:/home/fanxinhao/Work/LiteOS_Lab/iot_link/shell/shell_cmd.c ****     void  *cmd_start = NULL;
 900              		.loc 1 259 12
 901 0006 0023     		movs	r3, #0
 902 0008 7B60     		str	r3, [r7, #4]
 260:/home/fanxinhao/Work/LiteOS_Lab/iot_link/shell/shell_cmd.c ****     unsigned int len = 0;
 903              		.loc 1 260 18
 904 000a 0023     		movs	r3, #0
 905 000c 3B60     		str	r3, [r7]
 261:/home/fanxinhao/Work/LiteOS_Lab/iot_link/shell/shell_cmd.c **** #if defined (__CC_ARM)    //you could add other compiler like this
 262:/home/fanxinhao/Work/LiteOS_Lab/iot_link/shell/shell_cmd.c ****     len = (unsigned int)&oshell$$Limit-(unsigned int)&oshell$$Base;
 263:/home/fanxinhao/Work/LiteOS_Lab/iot_link/shell/shell_cmd.c ****     cmd_start = &oshell$$Base;
 264:/home/fanxinhao/Work/LiteOS_Lab/iot_link/shell/shell_cmd.c **** #elif defined(__GNUC__)
 265:/home/fanxinhao/Work/LiteOS_Lab/iot_link/shell/shell_cmd.c ****     cmd_start = &__oshell_start;
 906              		.loc 1 265 15
 907 000e 0C4B     		ldr	r3, .L53
 908 0010 7B60     		str	r3, [r7, #4]
 266:/home/fanxinhao/Work/LiteOS_Lab/iot_link/shell/shell_cmd.c ****     len = (unsigned int )&__oshell_end - (unsigned int)&__oshell_start;
 909              		.loc 1 266 11
 910 0012 0C4A     		ldr	r2, .L53+4
 911              		.loc 1 266 42
 912 0014 0A4B     		ldr	r3, .L53
 913              		.loc 1 266 9
 914 0016 D31A     		subs	r3, r2, r3
 915 0018 3B60     		str	r3, [r7]
 267:/home/fanxinhao/Work/LiteOS_Lab/iot_link/shell/shell_cmd.c **** #else 
 268:/home/fanxinhao/Work/LiteOS_Lab/iot_link/shell/shell_cmd.c ****     #error("unknown compiler here");
 269:/home/fanxinhao/Work/LiteOS_Lab/iot_link/shell/shell_cmd.c **** #endif    
 270:/home/fanxinhao/Work/LiteOS_Lab/iot_link/shell/shell_cmd.c ****     if(len > 0){
 916              		.loc 1 270 7
 917 001a 3B68     		ldr	r3, [r7]
 918 001c 002B     		cmp	r3, #0
 919 001e 08D0     		beq	.L51
 271:/home/fanxinhao/Work/LiteOS_Lab/iot_link/shell/shell_cmd.c ****         len = len/sizeof(struct shell_item_t);
 920              		.loc 1 271 13
 921 0020 3B68     		ldr	r3, [r7]
 922 0022 1B09     		lsrs	r3, r3, #4
 923 0024 3B60     		str	r3, [r7]
 272:/home/fanxinhao/Work/LiteOS_Lab/iot_link/shell/shell_cmd.c ****         gs_shell_cb.s = (struct shell_item_t *)cmd_start;
 924              		.loc 1 272 23
 925 0026 084A     		ldr	r2, .L53+8
 926 0028 7B68     		ldr	r3, [r7, #4]
 927 002a 1360     		str	r3, [r2]
 273:/home/fanxinhao/Work/LiteOS_Lab/iot_link/shell/shell_cmd.c ****         gs_shell_cb.s_num = len;
 928              		.loc 1 273 27
 929 002c 3B68     		ldr	r3, [r7]
 930 002e 064A     		ldr	r2, .L53+8
 931 0030 5360     		str	r3, [r2, #4]
 932              	.L51:
 274:/home/fanxinhao/Work/LiteOS_Lab/iot_link/shell/shell_cmd.c ****     }
 275:/home/fanxinhao/Work/LiteOS_Lab/iot_link/shell/shell_cmd.c ****     return 0;
 933              		.loc 1 275 12
ARM GAS  /tmp/ccxq0c6B.s 			page 23


 934 0032 0023     		movs	r3, #0
 276:/home/fanxinhao/Work/LiteOS_Lab/iot_link/shell/shell_cmd.c **** }
 935              		.loc 1 276 1
 936 0034 1846     		mov	r0, r3
 937 0036 0C37     		adds	r7, r7, #12
 938              	.LCFI23:
 939              		.cfi_def_cfa_offset 4
 940 0038 BD46     		mov	sp, r7
 941              	.LCFI24:
 942              		.cfi_def_cfa_register 13
 943              		@ sp needed
 944 003a 5DF8047B 		ldr	r7, [sp], #4
 945              	.LCFI25:
 946              		.cfi_restore 7
 947              		.cfi_def_cfa_offset 0
 948 003e 7047     		bx	lr
 949              	.L54:
 950              		.align	2
 951              	.L53:
 952 0040 00000000 		.word	__oshell_start
 953 0044 00000000 		.word	__oshell_end
 954 0048 00000000 		.word	gs_shell_cb
 955              		.cfi_endproc
 956              	.LFE7:
 958              		.section	.rodata
 959              		.align	2
 960              	.LC14:
 961 0134 5B25735D 		.ascii	"[%s][%u][%s:%d] os_shell_version:%d.%d\012\015\015\012"
 961      5B25755D 
 961      5B25733A 
 961      25645D20 
 961      6F735F73 
 962 015e 00       		.ascii	"\000"
 963              		.section	.text.os_shell_version,"ax",%progbits
 964              		.align	1
 965              		.syntax unified
 966              		.thumb
 967              		.thumb_func
 968              		.fpu fpv4-sp-d16
 970              	os_shell_version:
 971              	.LFB8:
 277:/home/fanxinhao/Work/LiteOS_Lab/iot_link/shell/shell_cmd.c **** 
 278:/home/fanxinhao/Work/LiteOS_Lab/iot_link/shell/shell_cmd.c **** static int   os_shell_version(int argc, char *argv){
 972              		.loc 1 278 52
 973              		.cfi_startproc
 974              		@ args = 0, pretend = 0, frame = 8
 975              		@ frame_needed = 1, uses_anonymous_args = 0
 976 0000 90B5     		push	{r4, r7, lr}
 977              	.LCFI26:
 978              		.cfi_def_cfa_offset 12
 979              		.cfi_offset 4, -12
 980              		.cfi_offset 7, -8
 981              		.cfi_offset 14, -4
 982 0002 87B0     		sub	sp, sp, #28
 983              	.LCFI27:
 984              		.cfi_def_cfa_offset 40
 985 0004 04AF     		add	r7, sp, #16
ARM GAS  /tmp/ccxq0c6B.s 			page 24


 986              	.LCFI28:
 987              		.cfi_def_cfa 7, 24
 988 0006 7860     		str	r0, [r7, #4]
 989 0008 3960     		str	r1, [r7]
 279:/home/fanxinhao/Work/LiteOS_Lab/iot_link/shell/shell_cmd.c ****     LINK_LOG_DEBUG("os_shell_version:%d.%d\n\r",cn_shell_ver_major,cn_shell_ver_minor);
 990              		.loc 1 279 5
 991 000a FFF7FEFF 		bl	link_log_level_get
 992 000e 0346     		mov	r3, r0
 993 0010 012B     		cmp	r3, #1
 994 0012 13D8     		bhi	.L56
 995              		.loc 1 279 5 is_stmt 0 discriminator 1
 996 0014 0120     		movs	r0, #1
 997 0016 FFF7FEFF 		bl	link_log_level_name
 998 001a 0446     		mov	r4, r0
 999 001c FFF7FEFF 		bl	osal_sys_time
 1000 0020 0246     		mov	r2, r0
 1001 0022 0B46     		mov	r3, r1
 1002 0024 0023     		movs	r3, #0
 1003 0026 0293     		str	r3, [sp, #8]
 1004 0028 0123     		movs	r3, #1
 1005 002a 0193     		str	r3, [sp, #4]
 1006 002c 40F21713 		movw	r3, #279
 1007 0030 0093     		str	r3, [sp]
 1008 0032 054B     		ldr	r3, .L58
 1009 0034 2146     		mov	r1, r4
 1010 0036 0548     		ldr	r0, .L58+4
 1011 0038 FFF7FEFF 		bl	printf
 1012              	.L56:
 280:/home/fanxinhao/Work/LiteOS_Lab/iot_link/shell/shell_cmd.c ****     return 0;
 1013              		.loc 1 280 12 is_stmt 1
 1014 003c 0023     		movs	r3, #0
 281:/home/fanxinhao/Work/LiteOS_Lab/iot_link/shell/shell_cmd.c **** };
 1015              		.loc 1 281 1
 1016 003e 1846     		mov	r0, r3
 1017 0040 0C37     		adds	r7, r7, #12
 1018              	.LCFI29:
 1019              		.cfi_def_cfa_offset 12
 1020 0042 BD46     		mov	sp, r7
 1021              	.LCFI30:
 1022              		.cfi_def_cfa_register 13
 1023              		@ sp needed
 1024 0044 90BD     		pop	{r4, r7, pc}
 1025              	.L59:
 1026 0046 00BF     		.align	2
 1027              	.L58:
 1028 0048 00000000 		.word	__FUNCTION__.7352
 1029 004c 34010000 		.word	.LC14
 1030              		.cfi_endproc
 1031              	.LFE8:
 1033              		.section	.rodata
 1034 015f 00       		.align	2
 1035              	.LC15:
 1036 0160 7368656C 		.ascii	"shellversion\000"
 1036      6C766572 
 1036      73696F6E 
 1036      00
 1037              		.section	oshell,"a"
ARM GAS  /tmp/ccxq0c6B.s 			page 25


 1038              		.align	2
 1041              	__oshell_os_shell_version:
 1042 0000 60010000 		.word	.LC15
 1043 0004 60010000 		.word	.LC15
 1044 0008 00000000 		.word	os_shell_version
 1045 000c 0000     		.short	0
 1046 000e 0400     		.short	4
 1047              		.section	.rodata
 1048 016d 000000   		.align	2
 1049              	.LC16:
 1050 0170 68656C70 		.ascii	"help\000"
 1050      00
 1051              		.section	oshell
 1052              		.align	2
 1055              	__oshell_shell_cmd_help:
 1056 0010 70010000 		.word	.LC16
 1057 0014 70010000 		.word	.LC16
 1058 0018 00000000 		.word	shell_cmd_help
 1059 001c 0000     		.short	0
 1060 001e 0400     		.short	4
 1061              		.section	.rodata.__FUNCTION__.7296,"a"
 1062              		.align	2
 1065              	__FUNCTION__.7296:
 1066 0000 7368656C 		.ascii	"shell_cmd_help\000"
 1066      6C5F636D 
 1066      645F6865 
 1066      6C7000
 1067              		.section	.rodata.__FUNCTION__.7337,"a"
 1068              		.align	2
 1071              	__FUNCTION__.7337:
 1072 0000 7368656C 		.ascii	"shell_cmd_execute\000"
 1072      6C5F636D 
 1072      645F6578 
 1072      65637574 
 1072      6500
 1073              		.section	.rodata.__FUNCTION__.7352,"a"
 1074              		.align	2
 1077              	__FUNCTION__.7352:
 1078 0000 6F735F73 		.ascii	"os_shell_version\000"
 1078      68656C6C 
 1078      5F766572 
 1078      73696F6E 
 1078      00
 1079              		.text
 1080              	.Letext0:
 1081              		.file 2 "/home/fanxinhao/toolchain/gcc-arm-none-eabi-9-2019-q4-major/arm-none-eabi/include/sys/loc
 1082              		.file 3 "/home/fanxinhao/toolchain/gcc-arm-none-eabi-9-2019-q4-major/arm-none-eabi/include/sys/_ty
 1083              		.file 4 "/home/fanxinhao/toolchain/gcc-arm-none-eabi-9-2019-q4-major/lib/gcc/arm-none-eabi/9.2.1/i
 1084              		.file 5 "/home/fanxinhao/toolchain/gcc-arm-none-eabi-9-2019-q4-major/arm-none-eabi/include/sys/ree
 1085              		.file 6 "/home/fanxinhao/toolchain/gcc-arm-none-eabi-9-2019-q4-major/arm-none-eabi/include/stdlib.
 1086              		.file 7 "/home/fanxinhao/Work/LiteOS_Lab/iot_link/inc/shell.h"
 1087              		.file 8 "/home/fanxinhao/Work/LiteOS_Lab/iot_link/inc/link_log.h"
ARM GAS  /tmp/ccxq0c6B.s 			page 26


DEFINED SYMBOLS
                            *ABS*:0000000000000000 shell_cmd.c
     /tmp/ccxq0c6B.s:18     .bss.gs_shell_cb:0000000000000000 $d
     /tmp/ccxq0c6B.s:21     .bss.gs_shell_cb:0000000000000000 gs_shell_cb
     /tmp/ccxq0c6B.s:24     .rodata:0000000000000000 $d
     /tmp/ccxq0c6B.s:31     .data.gs_os_shell_type:0000000000000000 $d
     /tmp/ccxq0c6B.s:34     .data.gs_os_shell_type:0000000000000000 gs_os_shell_type
     /tmp/ccxq0c6B.s:38     .bss.tab_matches:0000000000000000 $d
     /tmp/ccxq0c6B.s:41     .bss.tab_matches:0000000000000000 tab_matches
     /tmp/ccxq0c6B.s:72     .text.shell_cmd_help:0000000000000000 $t
     /tmp/ccxq0c6B.s:79     .text.shell_cmd_help:0000000000000000 shell_cmd_help
     /tmp/ccxq0c6B.s:284    .text.shell_cmd_help:0000000000000148 $d
     /tmp/ccxq0c6B.s:1065   .rodata.__FUNCTION__.7296:0000000000000000 __FUNCTION__.7296
     /tmp/ccxq0c6B.s:299    .text.shell_cmd_match:0000000000000000 $t
     /tmp/ccxq0c6B.s:305    .text.shell_cmd_match:0000000000000000 shell_cmd_match
     /tmp/ccxq0c6B.s:439    .text.shell_cmd_match:0000000000000098 $d
     /tmp/ccxq0c6B.s:444    .text.shell_cmd_index:0000000000000000 $t
     /tmp/ccxq0c6B.s:451    .text.shell_cmd_index:0000000000000000 shell_cmd_index
     /tmp/ccxq0c6B.s:617    .text.shell_cmd_index:00000000000000e4 $d
     /tmp/ccxq0c6B.s:637    .text.shell_cmd_execute:0000000000000000 $t
     /tmp/ccxq0c6B.s:644    .text.shell_cmd_execute:0000000000000000 shell_cmd_execute
     /tmp/ccxq0c6B.s:867    .text.shell_cmd_execute:000000000000015c $d
     /tmp/ccxq0c6B.s:1071   .rodata.__FUNCTION__.7337:0000000000000000 __FUNCTION__.7337
     /tmp/ccxq0c6B.s:876    .text.shell_cmd_init:0000000000000000 $t
     /tmp/ccxq0c6B.s:883    .text.shell_cmd_init:0000000000000000 shell_cmd_init
     /tmp/ccxq0c6B.s:952    .text.shell_cmd_init:0000000000000040 $d
     /tmp/ccxq0c6B.s:964    .text.os_shell_version:0000000000000000 $t
     /tmp/ccxq0c6B.s:970    .text.os_shell_version:0000000000000000 os_shell_version
     /tmp/ccxq0c6B.s:1028   .text.os_shell_version:0000000000000048 $d
     /tmp/ccxq0c6B.s:1077   .rodata.__FUNCTION__.7352:0000000000000000 __FUNCTION__.7352
     /tmp/ccxq0c6B.s:1038   oshell:0000000000000000 $d
     /tmp/ccxq0c6B.s:1041   oshell:0000000000000000 __oshell_os_shell_version
     /tmp/ccxq0c6B.s:1055   oshell:0000000000000010 __oshell_shell_cmd_help
     /tmp/ccxq0c6B.s:1062   .rodata.__FUNCTION__.7296:0000000000000000 $d
     /tmp/ccxq0c6B.s:1068   .rodata.__FUNCTION__.7337:0000000000000000 $d
     /tmp/ccxq0c6B.s:1074   .rodata.__FUNCTION__.7352:0000000000000000 $d

UNDEFINED SYMBOLS
link_log_level_get
link_log_level_name
osal_sys_time
printf
strcmp
strlen
strncmp
string_to_arg
strtol
memcpy
__oshell_start
__oshell_end
