ARM GAS  C:\Users\user\AppData\Local\Temp\ccJCbKzE.s 			page 1


   1              		.cpu cortex-m4
   2              		.eabi_attribute 27, 1
   3              		.eabi_attribute 28, 1
   4              		.eabi_attribute 20, 1
   5              		.eabi_attribute 21, 1
   6              		.eabi_attribute 23, 3
   7              		.eabi_attribute 24, 1
   8              		.eabi_attribute 25, 1
   9              		.eabi_attribute 26, 1
  10              		.eabi_attribute 30, 6
  11              		.eabi_attribute 34, 1
  12              		.eabi_attribute 18, 4
  13              		.file	"dwt.c"
  14              		.text
  15              	.Ltext0:
  16              		.cfi_sections	.debug_frame
  17              		.section	.bss.cpuclkfeq,"aw",%nobits
  18              		.align	2
  21              	cpuclkfeq:
  22 0000 00000000 		.space	4
  23              		.section	.text.dwt_delay_init,"ax",%progbits
  24              		.align	1
  25              		.global	dwt_delay_init
  26              		.syntax unified
  27              		.thumb
  28              		.thumb_func
  29              		.fpu fpv4-sp-d16
  31              	dwt_delay_init:
  32              	.LFB133:
  33              		.file 1 "E:/LiteOS/LiteOS_Lab/targets/STM32L431_BearPi/Src/dwt.c"
   1:E:/LiteOS/LiteOS_Lab/targets/STM32L431_BearPi/Src\dwt.c **** /*----------------------------------------------------------------------------
   2:E:/LiteOS/LiteOS_Lab/targets/STM32L431_BearPi/Src\dwt.c ****  * Copyright (c) <2016-2018>, <Huawei Technologies Co., Ltd>
   3:E:/LiteOS/LiteOS_Lab/targets/STM32L431_BearPi/Src\dwt.c ****  * All rights reserved.
   4:E:/LiteOS/LiteOS_Lab/targets/STM32L431_BearPi/Src\dwt.c ****  * Redistribution and use in source and binary forms, with or without modification,
   5:E:/LiteOS/LiteOS_Lab/targets/STM32L431_BearPi/Src\dwt.c ****  * are permitted provided that the following conditions are met:
   6:E:/LiteOS/LiteOS_Lab/targets/STM32L431_BearPi/Src\dwt.c ****  * 1. Redistributions of source code must retain the above copyright notice, this list of
   7:E:/LiteOS/LiteOS_Lab/targets/STM32L431_BearPi/Src\dwt.c ****  * conditions and the following disclaimer.
   8:E:/LiteOS/LiteOS_Lab/targets/STM32L431_BearPi/Src\dwt.c ****  * 2. Redistributions in binary form must reproduce the above copyright notice, this list
   9:E:/LiteOS/LiteOS_Lab/targets/STM32L431_BearPi/Src\dwt.c ****  * of conditions and the following disclaimer in the documentation and/or other materials
  10:E:/LiteOS/LiteOS_Lab/targets/STM32L431_BearPi/Src\dwt.c ****  * provided with the distribution.
  11:E:/LiteOS/LiteOS_Lab/targets/STM32L431_BearPi/Src\dwt.c ****  * 3. Neither the name of the copyright holder nor the names of its contributors may be used
  12:E:/LiteOS/LiteOS_Lab/targets/STM32L431_BearPi/Src\dwt.c ****  * to endorse or promote products derived from this software without specific prior written
  13:E:/LiteOS/LiteOS_Lab/targets/STM32L431_BearPi/Src\dwt.c ****  * permission.
  14:E:/LiteOS/LiteOS_Lab/targets/STM32L431_BearPi/Src\dwt.c ****  * THIS SOFTWARE IS PROVIDED BY THE COPYRIGHT HOLDERS AND CONTRIBUTORS
  15:E:/LiteOS/LiteOS_Lab/targets/STM32L431_BearPi/Src\dwt.c ****  * "AS IS" AND ANY EXPRESS OR IMPLIED WARRANTIES, INCLUDING, BUT NOT LIMITED TO,
  16:E:/LiteOS/LiteOS_Lab/targets/STM32L431_BearPi/Src\dwt.c ****  * THE IMPLIED WARRANTIES OF MERCHANTABILITY AND FITNESS FOR A PARTICULAR
  17:E:/LiteOS/LiteOS_Lab/targets/STM32L431_BearPi/Src\dwt.c ****  * PURPOSE ARE DISCLAIMED. IN NO EVENT SHALL THE COPYRIGHT HOLDER OR
  18:E:/LiteOS/LiteOS_Lab/targets/STM32L431_BearPi/Src\dwt.c ****  * CONTRIBUTORS BE LIABLE FOR ANY DIRECT, INDIRECT, INCIDENTAL, SPECIAL,
  19:E:/LiteOS/LiteOS_Lab/targets/STM32L431_BearPi/Src\dwt.c ****  * EXEMPLARY, OR CONSEQUENTIAL DAMAGES (INCLUDING, BUT NOT LIMITED TO,
  20:E:/LiteOS/LiteOS_Lab/targets/STM32L431_BearPi/Src\dwt.c ****  * PROCUREMENT OF SUBSTITUTE GOODS OR SERVICES; LOSS OF USE, DATA, OR PROFITS;
  21:E:/LiteOS/LiteOS_Lab/targets/STM32L431_BearPi/Src\dwt.c ****  * OR BUSINESS INTERRUPTION) HOWEVER CAUSED AND ON ANY THEORY OF LIABILITY,
  22:E:/LiteOS/LiteOS_Lab/targets/STM32L431_BearPi/Src\dwt.c ****  * WHETHER IN CONTRACT, STRICT LIABILITY, OR TORT (INCLUDING NEGLIGENCE OR
  23:E:/LiteOS/LiteOS_Lab/targets/STM32L431_BearPi/Src\dwt.c ****  * OTHERWISE) ARISING IN ANY WAY OUT OF THE USE OF THIS SOFTWARE, EVEN IF
  24:E:/LiteOS/LiteOS_Lab/targets/STM32L431_BearPi/Src\dwt.c ****  * ADVISED OF THE POSSIBILITY OF SUCH DAMAGE.
  25:E:/LiteOS/LiteOS_Lab/targets/STM32L431_BearPi/Src\dwt.c ****  *---------------------------------------------------------------------------*/
  26:E:/LiteOS/LiteOS_Lab/targets/STM32L431_BearPi/Src\dwt.c **** /*----------------------------------------------------------------------------
  27:E:/LiteOS/LiteOS_Lab/targets/STM32L431_BearPi/Src\dwt.c ****  * Notice of Export Control Law
ARM GAS  C:\Users\user\AppData\Local\Temp\ccJCbKzE.s 			page 2


  28:E:/LiteOS/LiteOS_Lab/targets/STM32L431_BearPi/Src\dwt.c ****  * ===============================================
  29:E:/LiteOS/LiteOS_Lab/targets/STM32L431_BearPi/Src\dwt.c ****  * Huawei LiteOS may be subject to applicable export control laws and regulations, which might
  30:E:/LiteOS/LiteOS_Lab/targets/STM32L431_BearPi/Src\dwt.c ****  * include those applicable to Huawei LiteOS of U.S. and the country in which you are located.
  31:E:/LiteOS/LiteOS_Lab/targets/STM32L431_BearPi/Src\dwt.c ****  * Import, export and usage of Huawei LiteOS in any manner by you shall be in compliance with such
  32:E:/LiteOS/LiteOS_Lab/targets/STM32L431_BearPi/Src\dwt.c ****  * applicable export control laws and regulations.
  33:E:/LiteOS/LiteOS_Lab/targets/STM32L431_BearPi/Src\dwt.c ****  *---------------------------------------------------------------------------*/
  34:E:/LiteOS/LiteOS_Lab/targets/STM32L431_BearPi/Src\dwt.c **** 
  35:E:/LiteOS/LiteOS_Lab/targets/STM32L431_BearPi/Src\dwt.c **** #include "dwt.h"
  36:E:/LiteOS/LiteOS_Lab/targets/STM32L431_BearPi/Src\dwt.c **** 
  37:E:/LiteOS/LiteOS_Lab/targets/STM32L431_BearPi/Src\dwt.c **** static uint32_t cpuclkfeq;
  38:E:/LiteOS/LiteOS_Lab/targets/STM32L431_BearPi/Src\dwt.c **** 
  39:E:/LiteOS/LiteOS_Lab/targets/STM32L431_BearPi/Src\dwt.c **** void dwt_delay_init(uint32_t clk)
  40:E:/LiteOS/LiteOS_Lab/targets/STM32L431_BearPi/Src\dwt.c **** {
  34              		.loc 1 40 0
  35              		.cfi_startproc
  36              		@ args = 0, pretend = 0, frame = 8
  37              		@ frame_needed = 1, uses_anonymous_args = 0
  38              		@ link register save eliminated.
  39 0000 80B4     		push	{r7}
  40              	.LCFI0:
  41              		.cfi_def_cfa_offset 4
  42              		.cfi_offset 7, -4
  43 0002 83B0     		sub	sp, sp, #12
  44              	.LCFI1:
  45              		.cfi_def_cfa_offset 16
  46 0004 00AF     		add	r7, sp, #0
  47              	.LCFI2:
  48              		.cfi_def_cfa_register 7
  49 0006 7860     		str	r0, [r7, #4]
  41:E:/LiteOS/LiteOS_Lab/targets/STM32L431_BearPi/Src\dwt.c ****     cpuclkfeq = clk;
  50              		.loc 1 41 0
  51 0008 0A4A     		ldr	r2, .L2
  52 000a 7B68     		ldr	r3, [r7, #4]
  53 000c 1360     		str	r3, [r2]
  42:E:/LiteOS/LiteOS_Lab/targets/STM32L431_BearPi/Src\dwt.c ****     DEM_CR         |=  DEM_CR_TRCENA;
  54              		.loc 1 42 0
  55 000e 0A4B     		ldr	r3, .L2+4
  56 0010 1B68     		ldr	r3, [r3]
  57 0012 094A     		ldr	r2, .L2+4
  58 0014 43F08073 		orr	r3, r3, #16777216
  59 0018 1360     		str	r3, [r2]
  43:E:/LiteOS/LiteOS_Lab/targets/STM32L431_BearPi/Src\dwt.c ****     //DWT_CYCCNT      = 0u;
  44:E:/LiteOS/LiteOS_Lab/targets/STM32L431_BearPi/Src\dwt.c ****     DWT_CR         |= DWT_CR_CYCCNTENA;
  60              		.loc 1 44 0
  61 001a 084B     		ldr	r3, .L2+8
  62 001c 1B68     		ldr	r3, [r3]
  63 001e 074A     		ldr	r2, .L2+8
  64 0020 43F00103 		orr	r3, r3, #1
  65 0024 1360     		str	r3, [r2]
  45:E:/LiteOS/LiteOS_Lab/targets/STM32L431_BearPi/Src\dwt.c **** }
  66              		.loc 1 45 0
  67 0026 00BF     		nop
  68 0028 0C37     		adds	r7, r7, #12
  69              	.LCFI3:
  70              		.cfi_def_cfa_offset 4
  71 002a BD46     		mov	sp, r7
  72              	.LCFI4:
ARM GAS  C:\Users\user\AppData\Local\Temp\ccJCbKzE.s 			page 3


  73              		.cfi_def_cfa_register 13
  74              		@ sp needed
  75 002c 5DF8047B 		ldr	r7, [sp], #4
  76              	.LCFI5:
  77              		.cfi_restore 7
  78              		.cfi_def_cfa_offset 0
  79 0030 7047     		bx	lr
  80              	.L3:
  81 0032 00BF     		.align	2
  82              	.L2:
  83 0034 00000000 		.word	cpuclkfeq
  84 0038 FCED00E0 		.word	-536809988
  85 003c 001000E0 		.word	-536866816
  86              		.cfi_endproc
  87              	.LFE133:
  89              		.section	.text.delayus,"ax",%progbits
  90              		.align	1
  91              		.global	delayus
  92              		.syntax unified
  93              		.thumb
  94              		.thumb_func
  95              		.fpu fpv4-sp-d16
  97              	delayus:
  98              	.LFB134:
  46:E:/LiteOS/LiteOS_Lab/targets/STM32L431_BearPi/Src\dwt.c **** 
  47:E:/LiteOS/LiteOS_Lab/targets/STM32L431_BearPi/Src\dwt.c **** void delayus(uint32_t usec)
  48:E:/LiteOS/LiteOS_Lab/targets/STM32L431_BearPi/Src\dwt.c **** 
  49:E:/LiteOS/LiteOS_Lab/targets/STM32L431_BearPi/Src\dwt.c **** {
  99              		.loc 1 49 0
 100              		.cfi_startproc
 101              		@ args = 0, pretend = 0, frame = 24
 102              		@ frame_needed = 1, uses_anonymous_args = 0
 103 0000 80B5     		push	{r7, lr}
 104              	.LCFI6:
 105              		.cfi_def_cfa_offset 8
 106              		.cfi_offset 7, -8
 107              		.cfi_offset 14, -4
 108 0002 86B0     		sub	sp, sp, #24
 109              	.LCFI7:
 110              		.cfi_def_cfa_offset 32
 111 0004 00AF     		add	r7, sp, #0
 112              	.LCFI8:
 113              		.cfi_def_cfa_register 7
 114 0006 7860     		str	r0, [r7, #4]
  50:E:/LiteOS/LiteOS_Lab/targets/STM32L431_BearPi/Src\dwt.c ****     uint32_t startts, endts, ts;
  51:E:/LiteOS/LiteOS_Lab/targets/STM32L431_BearPi/Src\dwt.c ****     UINT32 uwIntSave;
  52:E:/LiteOS/LiteOS_Lab/targets/STM32L431_BearPi/Src\dwt.c ****     startts = DWT_CYCCNT;
 115              		.loc 1 52 0
 116 0008 184B     		ldr	r3, .L11
 117 000a 1B68     		ldr	r3, [r3]
 118 000c 7B61     		str	r3, [r7, #20]
  53:E:/LiteOS/LiteOS_Lab/targets/STM32L431_BearPi/Src\dwt.c **** 
  54:E:/LiteOS/LiteOS_Lab/targets/STM32L431_BearPi/Src\dwt.c ****     ts =  usec * (cpuclkfeq / (1000 * 1000));
 119              		.loc 1 54 0
 120 000e 184B     		ldr	r3, .L11+4
 121 0010 1B68     		ldr	r3, [r3]
 122 0012 184A     		ldr	r2, .L11+8
ARM GAS  C:\Users\user\AppData\Local\Temp\ccJCbKzE.s 			page 4


 123 0014 A2FB0323 		umull	r2, r3, r2, r3
 124 0018 9A0C     		lsrs	r2, r3, #18
 125 001a 7B68     		ldr	r3, [r7, #4]
 126 001c 02FB03F3 		mul	r3, r2, r3
 127 0020 3B61     		str	r3, [r7, #16]
  55:E:/LiteOS/LiteOS_Lab/targets/STM32L431_BearPi/Src\dwt.c ****     endts = startts + ts;
 128              		.loc 1 55 0
 129 0022 7A69     		ldr	r2, [r7, #20]
 130 0024 3B69     		ldr	r3, [r7, #16]
 131 0026 1344     		add	r3, r3, r2
 132 0028 FB60     		str	r3, [r7, #12]
  56:E:/LiteOS/LiteOS_Lab/targets/STM32L431_BearPi/Src\dwt.c ****     uwIntSave = LOS_IntLock();
 133              		.loc 1 56 0
 134 002a FFF7FEFF 		bl	LOS_IntLock
 135 002e B860     		str	r0, [r7, #8]
  57:E:/LiteOS/LiteOS_Lab/targets/STM32L431_BearPi/Src\dwt.c ****     if(endts > startts)
 136              		.loc 1 57 0
 137 0030 FA68     		ldr	r2, [r7, #12]
 138 0032 7B69     		ldr	r3, [r7, #20]
 139 0034 9A42     		cmp	r2, r3
 140 0036 06D9     		bls	.L10
  58:E:/LiteOS/LiteOS_Lab/targets/STM32L431_BearPi/Src\dwt.c ****     {
  59:E:/LiteOS/LiteOS_Lab/targets/STM32L431_BearPi/Src\dwt.c ****         while(DWT_CYCCNT < endts);
 141              		.loc 1 59 0
 142 0038 00BF     		nop
 143              	.L6:
 144              		.loc 1 59 0 is_stmt 0 discriminator 1
 145 003a 0C4B     		ldr	r3, .L11
 146 003c 1B68     		ldr	r3, [r3]
 147 003e FA68     		ldr	r2, [r7, #12]
 148 0040 9A42     		cmp	r2, r3
 149 0042 FAD8     		bhi	.L6
 150 0044 0BE0     		b	.L7
 151              	.L10:
  60:E:/LiteOS/LiteOS_Lab/targets/STM32L431_BearPi/Src\dwt.c ****     }
  61:E:/LiteOS/LiteOS_Lab/targets/STM32L431_BearPi/Src\dwt.c ****     else
  62:E:/LiteOS/LiteOS_Lab/targets/STM32L431_BearPi/Src\dwt.c ****     {
  63:E:/LiteOS/LiteOS_Lab/targets/STM32L431_BearPi/Src\dwt.c ****         while(DWT_CYCCNT > endts);
 152              		.loc 1 63 0 is_stmt 1
 153 0046 00BF     		nop
 154              	.L8:
 155              		.loc 1 63 0 is_stmt 0 discriminator 1
 156 0048 084B     		ldr	r3, .L11
 157 004a 1B68     		ldr	r3, [r3]
 158 004c FA68     		ldr	r2, [r7, #12]
 159 004e 9A42     		cmp	r2, r3
 160 0050 FAD3     		bcc	.L8
  64:E:/LiteOS/LiteOS_Lab/targets/STM32L431_BearPi/Src\dwt.c ****         while(DWT_CYCCNT < endts);
 161              		.loc 1 64 0 is_stmt 1
 162 0052 00BF     		nop
 163              	.L9:
 164              		.loc 1 64 0 is_stmt 0 discriminator 1
 165 0054 054B     		ldr	r3, .L11
 166 0056 1B68     		ldr	r3, [r3]
 167 0058 FA68     		ldr	r2, [r7, #12]
 168 005a 9A42     		cmp	r2, r3
 169 005c FAD8     		bhi	.L9
ARM GAS  C:\Users\user\AppData\Local\Temp\ccJCbKzE.s 			page 5


 170              	.L7:
  65:E:/LiteOS/LiteOS_Lab/targets/STM32L431_BearPi/Src\dwt.c ****     }
  66:E:/LiteOS/LiteOS_Lab/targets/STM32L431_BearPi/Src\dwt.c ****     (VOID)LOS_IntRestore(uwIntSave);
 171              		.loc 1 66 0 is_stmt 1
 172 005e B868     		ldr	r0, [r7, #8]
 173 0060 FFF7FEFF 		bl	LOS_IntRestore
  67:E:/LiteOS/LiteOS_Lab/targets/STM32L431_BearPi/Src\dwt.c **** }
 174              		.loc 1 67 0
 175 0064 00BF     		nop
 176 0066 1837     		adds	r7, r7, #24
 177              	.LCFI9:
 178              		.cfi_def_cfa_offset 8
 179 0068 BD46     		mov	sp, r7
 180              	.LCFI10:
 181              		.cfi_def_cfa_register 13
 182              		@ sp needed
 183 006a 80BD     		pop	{r7, pc}
 184              	.L12:
 185              		.align	2
 186              	.L11:
 187 006c 041000E0 		.word	-536866812
 188 0070 00000000 		.word	cpuclkfeq
 189 0074 83DE1B43 		.word	1125899907
 190              		.cfi_endproc
 191              	.LFE134:
 193              		.section	.text.delay10ms,"ax",%progbits
 194              		.align	1
 195              		.global	delay10ms
 196              		.syntax unified
 197              		.thumb
 198              		.thumb_func
 199              		.fpu fpv4-sp-d16
 201              	delay10ms:
 202              	.LFB135:
  68:E:/LiteOS/LiteOS_Lab/targets/STM32L431_BearPi/Src\dwt.c **** 
  69:E:/LiteOS/LiteOS_Lab/targets/STM32L431_BearPi/Src\dwt.c **** void delay10ms(__IO uint32_t nTime)
  70:E:/LiteOS/LiteOS_Lab/targets/STM32L431_BearPi/Src\dwt.c **** {
 203              		.loc 1 70 0
 204              		.cfi_startproc
 205              		@ args = 0, pretend = 0, frame = 8
 206              		@ frame_needed = 1, uses_anonymous_args = 0
 207 0000 80B5     		push	{r7, lr}
 208              	.LCFI11:
 209              		.cfi_def_cfa_offset 8
 210              		.cfi_offset 7, -8
 211              		.cfi_offset 14, -4
 212 0002 82B0     		sub	sp, sp, #8
 213              	.LCFI12:
 214              		.cfi_def_cfa_offset 16
 215 0004 00AF     		add	r7, sp, #0
 216              	.LCFI13:
 217              		.cfi_def_cfa_register 7
 218 0006 7860     		str	r0, [r7, #4]
  71:E:/LiteOS/LiteOS_Lab/targets/STM32L431_BearPi/Src\dwt.c ****     delayus(1000 * nTime);
 219              		.loc 1 71 0
 220 0008 7B68     		ldr	r3, [r7, #4]
 221 000a 4FF47A72 		mov	r2, #1000
ARM GAS  C:\Users\user\AppData\Local\Temp\ccJCbKzE.s 			page 6


 222 000e 02FB03F3 		mul	r3, r2, r3
 223 0012 1846     		mov	r0, r3
 224 0014 FFF7FEFF 		bl	delayus
  72:E:/LiteOS/LiteOS_Lab/targets/STM32L431_BearPi/Src\dwt.c **** }
 225              		.loc 1 72 0
 226 0018 00BF     		nop
 227 001a 0837     		adds	r7, r7, #8
 228              	.LCFI14:
 229              		.cfi_def_cfa_offset 8
 230 001c BD46     		mov	sp, r7
 231              	.LCFI15:
 232              		.cfi_def_cfa_register 13
 233              		@ sp needed
 234 001e 80BD     		pop	{r7, pc}
 235              		.cfi_endproc
 236              	.LFE135:
 238              		.text
 239              	.Letext0:
 240              		.file 2 "e:\\ac6\\systemworkbench\\plugins\\fr.ac6.mcu.externaltools.arm-none.win32_1.16.0.2018071
 241              		.file 3 "e:\\ac6\\systemworkbench\\plugins\\fr.ac6.mcu.externaltools.arm-none.win32_1.16.0.2018071
 242              		.file 4 "E:/LiteOS/LiteOS_Lab/iot_link/os/os_imp/liteos/arch/arm/common/cmsis/core_cm4.h"
 243              		.file 5 "E:/LiteOS/LiteOS_Lab/targets/STM32L431_BearPi/Inc/system_stm32l4xx.h"
 244              		.file 6 "e:\\ac6\\systemworkbench\\plugins\\fr.ac6.mcu.externaltools.arm-none.win32_1.16.0.2018071
 245              		.file 7 "e:\\ac6\\systemworkbench\\plugins\\fr.ac6.mcu.externaltools.arm-none.win32_1.16.0.2018071
 246              		.file 8 "e:\\ac6\\systemworkbench\\plugins\\fr.ac6.mcu.externaltools.arm-none.win32_1.16.0.2018071
 247              		.file 9 "e:\\ac6\\systemworkbench\\plugins\\fr.ac6.mcu.externaltools.arm-none.win32_1.16.0.2018071
 248              		.file 10 "E:/LiteOS/LiteOS_Lab/iot_link/os/os_imp/liteos/include/los_typedef.h"
 249              		.file 11 "E:/LiteOS/LiteOS_Lab/iot_link/os/os_imp/liteos/include/los_config.h"
 250              		.file 12 "E:/LiteOS/LiteOS_Lab/iot_link/os/os_imp/liteos/include/los_list.h"
 251              		.file 13 "E:/LiteOS/LiteOS_Lab/iot_link/os/os_imp/liteos/include/los_err.h"
 252              		.file 14 "E:/LiteOS/LiteOS_Lab/iot_link/os/os_imp/liteos/arch/arm/arm-m/include/los_hwi.h"
 253              		.file 15 "E:/LiteOS/LiteOS_Lab/iot_link/os/os_imp/liteos/include/los_tick.h"
 254              		.file 16 "E:/LiteOS/LiteOS_Lab/iot_link/os/os_imp/liteos/include/los_event.h"
 255              		.file 17 "E:/LiteOS/LiteOS_Lab/iot_link/os/os_imp/liteos/include/los_task.h"
 256              		.file 18 "E:/LiteOS/LiteOS_Lab/iot_link/os/os_imp/liteos/base/include/los_task.ph"
 257              		.file 19 "E:/LiteOS/LiteOS_Lab/targets/STM32L431_BearPi/Inc/main.h"
ARM GAS  C:\Users\user\AppData\Local\Temp\ccJCbKzE.s 			page 7


DEFINED SYMBOLS
                            *ABS*:00000000 dwt.c
C:\Users\user\AppData\Local\Temp\ccJCbKzE.s:18     .bss.cpuclkfeq:00000000 $d
C:\Users\user\AppData\Local\Temp\ccJCbKzE.s:21     .bss.cpuclkfeq:00000000 cpuclkfeq
C:\Users\user\AppData\Local\Temp\ccJCbKzE.s:24     .text.dwt_delay_init:00000000 $t
C:\Users\user\AppData\Local\Temp\ccJCbKzE.s:31     .text.dwt_delay_init:00000000 dwt_delay_init
C:\Users\user\AppData\Local\Temp\ccJCbKzE.s:83     .text.dwt_delay_init:00000034 $d
C:\Users\user\AppData\Local\Temp\ccJCbKzE.s:90     .text.delayus:00000000 $t
C:\Users\user\AppData\Local\Temp\ccJCbKzE.s:97     .text.delayus:00000000 delayus
C:\Users\user\AppData\Local\Temp\ccJCbKzE.s:187    .text.delayus:0000006c $d
C:\Users\user\AppData\Local\Temp\ccJCbKzE.s:194    .text.delay10ms:00000000 $t
C:\Users\user\AppData\Local\Temp\ccJCbKzE.s:201    .text.delay10ms:00000000 delay10ms

UNDEFINED SYMBOLS
LOS_IntLock
LOS_IntRestore
