ARM GAS  C:\Users\user\AppData\Local\Temp\cch929Mp.s 			page 1


   1              		.cpu cortex-m4
   2              		.eabi_attribute 27, 1
   3              		.eabi_attribute 28, 1
   4              		.eabi_attribute 20, 1
   5              		.eabi_attribute 21, 1
   6              		.eabi_attribute 23, 3
   7              		.eabi_attribute 24, 1
   8              		.eabi_attribute 25, 1
   9              		.eabi_attribute 26, 1
  10              		.eabi_attribute 30, 6
  11              		.eabi_attribute 34, 1
  12              		.eabi_attribute 18, 4
  13              		.file	"los_mpu.c"
  14              		.text
  15              	.Ltext0:
  16              		.cfi_sections	.debug_frame
  17              	.Letext0:
  18              		.file 1 "e:\\ac6\\systemworkbench\\plugins\\fr.ac6.mcu.externaltools.arm-none.win32_1.16.0.2018071
  19              		.file 2 "e:\\ac6\\systemworkbench\\plugins\\fr.ac6.mcu.externaltools.arm-none.win32_1.16.0.2018071
  20              		.file 3 "e:\\ac6\\systemworkbench\\plugins\\fr.ac6.mcu.externaltools.arm-none.win32_1.16.0.2018071
  21              		.file 4 "e:\\ac6\\systemworkbench\\plugins\\fr.ac6.mcu.externaltools.arm-none.win32_1.16.0.2018071
  22              		.file 5 "e:\\ac6\\systemworkbench\\plugins\\fr.ac6.mcu.externaltools.arm-none.win32_1.16.0.2018071
  23              		.file 6 "E:/LiteOS/LiteOS_Lab/iot_link/os/os_imp/liteos/include/los_typedef.h"
  24              		.file 7 "e:\\ac6\\systemworkbench\\plugins\\fr.ac6.mcu.externaltools.arm-none.win32_1.16.0.2018071
  25              		.file 8 "E:/LiteOS/LiteOS_Lab/iot_link/os/os_imp/liteos/arch/arm/common/cmsis/core_cm4.h"
  26              		.file 9 "E:/LiteOS/LiteOS_Lab/targets/STM32L431_BearPi/Inc/system_stm32l4xx.h"
  27              		.file 10 "E:/LiteOS/LiteOS_Lab/iot_link/os/os_imp/liteos/include/los_list.h"
  28              		.file 11 "E:/LiteOS/LiteOS_Lab/iot_link/os/os_imp/liteos/include/los_err.h"
  29              		.file 12 "E:/LiteOS/LiteOS_Lab/iot_link/os/os_imp/liteos/arch/arm/arm-m/include/los_hwi.h"
  30              		.file 13 "E:/LiteOS/LiteOS_Lab/iot_link/os/os_imp/liteos/include/los_tick.h"
  31              		.file 14 "E:/LiteOS/LiteOS_Lab/iot_link/os/os_imp/liteos/include/los_event.h"
  32              		.file 15 "E:/LiteOS/LiteOS_Lab/iot_link/os/os_imp/liteos/include/los_task.h"
  33              		.file 16 "E:/LiteOS/LiteOS_Lab/iot_link/os/os_imp/liteos/base/include/los_task.ph"
  34              		.file 17 "E:/LiteOS/LiteOS_Lab/targets/STM32L431_BearPi/Inc/main.h"
  35              		.file 18 "E:/LiteOS/LiteOS_Lab/iot_link/os/os_imp/liteos/include/los_config.h"
ARM GAS  C:\Users\user\AppData\Local\Temp\cch929Mp.s 			page 2


DEFINED SYMBOLS
                            *ABS*:00000000 los_mpu.c

NO UNDEFINED SYMBOLS
