ARM GAS  C:\Users\user\AppData\Local\Temp\cc5xkHLD.s 			page 1


   1              		.cpu cortex-m4
   2              		.eabi_attribute 27, 1
   3              		.eabi_attribute 28, 1
   4              		.eabi_attribute 20, 1
   5              		.eabi_attribute 21, 1
   6              		.eabi_attribute 23, 3
   7              		.eabi_attribute 24, 1
   8              		.eabi_attribute 25, 1
   9              		.eabi_attribute 26, 1
  10              		.eabi_attribute 30, 6
  11              		.eabi_attribute 34, 1
  12              		.eabi_attribute 18, 4
  13              		.file	"shell_cmd.c"
  14              		.text
  15              	.Ltext0:
  16              		.cfi_sections	.debug_frame
  17              		.section	.bss.gs_shell_cb,"aw",%nobits
  18              		.align	2
  21              	gs_shell_cb:
  22 0000 00000000 		.space	16
  22      00000000 
  22      00000000 
  22      00000000 
  23              		.section	.rodata
  24              		.align	2
  25              	.LC0:
  26 0000 434D4400 		.ascii	"CMD\000"
  27              		.align	2
  28              	.LC1:
  29 0004 56415200 		.ascii	"VAR\000"
  30              		.section	.data.gs_os_shell_type,"aw",%progbits
  31              		.align	2
  34              	gs_os_shell_type:
  35 0000 00000000 		.word	.LC0
  36 0004 04000000 		.word	.LC1
  37              		.section	.bss.tab_matches,"aw",%nobits
  38              		.align	2
  41              	tab_matches:
  42 0000 00000000 		.space	68
  42      00000000 
  42      00000000 
  42      00000000 
  42      00000000 
  43              		.section	.rodata
  44              		.align	2
  45              	.LC2:
  46 0008 4C656E00 		.ascii	"Len\000"
  47              		.align	2
  48              	.LC3:
  49 000c 54797065 		.ascii	"Type\000"
  49      00
  50 0011 000000   		.align	2
  51              	.LC4:
  52 0014 4E616D65 		.ascii	"Name\000"
  52      00
  53 0019 000000   		.align	2
  54              	.LC5:
ARM GAS  C:\Users\user\AppData\Local\Temp\cc5xkHLD.s 			page 2


  55 001c 252D3136 		.ascii	"%-16s%-5s%-4s%-10s%-20s\012\015\000"
  55      73252D35 
  55      73252D34 
  55      73252D31 
  55      3073252D 
  56 0036 0000     		.align	2
  57              	.LC6:
  58 0038 44657363 		.ascii	"Description\000"
  58      72697074 
  58      696F6E00 
  59              		.align	2
  60              	.LC7:
  61 0044 52756E41 		.ascii	"RunAddr\000"
  61      64647200 
  62              		.align	2
  63              	.LC8:
  64 004c 252D3136 		.ascii	"%-16s%-5s%-4x%08x  %-30s\012\015\000"
  64      73252D35 
  64      73252D34 
  64      78253038 
  64      78202025 
  65 0067 00       		.align	2
  66              	.LC9:
  67 0068 252D3278 		.ascii	"%-2x  %-16s%-5s%-4x%08x  %-30s\012\015\000"
  67      2020252D 
  67      31367325 
  67      2D357325 
  67      2D347825 
  68              		.section	.text.shell_cmd_help,"ax",%progbits
  69              		.align	1
  70              		.syntax unified
  71              		.thumb
  72              		.thumb_func
  73              		.fpu fpv4-sp-d16
  75              	shell_cmd_help:
  76              	.LFB3:
  77              		.file 1 "E:/LiteOS/LiteOS_Lab/iot_link/shell/shell_cmd.c"
   1:E:/LiteOS/LiteOS_Lab/iot_link/shell\shell_cmd.c **** /*----------------------------------------------------------------------------
   2:E:/LiteOS/LiteOS_Lab/iot_link/shell\shell_cmd.c ****  * Copyright (c) <2018>, <Huawei Technologies Co., Ltd>
   3:E:/LiteOS/LiteOS_Lab/iot_link/shell\shell_cmd.c ****  * All rights reserved.
   4:E:/LiteOS/LiteOS_Lab/iot_link/shell\shell_cmd.c ****  * Redistribution and use in source and binary forms, with or without modification,
   5:E:/LiteOS/LiteOS_Lab/iot_link/shell\shell_cmd.c ****  * are permitted provided that the following conditions are met:
   6:E:/LiteOS/LiteOS_Lab/iot_link/shell\shell_cmd.c ****  * 1. Redistributions of source code must retain the above copyright notice, this list of
   7:E:/LiteOS/LiteOS_Lab/iot_link/shell\shell_cmd.c ****  * conditions and the following disclaimer.
   8:E:/LiteOS/LiteOS_Lab/iot_link/shell\shell_cmd.c ****  * 2. Redistributions in binary form must reproduce the above copyright notice, this list
   9:E:/LiteOS/LiteOS_Lab/iot_link/shell\shell_cmd.c ****  * of conditions and the following disclaimer in the documentation and/or other materials
  10:E:/LiteOS/LiteOS_Lab/iot_link/shell\shell_cmd.c ****  * provided with the distribution.
  11:E:/LiteOS/LiteOS_Lab/iot_link/shell\shell_cmd.c ****  * 3. Neither the name of the copyright holder nor the names of its contributors may be used
  12:E:/LiteOS/LiteOS_Lab/iot_link/shell\shell_cmd.c ****  * to endorse or promote products derived from this software without specific prior written
  13:E:/LiteOS/LiteOS_Lab/iot_link/shell\shell_cmd.c ****  * permission.
  14:E:/LiteOS/LiteOS_Lab/iot_link/shell\shell_cmd.c ****  * THIS SOFTWARE IS PROVIDED BY THE COPYRIGHT HOLDERS AND CONTRIBUTORS
  15:E:/LiteOS/LiteOS_Lab/iot_link/shell\shell_cmd.c ****  * "AS IS" AND ANY EXPRESS OR IMPLIED WARRANTIES, INCLUDING, BUT NOT LIMITED TO,
  16:E:/LiteOS/LiteOS_Lab/iot_link/shell\shell_cmd.c ****  * THE IMPLIED WARRANTIES OF MERCHANTABILITY AND FITNESS FOR A PARTICULAR
  17:E:/LiteOS/LiteOS_Lab/iot_link/shell\shell_cmd.c ****  * PURPOSE ARE DISCLAIMED. IN NO EVENT SHALL THE COPYRIGHT HOLDER OR
  18:E:/LiteOS/LiteOS_Lab/iot_link/shell\shell_cmd.c ****  * CONTRIBUTORS BE LIABLE FOR ANY DIRECT, INDIRECT, INCIDENTAL, SPECIAL,
  19:E:/LiteOS/LiteOS_Lab/iot_link/shell\shell_cmd.c ****  * EXEMPLARY, OR CONSEQUENTIAL DAMAGES (INCLUDING, BUT NOT LIMITED TO,
  20:E:/LiteOS/LiteOS_Lab/iot_link/shell\shell_cmd.c ****  * PROCUREMENT OF SUBSTITUTE GOODS OR SERVICES; LOSS OF USE, DATA, OR PROFITS;
ARM GAS  C:\Users\user\AppData\Local\Temp\cc5xkHLD.s 			page 3


  21:E:/LiteOS/LiteOS_Lab/iot_link/shell\shell_cmd.c ****  * OR BUSINESS INTERRUPTION) HOWEVER CAUSED AND ON ANY THEORY OF LIABILITY,
  22:E:/LiteOS/LiteOS_Lab/iot_link/shell\shell_cmd.c ****  * WHETHER IN CONTRACT, STRICT LIABILITY, OR TORT (INCLUDING NEGLIGENCE OR
  23:E:/LiteOS/LiteOS_Lab/iot_link/shell\shell_cmd.c ****  * OTHERWISE) ARISING IN ANY WAY OUT OF THE USE OF THIS SOFTWARE, EVEN IF
  24:E:/LiteOS/LiteOS_Lab/iot_link/shell\shell_cmd.c ****  * ADVISED OF THE POSSIBILITY OF SUCH DAMAGE.
  25:E:/LiteOS/LiteOS_Lab/iot_link/shell\shell_cmd.c ****  *---------------------------------------------------------------------------*/
  26:E:/LiteOS/LiteOS_Lab/iot_link/shell\shell_cmd.c **** /*----------------------------------------------------------------------------
  27:E:/LiteOS/LiteOS_Lab/iot_link/shell\shell_cmd.c ****  * Notice of Export Control Law
  28:E:/LiteOS/LiteOS_Lab/iot_link/shell\shell_cmd.c ****  * ===============================================
  29:E:/LiteOS/LiteOS_Lab/iot_link/shell\shell_cmd.c ****  * Huawei LiteOS may be subject to applicable export control laws and regulations, which might
  30:E:/LiteOS/LiteOS_Lab/iot_link/shell\shell_cmd.c ****  * include those applicable to Huawei LiteOS of U.S. and the country in which you are located.
  31:E:/LiteOS/LiteOS_Lab/iot_link/shell\shell_cmd.c ****  * Import, export and usage of Huawei LiteOS in any manner by you shall be in compliance with such
  32:E:/LiteOS/LiteOS_Lab/iot_link/shell\shell_cmd.c ****  * applicable export control laws and regulations.
  33:E:/LiteOS/LiteOS_Lab/iot_link/shell\shell_cmd.c ****  *---------------------------------------------------------------------------*/
  34:E:/LiteOS/LiteOS_Lab/iot_link/shell\shell_cmd.c **** /**
  35:E:/LiteOS/LiteOS_Lab/iot_link/shell\shell_cmd.c ****  *  DATE                AUTHOR      INSTRUCTION
  36:E:/LiteOS/LiteOS_Lab/iot_link/shell\shell_cmd.c ****  *  2019-05-14 17:22  zhangqianfu  The first version
  37:E:/LiteOS/LiteOS_Lab/iot_link/shell\shell_cmd.c ****  *
  38:E:/LiteOS/LiteOS_Lab/iot_link/shell\shell_cmd.c ****  */
  39:E:/LiteOS/LiteOS_Lab/iot_link/shell\shell_cmd.c **** 
  40:E:/LiteOS/LiteOS_Lab/iot_link/shell\shell_cmd.c **** /**********************************README***************************************
  41:E:/LiteOS/LiteOS_Lab/iot_link/shell\shell_cmd.c ****  * 1, we will load the command table in shell_cmd_init
  42:E:/LiteOS/LiteOS_Lab/iot_link/shell\shell_cmd.c ****  * 2, uptil now, we support the keil,gcc,you could add more compiler here
  43:E:/LiteOS/LiteOS_Lab/iot_link/shell\shell_cmd.c ****  *    make sure you get the method to define a section and know its address and size
  44:E:/LiteOS/LiteOS_Lab/iot_link/shell\shell_cmd.c **** *******************************************************************************/
  45:E:/LiteOS/LiteOS_Lab/iot_link/shell\shell_cmd.c **** 
  46:E:/LiteOS/LiteOS_Lab/iot_link/shell\shell_cmd.c **** 
  47:E:/LiteOS/LiteOS_Lab/iot_link/shell\shell_cmd.c **** /**************************************FILE INCLIUDES**************************/
  48:E:/LiteOS/LiteOS_Lab/iot_link/shell\shell_cmd.c **** 
  49:E:/LiteOS/LiteOS_Lab/iot_link/shell\shell_cmd.c **** #if cfg_shell_enable
  50:E:/LiteOS/LiteOS_Lab/iot_link/shell\shell_cmd.c **** 
  51:E:/LiteOS/LiteOS_Lab/iot_link/shell\shell_cmd.c **** #include <stdint.h>
  52:E:/LiteOS/LiteOS_Lab/iot_link/shell\shell_cmd.c **** #include <stddef.h>
  53:E:/LiteOS/LiteOS_Lab/iot_link/shell\shell_cmd.c **** #include <stdio.h>
  54:E:/LiteOS/LiteOS_Lab/iot_link/shell\shell_cmd.c **** #include <string.h>
  55:E:/LiteOS/LiteOS_Lab/iot_link/shell\shell_cmd.c **** #include <stdlib.h>
  56:E:/LiteOS/LiteOS_Lab/iot_link/shell\shell_cmd.c **** #include <shell.h>
  57:E:/LiteOS/LiteOS_Lab/iot_link/shell\shell_cmd.c **** #include  <link_misc.h>
  58:E:/LiteOS/LiteOS_Lab/iot_link/shell\shell_cmd.c **** 
  59:E:/LiteOS/LiteOS_Lab/iot_link/shell\shell_cmd.c **** /**************************************FILE DEFINES****************************/
  60:E:/LiteOS/LiteOS_Lab/iot_link/shell\shell_cmd.c **** #define cn_shell_args       16     //at most could support 16 parameters for command
  61:E:/LiteOS/LiteOS_Lab/iot_link/shell\shell_cmd.c **** #define cn_shell_ver_major  1
  62:E:/LiteOS/LiteOS_Lab/iot_link/shell\shell_cmd.c **** #define cn_shell_ver_minor  0
  63:E:/LiteOS/LiteOS_Lab/iot_link/shell\shell_cmd.c **** 
  64:E:/LiteOS/LiteOS_Lab/iot_link/shell\shell_cmd.c **** /**************************************FILE DATA STRUCTURE*********************/
  65:E:/LiteOS/LiteOS_Lab/iot_link/shell\shell_cmd.c **** struct shell_cb_t
  66:E:/LiteOS/LiteOS_Lab/iot_link/shell\shell_cmd.c **** {
  67:E:/LiteOS/LiteOS_Lab/iot_link/shell\shell_cmd.c ****     struct shell_item_t *s;      //static tabs
  68:E:/LiteOS/LiteOS_Lab/iot_link/shell\shell_cmd.c ****     int                  s_num;  //static number
  69:E:/LiteOS/LiteOS_Lab/iot_link/shell\shell_cmd.c ****     struct shell_item_t *d;      //dynamic list
  70:E:/LiteOS/LiteOS_Lab/iot_link/shell\shell_cmd.c ****     int                  d_num;  //dynamic number;
  71:E:/LiteOS/LiteOS_Lab/iot_link/shell\shell_cmd.c **** };
  72:E:/LiteOS/LiteOS_Lab/iot_link/shell\shell_cmd.c **** 
  73:E:/LiteOS/LiteOS_Lab/iot_link/shell\shell_cmd.c **** 
  74:E:/LiteOS/LiteOS_Lab/iot_link/shell\shell_cmd.c **** /**************************************FILE VARS*******************************/
  75:E:/LiteOS/LiteOS_Lab/iot_link/shell\shell_cmd.c **** static struct shell_cb_t gs_shell_cb; //shell controller here
  76:E:/LiteOS/LiteOS_Lab/iot_link/shell\shell_cmd.c **** 
  77:E:/LiteOS/LiteOS_Lab/iot_link/shell\shell_cmd.c **** static const char *gs_os_shell_type[EN_OSSHELL_LAST]={
ARM GAS  C:\Users\user\AppData\Local\Temp\cc5xkHLD.s 			page 4


  78:E:/LiteOS/LiteOS_Lab/iot_link/shell\shell_cmd.c ****     "CMD",\
  79:E:/LiteOS/LiteOS_Lab/iot_link/shell\shell_cmd.c ****     "VAR",
  80:E:/LiteOS/LiteOS_Lab/iot_link/shell\shell_cmd.c **** };//this will be used in show the shell type
  81:E:/LiteOS/LiteOS_Lab/iot_link/shell\shell_cmd.c **** static struct shell_tab_matches tab_matches;
  82:E:/LiteOS/LiteOS_Lab/iot_link/shell\shell_cmd.c **** /**************************************FILE FUNCTIONS**************************/
  83:E:/LiteOS/LiteOS_Lab/iot_link/shell\shell_cmd.c **** //export functions
  84:E:/LiteOS/LiteOS_Lab/iot_link/shell\shell_cmd.c **** int   shell_cmd_execute(char *param);            //execute the command
  85:E:/LiteOS/LiteOS_Lab/iot_link/shell\shell_cmd.c **** int   shell_cmd_init(void);                      //do the command table load
  86:E:/LiteOS/LiteOS_Lab/iot_link/shell\shell_cmd.c **** const struct shell_tab_matches *shell_cmd_index(const char *index);  //find the most like command
  87:E:/LiteOS/LiteOS_Lab/iot_link/shell\shell_cmd.c **** 
  88:E:/LiteOS/LiteOS_Lab/iot_link/shell\shell_cmd.c **** 
  89:E:/LiteOS/LiteOS_Lab/iot_link/shell\shell_cmd.c **** /**************************************FILE FUNCIMPLEMENT**********************/
  90:E:/LiteOS/LiteOS_Lab/iot_link/shell\shell_cmd.c **** 
  91:E:/LiteOS/LiteOS_Lab/iot_link/shell\shell_cmd.c **** /*******************************************************************************
  92:E:/LiteOS/LiteOS_Lab/iot_link/shell\shell_cmd.c **** function     :system help
  93:E:/LiteOS/LiteOS_Lab/iot_link/shell\shell_cmd.c **** parameters   :
  94:E:/LiteOS/LiteOS_Lab/iot_link/shell\shell_cmd.c **** instruction  :take care of help specified command
  95:E:/LiteOS/LiteOS_Lab/iot_link/shell\shell_cmd.c **** *******************************************************************************/
  96:E:/LiteOS/LiteOS_Lab/iot_link/shell\shell_cmd.c **** static int   shell_cmd_help(int argc, const char *argv[]){
  78              		.loc 1 96 0
  79              		.cfi_startproc
  80              		@ args = 0, pretend = 0, frame = 16
  81              		@ frame_needed = 1, uses_anonymous_args = 0
  82 0000 90B5     		push	{r4, r7, lr}
  83              	.LCFI0:
  84              		.cfi_def_cfa_offset 12
  85              		.cfi_offset 4, -12
  86              		.cfi_offset 7, -8
  87              		.cfi_offset 14, -4
  88 0002 89B0     		sub	sp, sp, #36
  89              	.LCFI1:
  90              		.cfi_def_cfa_offset 48
  91 0004 04AF     		add	r7, sp, #16
  92              	.LCFI2:
  93              		.cfi_def_cfa 7, 32
  94 0006 7860     		str	r0, [r7, #4]
  95 0008 3960     		str	r1, [r7]
  97:E:/LiteOS/LiteOS_Lab/iot_link/shell\shell_cmd.c ****     int   i ;
  98:E:/LiteOS/LiteOS_Lab/iot_link/shell\shell_cmd.c ****     struct shell_item_t *item;
  99:E:/LiteOS/LiteOS_Lab/iot_link/shell\shell_cmd.c **** 
 100:E:/LiteOS/LiteOS_Lab/iot_link/shell\shell_cmd.c ****     printf("%-16s%-5s%-4s%-10s%-20s\n\r",\
  96              		.loc 1 100 0
  97 000a 314B     		ldr	r3, .L7
  98 000c 0193     		str	r3, [sp, #4]
  99 000e 314B     		ldr	r3, .L7+4
 100 0010 0093     		str	r3, [sp]
 101 0012 314B     		ldr	r3, .L7+8
 102 0014 314A     		ldr	r2, .L7+12
 103 0016 3249     		ldr	r1, .L7+16
 104 0018 3248     		ldr	r0, .L7+20
 105 001a FFF7FEFF 		bl	printf
 101:E:/LiteOS/LiteOS_Lab/iot_link/shell\shell_cmd.c ****             "Name","Type","Len","RunAddr","Description");
 102:E:/LiteOS/LiteOS_Lab/iot_link/shell\shell_cmd.c ****     for(i = 0;i <gs_shell_cb.s_num;i++){
 106              		.loc 1 102 0
 107 001e 0023     		movs	r3, #0
 108 0020 FB60     		str	r3, [r7, #12]
 109 0022 1FE0     		b	.L2
ARM GAS  C:\Users\user\AppData\Local\Temp\cc5xkHLD.s 			page 5


 110              	.L3:
 103:E:/LiteOS/LiteOS_Lab/iot_link/shell\shell_cmd.c ****         item = &(gs_shell_cb.s[i]);
 111              		.loc 1 103 0 discriminator 3
 112 0024 304B     		ldr	r3, .L7+24
 113 0026 1A68     		ldr	r2, [r3]
 114 0028 FB68     		ldr	r3, [r7, #12]
 115 002a 1B01     		lsls	r3, r3, #4
 116 002c 1344     		add	r3, r3, r2
 117 002e BB60     		str	r3, [r7, #8]
 104:E:/LiteOS/LiteOS_Lab/iot_link/shell\shell_cmd.c ****         printf("%-16s%-5s%-4x%08x  %-30s\n\r",\
 118              		.loc 1 104 0 discriminator 3
 119 0030 BB68     		ldr	r3, [r7, #8]
 120 0032 1968     		ldr	r1, [r3]
 105:E:/LiteOS/LiteOS_Lab/iot_link/shell\shell_cmd.c ****                 item->name,gs_os_shell_type[item->type%EN_OSSHELL_LAST],\
 121              		.loc 1 105 0 discriminator 3
 122 0034 BB68     		ldr	r3, [r7, #8]
 123 0036 9B89     		ldrh	r3, [r3, #12]
 124 0038 03F00103 		and	r3, r3, #1
 104:E:/LiteOS/LiteOS_Lab/iot_link/shell\shell_cmd.c ****         printf("%-16s%-5s%-4x%08x  %-30s\n\r",\
 125              		.loc 1 104 0 discriminator 3
 126 003c 2B4A     		ldr	r2, .L7+28
 127 003e 52F82320 		ldr	r2, [r2, r3, lsl #2]
 106:E:/LiteOS/LiteOS_Lab/iot_link/shell\shell_cmd.c ****                 item->len,(unsigned int)item->addr,item->help);
 128              		.loc 1 106 0 discriminator 3
 129 0042 BB68     		ldr	r3, [r7, #8]
 130 0044 DB89     		ldrh	r3, [r3, #14]
 104:E:/LiteOS/LiteOS_Lab/iot_link/shell\shell_cmd.c ****         printf("%-16s%-5s%-4x%08x  %-30s\n\r",\
 131              		.loc 1 104 0 discriminator 3
 132 0046 1C46     		mov	r4, r3
 133              		.loc 1 106 0 discriminator 3
 134 0048 BB68     		ldr	r3, [r7, #8]
 135 004a 9B68     		ldr	r3, [r3, #8]
 104:E:/LiteOS/LiteOS_Lab/iot_link/shell\shell_cmd.c ****         printf("%-16s%-5s%-4x%08x  %-30s\n\r",\
 136              		.loc 1 104 0 discriminator 3
 137 004c 1846     		mov	r0, r3
 138 004e BB68     		ldr	r3, [r7, #8]
 139 0050 5B68     		ldr	r3, [r3, #4]
 140 0052 0193     		str	r3, [sp, #4]
 141 0054 0090     		str	r0, [sp]
 142 0056 2346     		mov	r3, r4
 143 0058 2548     		ldr	r0, .L7+32
 144 005a FFF7FEFF 		bl	printf
 102:E:/LiteOS/LiteOS_Lab/iot_link/shell\shell_cmd.c ****         item = &(gs_shell_cb.s[i]);
 145              		.loc 1 102 0 discriminator 3
 146 005e FB68     		ldr	r3, [r7, #12]
 147 0060 0133     		adds	r3, r3, #1
 148 0062 FB60     		str	r3, [r7, #12]
 149              	.L2:
 102:E:/LiteOS/LiteOS_Lab/iot_link/shell\shell_cmd.c ****         item = &(gs_shell_cb.s[i]);
 150              		.loc 1 102 0 is_stmt 0 discriminator 1
 151 0064 204B     		ldr	r3, .L7+24
 152 0066 5B68     		ldr	r3, [r3, #4]
 153 0068 FA68     		ldr	r2, [r7, #12]
 154 006a 9A42     		cmp	r2, r3
 155 006c DADB     		blt	.L3
 107:E:/LiteOS/LiteOS_Lab/iot_link/shell\shell_cmd.c ****     }
 108:E:/LiteOS/LiteOS_Lab/iot_link/shell\shell_cmd.c ****     for(i = 0;i <gs_shell_cb.d_num;i++){
ARM GAS  C:\Users\user\AppData\Local\Temp\cc5xkHLD.s 			page 6


 156              		.loc 1 108 0 is_stmt 1
 157 006e 0023     		movs	r3, #0
 158 0070 FB60     		str	r3, [r7, #12]
 159 0072 22E0     		b	.L4
 160              	.L5:
 109:E:/LiteOS/LiteOS_Lab/iot_link/shell\shell_cmd.c ****         item = &(gs_shell_cb.d[i]);
 161              		.loc 1 109 0 discriminator 3
 162 0074 1C4B     		ldr	r3, .L7+24
 163 0076 9A68     		ldr	r2, [r3, #8]
 164 0078 FB68     		ldr	r3, [r7, #12]
 165 007a 1B01     		lsls	r3, r3, #4
 166 007c 1344     		add	r3, r3, r2
 167 007e BB60     		str	r3, [r7, #8]
 110:E:/LiteOS/LiteOS_Lab/iot_link/shell\shell_cmd.c ****         printf("%-2x  %-16s%-5s%-4x%08x  %-30s\n\r",\
 168              		.loc 1 110 0 discriminator 3
 169 0080 BB68     		ldr	r3, [r7, #8]
 170 0082 1968     		ldr	r1, [r3]
 111:E:/LiteOS/LiteOS_Lab/iot_link/shell\shell_cmd.c ****                 i,item->name,gs_os_shell_type[item->type%EN_OSSHELL_LAST],\
 171              		.loc 1 111 0 discriminator 3
 172 0084 BB68     		ldr	r3, [r7, #8]
 173 0086 9B89     		ldrh	r3, [r3, #12]
 174 0088 03F00103 		and	r3, r3, #1
 110:E:/LiteOS/LiteOS_Lab/iot_link/shell\shell_cmd.c ****         printf("%-2x  %-16s%-5s%-4x%08x  %-30s\n\r",\
 175              		.loc 1 110 0 discriminator 3
 176 008c 174A     		ldr	r2, .L7+28
 177 008e 52F82320 		ldr	r2, [r2, r3, lsl #2]
 112:E:/LiteOS/LiteOS_Lab/iot_link/shell\shell_cmd.c ****                 item->len,(unsigned int)item->addr,item->help);
 178              		.loc 1 112 0 discriminator 3
 179 0092 BB68     		ldr	r3, [r7, #8]
 180 0094 DB89     		ldrh	r3, [r3, #14]
 110:E:/LiteOS/LiteOS_Lab/iot_link/shell\shell_cmd.c ****         printf("%-2x  %-16s%-5s%-4x%08x  %-30s\n\r",\
 181              		.loc 1 110 0 discriminator 3
 182 0096 1846     		mov	r0, r3
 183              		.loc 1 112 0 discriminator 3
 184 0098 BB68     		ldr	r3, [r7, #8]
 185 009a 9B68     		ldr	r3, [r3, #8]
 110:E:/LiteOS/LiteOS_Lab/iot_link/shell\shell_cmd.c ****         printf("%-2x  %-16s%-5s%-4x%08x  %-30s\n\r",\
 186              		.loc 1 110 0 discriminator 3
 187 009c 1C46     		mov	r4, r3
 188 009e BB68     		ldr	r3, [r7, #8]
 189 00a0 5B68     		ldr	r3, [r3, #4]
 190 00a2 0293     		str	r3, [sp, #8]
 191 00a4 0194     		str	r4, [sp, #4]
 192 00a6 0090     		str	r0, [sp]
 193 00a8 1346     		mov	r3, r2
 194 00aa 0A46     		mov	r2, r1
 195 00ac F968     		ldr	r1, [r7, #12]
 196 00ae 1148     		ldr	r0, .L7+36
 197 00b0 FFF7FEFF 		bl	printf
 108:E:/LiteOS/LiteOS_Lab/iot_link/shell\shell_cmd.c ****         item = &(gs_shell_cb.d[i]);
 198              		.loc 1 108 0 discriminator 3
 199 00b4 FB68     		ldr	r3, [r7, #12]
 200 00b6 0133     		adds	r3, r3, #1
 201 00b8 FB60     		str	r3, [r7, #12]
 202              	.L4:
 108:E:/LiteOS/LiteOS_Lab/iot_link/shell\shell_cmd.c ****         item = &(gs_shell_cb.d[i]);
 203              		.loc 1 108 0 is_stmt 0 discriminator 1
ARM GAS  C:\Users\user\AppData\Local\Temp\cc5xkHLD.s 			page 7


 204 00ba 0B4B     		ldr	r3, .L7+24
 205 00bc DB68     		ldr	r3, [r3, #12]
 206 00be FA68     		ldr	r2, [r7, #12]
 207 00c0 9A42     		cmp	r2, r3
 208 00c2 D7DB     		blt	.L5
 113:E:/LiteOS/LiteOS_Lab/iot_link/shell\shell_cmd.c ****     }
 114:E:/LiteOS/LiteOS_Lab/iot_link/shell\shell_cmd.c ****     return 0;
 209              		.loc 1 114 0 is_stmt 1
 210 00c4 0023     		movs	r3, #0
 115:E:/LiteOS/LiteOS_Lab/iot_link/shell\shell_cmd.c **** }
 211              		.loc 1 115 0
 212 00c6 1846     		mov	r0, r3
 213 00c8 1437     		adds	r7, r7, #20
 214              	.LCFI3:
 215              		.cfi_def_cfa_offset 12
 216 00ca BD46     		mov	sp, r7
 217              	.LCFI4:
 218              		.cfi_def_cfa_register 13
 219              		@ sp needed
 220 00cc 90BD     		pop	{r4, r7, pc}
 221              	.L8:
 222 00ce 00BF     		.align	2
 223              	.L7:
 224 00d0 38000000 		.word	.LC6
 225 00d4 44000000 		.word	.LC7
 226 00d8 08000000 		.word	.LC2
 227 00dc 0C000000 		.word	.LC3
 228 00e0 14000000 		.word	.LC4
 229 00e4 1C000000 		.word	.LC5
 230 00e8 00000000 		.word	gs_shell_cb
 231 00ec 00000000 		.word	gs_os_shell_type
 232 00f0 4C000000 		.word	.LC8
 233 00f4 68000000 		.word	.LC9
 234              		.cfi_endproc
 235              	.LFE3:
 237              		.section	.text.shell_cmd_match,"ax",%progbits
 238              		.align	1
 239              		.syntax unified
 240              		.thumb
 241              		.thumb_func
 242              		.fpu fpv4-sp-d16
 244              	shell_cmd_match:
 245              	.LFB4:
 116:E:/LiteOS/LiteOS_Lab/iot_link/shell\shell_cmd.c **** 
 117:E:/LiteOS/LiteOS_Lab/iot_link/shell\shell_cmd.c **** /*******************************************************************************
 118:E:/LiteOS/LiteOS_Lab/iot_link/shell\shell_cmd.c **** function     :used to find the command
 119:E:/LiteOS/LiteOS_Lab/iot_link/shell\shell_cmd.c **** parameters   :
 120:E:/LiteOS/LiteOS_Lab/iot_link/shell\shell_cmd.c **** instruction  :
 121:E:/LiteOS/LiteOS_Lab/iot_link/shell\shell_cmd.c **** *******************************************************************************/
 122:E:/LiteOS/LiteOS_Lab/iot_link/shell\shell_cmd.c **** static struct shell_item_t *shell_cmd_match(const char *name)
 123:E:/LiteOS/LiteOS_Lab/iot_link/shell\shell_cmd.c **** {
 246              		.loc 1 123 0
 247              		.cfi_startproc
 248              		@ args = 0, pretend = 0, frame = 24
 249              		@ frame_needed = 1, uses_anonymous_args = 0
 250 0000 80B5     		push	{r7, lr}
 251              	.LCFI5:
ARM GAS  C:\Users\user\AppData\Local\Temp\cc5xkHLD.s 			page 8


 252              		.cfi_def_cfa_offset 8
 253              		.cfi_offset 7, -8
 254              		.cfi_offset 14, -4
 255 0002 86B0     		sub	sp, sp, #24
 256              	.LCFI6:
 257              		.cfi_def_cfa_offset 32
 258 0004 00AF     		add	r7, sp, #0
 259              	.LCFI7:
 260              		.cfi_def_cfa_register 7
 261 0006 7860     		str	r0, [r7, #4]
 124:E:/LiteOS/LiteOS_Lab/iot_link/shell\shell_cmd.c ****     struct shell_item_t *item = NULL;
 262              		.loc 1 124 0
 263 0008 0023     		movs	r3, #0
 264 000a 7B61     		str	r3, [r7, #20]
 125:E:/LiteOS/LiteOS_Lab/iot_link/shell\shell_cmd.c ****     struct shell_item_t  *ret = NULL;
 265              		.loc 1 125 0
 266 000c 0023     		movs	r3, #0
 267 000e 3B61     		str	r3, [r7, #16]
 126:E:/LiteOS/LiteOS_Lab/iot_link/shell\shell_cmd.c ****     int   i;
 127:E:/LiteOS/LiteOS_Lab/iot_link/shell\shell_cmd.c ****     //search the static tab first,if not found then find the dynamic tab
 128:E:/LiteOS/LiteOS_Lab/iot_link/shell\shell_cmd.c ****     ret = NULL;
 268              		.loc 1 128 0
 269 0010 0023     		movs	r3, #0
 270 0012 3B61     		str	r3, [r7, #16]
 129:E:/LiteOS/LiteOS_Lab/iot_link/shell\shell_cmd.c ****     for(i = 0;i <gs_shell_cb.s_num;i++){
 271              		.loc 1 129 0
 272 0014 0023     		movs	r3, #0
 273 0016 FB60     		str	r3, [r7, #12]
 274 0018 14E0     		b	.L10
 275              	.L13:
 130:E:/LiteOS/LiteOS_Lab/iot_link/shell\shell_cmd.c ****         item = &(gs_shell_cb.s[i]);
 276              		.loc 1 130 0
 277 001a 1F4B     		ldr	r3, .L19
 278 001c 1A68     		ldr	r2, [r3]
 279 001e FB68     		ldr	r3, [r7, #12]
 280 0020 1B01     		lsls	r3, r3, #4
 281 0022 1344     		add	r3, r3, r2
 282 0024 7B61     		str	r3, [r7, #20]
 131:E:/LiteOS/LiteOS_Lab/iot_link/shell\shell_cmd.c ****         if(0 == strcmp(name,item->name)){
 283              		.loc 1 131 0
 284 0026 7B69     		ldr	r3, [r7, #20]
 285 0028 1B68     		ldr	r3, [r3]
 286 002a 1946     		mov	r1, r3
 287 002c 7868     		ldr	r0, [r7, #4]
 288 002e FFF7FEFF 		bl	strcmp
 289 0032 0346     		mov	r3, r0
 290 0034 002B     		cmp	r3, #0
 291 0036 02D1     		bne	.L11
 132:E:/LiteOS/LiteOS_Lab/iot_link/shell\shell_cmd.c ****             ret = item;
 292              		.loc 1 132 0
 293 0038 7B69     		ldr	r3, [r7, #20]
 294 003a 3B61     		str	r3, [r7, #16]
 133:E:/LiteOS/LiteOS_Lab/iot_link/shell\shell_cmd.c ****             break;
 295              		.loc 1 133 0
 296 003c 07E0     		b	.L12
 297              	.L11:
 129:E:/LiteOS/LiteOS_Lab/iot_link/shell\shell_cmd.c ****         item = &(gs_shell_cb.s[i]);
ARM GAS  C:\Users\user\AppData\Local\Temp\cc5xkHLD.s 			page 9


 298              		.loc 1 129 0 discriminator 2
 299 003e FB68     		ldr	r3, [r7, #12]
 300 0040 0133     		adds	r3, r3, #1
 301 0042 FB60     		str	r3, [r7, #12]
 302              	.L10:
 129:E:/LiteOS/LiteOS_Lab/iot_link/shell\shell_cmd.c ****         item = &(gs_shell_cb.s[i]);
 303              		.loc 1 129 0 is_stmt 0 discriminator 1
 304 0044 144B     		ldr	r3, .L19
 305 0046 5B68     		ldr	r3, [r3, #4]
 306 0048 FA68     		ldr	r2, [r7, #12]
 307 004a 9A42     		cmp	r2, r3
 308 004c E5DB     		blt	.L13
 309              	.L12:
 134:E:/LiteOS/LiteOS_Lab/iot_link/shell\shell_cmd.c ****         }
 135:E:/LiteOS/LiteOS_Lab/iot_link/shell\shell_cmd.c ****     }
 136:E:/LiteOS/LiteOS_Lab/iot_link/shell\shell_cmd.c ****     if(NULL == item){
 310              		.loc 1 136 0 is_stmt 1
 311 004e 7B69     		ldr	r3, [r7, #20]
 312 0050 002B     		cmp	r3, #0
 313 0052 1CD1     		bne	.L14
 137:E:/LiteOS/LiteOS_Lab/iot_link/shell\shell_cmd.c ****         for(i = 0;i <gs_shell_cb.d_num;i++){
 314              		.loc 1 137 0
 315 0054 0023     		movs	r3, #0
 316 0056 FB60     		str	r3, [r7, #12]
 317 0058 14E0     		b	.L15
 318              	.L17:
 138:E:/LiteOS/LiteOS_Lab/iot_link/shell\shell_cmd.c ****             item = &(gs_shell_cb.d[i]);
 319              		.loc 1 138 0
 320 005a 0F4B     		ldr	r3, .L19
 321 005c 9A68     		ldr	r2, [r3, #8]
 322 005e FB68     		ldr	r3, [r7, #12]
 323 0060 1B01     		lsls	r3, r3, #4
 324 0062 1344     		add	r3, r3, r2
 325 0064 7B61     		str	r3, [r7, #20]
 139:E:/LiteOS/LiteOS_Lab/iot_link/shell\shell_cmd.c ****             if(0 == strcmp(name,item->name)){
 326              		.loc 1 139 0
 327 0066 7B69     		ldr	r3, [r7, #20]
 328 0068 1B68     		ldr	r3, [r3]
 329 006a 1946     		mov	r1, r3
 330 006c 7868     		ldr	r0, [r7, #4]
 331 006e FFF7FEFF 		bl	strcmp
 332 0072 0346     		mov	r3, r0
 333 0074 002B     		cmp	r3, #0
 334 0076 02D1     		bne	.L16
 140:E:/LiteOS/LiteOS_Lab/iot_link/shell\shell_cmd.c ****                 ret = item;
 335              		.loc 1 140 0
 336 0078 7B69     		ldr	r3, [r7, #20]
 337 007a 3B61     		str	r3, [r7, #16]
 141:E:/LiteOS/LiteOS_Lab/iot_link/shell\shell_cmd.c ****                 break;
 338              		.loc 1 141 0
 339 007c 07E0     		b	.L14
 340              	.L16:
 137:E:/LiteOS/LiteOS_Lab/iot_link/shell\shell_cmd.c ****             item = &(gs_shell_cb.d[i]);
 341              		.loc 1 137 0 discriminator 2
 342 007e FB68     		ldr	r3, [r7, #12]
 343 0080 0133     		adds	r3, r3, #1
 344 0082 FB60     		str	r3, [r7, #12]
ARM GAS  C:\Users\user\AppData\Local\Temp\cc5xkHLD.s 			page 10


 345              	.L15:
 137:E:/LiteOS/LiteOS_Lab/iot_link/shell\shell_cmd.c ****             item = &(gs_shell_cb.d[i]);
 346              		.loc 1 137 0 is_stmt 0 discriminator 1
 347 0084 044B     		ldr	r3, .L19
 348 0086 DB68     		ldr	r3, [r3, #12]
 349 0088 FA68     		ldr	r2, [r7, #12]
 350 008a 9A42     		cmp	r2, r3
 351 008c E5DB     		blt	.L17
 352              	.L14:
 142:E:/LiteOS/LiteOS_Lab/iot_link/shell\shell_cmd.c ****             }
 143:E:/LiteOS/LiteOS_Lab/iot_link/shell\shell_cmd.c ****         }
 144:E:/LiteOS/LiteOS_Lab/iot_link/shell\shell_cmd.c ****     }
 145:E:/LiteOS/LiteOS_Lab/iot_link/shell\shell_cmd.c ****     return ret;
 353              		.loc 1 145 0 is_stmt 1
 354 008e 3B69     		ldr	r3, [r7, #16]
 146:E:/LiteOS/LiteOS_Lab/iot_link/shell\shell_cmd.c **** }
 355              		.loc 1 146 0
 356 0090 1846     		mov	r0, r3
 357 0092 1837     		adds	r7, r7, #24
 358              	.LCFI8:
 359              		.cfi_def_cfa_offset 8
 360 0094 BD46     		mov	sp, r7
 361              	.LCFI9:
 362              		.cfi_def_cfa_register 13
 363              		@ sp needed
 364 0096 80BD     		pop	{r7, pc}
 365              	.L20:
 366              		.align	2
 367              	.L19:
 368 0098 00000000 		.word	gs_shell_cb
 369              		.cfi_endproc
 370              	.LFE4:
 372              		.section	.text.shell_cmd_index,"ax",%progbits
 373              		.align	1
 374              		.global	shell_cmd_index
 375              		.syntax unified
 376              		.thumb
 377              		.thumb_func
 378              		.fpu fpv4-sp-d16
 380              	shell_cmd_index:
 381              	.LFB5:
 147:E:/LiteOS/LiteOS_Lab/iot_link/shell\shell_cmd.c **** 
 148:E:/LiteOS/LiteOS_Lab/iot_link/shell\shell_cmd.c **** /*******************************************************************************
 149:E:/LiteOS/LiteOS_Lab/iot_link/shell\shell_cmd.c **** function     :used to find the most like command
 150:E:/LiteOS/LiteOS_Lab/iot_link/shell\shell_cmd.c **** parameters   :
 151:E:/LiteOS/LiteOS_Lab/iot_link/shell\shell_cmd.c **** instruction  :
 152:E:/LiteOS/LiteOS_Lab/iot_link/shell\shell_cmd.c **** *******************************************************************************/
 153:E:/LiteOS/LiteOS_Lab/iot_link/shell\shell_cmd.c **** const struct shell_tab_matches *shell_cmd_index(const char *index){
 382              		.loc 1 153 0
 383              		.cfi_startproc
 384              		@ args = 0, pretend = 0, frame = 16
 385              		@ frame_needed = 1, uses_anonymous_args = 0
 386 0000 90B5     		push	{r4, r7, lr}
 387              	.LCFI10:
 388              		.cfi_def_cfa_offset 12
 389              		.cfi_offset 4, -12
 390              		.cfi_offset 7, -8
ARM GAS  C:\Users\user\AppData\Local\Temp\cc5xkHLD.s 			page 11


 391              		.cfi_offset 14, -4
 392 0002 85B0     		sub	sp, sp, #20
 393              	.LCFI11:
 394              		.cfi_def_cfa_offset 32
 395 0004 00AF     		add	r7, sp, #0
 396              	.LCFI12:
 397              		.cfi_def_cfa_register 7
 398 0006 7860     		str	r0, [r7, #4]
 154:E:/LiteOS/LiteOS_Lab/iot_link/shell\shell_cmd.c ****     struct shell_item_t *item;
 155:E:/LiteOS/LiteOS_Lab/iot_link/shell\shell_cmd.c ****     int   i;
 156:E:/LiteOS/LiteOS_Lab/iot_link/shell\shell_cmd.c ****     //search the static tab first,if not found then find the dynamic tab
 157:E:/LiteOS/LiteOS_Lab/iot_link/shell\shell_cmd.c ****     tab_matches.len = 0;
 399              		.loc 1 157 0
 400 0008 364B     		ldr	r3, .L31
 401 000a 0022     		movs	r2, #0
 402 000c A3F84020 		strh	r2, [r3, #64]	@ movhi
 158:E:/LiteOS/LiteOS_Lab/iot_link/shell\shell_cmd.c ****     for(i = 0;i <gs_shell_cb.s_num && tab_matches.len < MAX_TAB_MATCHES; i++){
 403              		.loc 1 158 0
 404 0010 0023     		movs	r3, #0
 405 0012 FB60     		str	r3, [r7, #12]
 406 0014 24E0     		b	.L22
 407              	.L25:
 159:E:/LiteOS/LiteOS_Lab/iot_link/shell\shell_cmd.c ****         item = &(gs_shell_cb.s[i]);
 408              		.loc 1 159 0
 409 0016 344B     		ldr	r3, .L31+4
 410 0018 1A68     		ldr	r2, [r3]
 411 001a FB68     		ldr	r3, [r7, #12]
 412 001c 1B01     		lsls	r3, r3, #4
 413 001e 1344     		add	r3, r3, r2
 414 0020 BB60     		str	r3, [r7, #8]
 160:E:/LiteOS/LiteOS_Lab/iot_link/shell\shell_cmd.c ****         if (strncmp(item->name, index, strlen(index)) == 0) {
 415              		.loc 1 160 0
 416 0022 BB68     		ldr	r3, [r7, #8]
 417 0024 1C68     		ldr	r4, [r3]
 418 0026 7868     		ldr	r0, [r7, #4]
 419 0028 FFF7FEFF 		bl	strlen
 420 002c 0346     		mov	r3, r0
 421 002e 1A46     		mov	r2, r3
 422 0030 7968     		ldr	r1, [r7, #4]
 423 0032 2046     		mov	r0, r4
 424 0034 FFF7FEFF 		bl	strncmp
 425 0038 0346     		mov	r3, r0
 426 003a 002B     		cmp	r3, #0
 427 003c 0DD1     		bne	.L23
 161:E:/LiteOS/LiteOS_Lab/iot_link/shell\shell_cmd.c ****             tab_matches.matches[tab_matches.len++] = item->name;
 428              		.loc 1 161 0
 429 003e 294B     		ldr	r3, .L31
 430 0040 B3F84030 		ldrh	r3, [r3, #64]
 431 0044 5A1C     		adds	r2, r3, #1
 432 0046 91B2     		uxth	r1, r2
 433 0048 264A     		ldr	r2, .L31
 434 004a A2F84010 		strh	r1, [r2, #64]	@ movhi
 435 004e 1946     		mov	r1, r3
 436 0050 BB68     		ldr	r3, [r7, #8]
 437 0052 1B68     		ldr	r3, [r3]
 438 0054 234A     		ldr	r2, .L31
 439 0056 42F82130 		str	r3, [r2, r1, lsl #2]
ARM GAS  C:\Users\user\AppData\Local\Temp\cc5xkHLD.s 			page 12


 440              	.L23:
 158:E:/LiteOS/LiteOS_Lab/iot_link/shell\shell_cmd.c ****         item = &(gs_shell_cb.s[i]);
 441              		.loc 1 158 0 discriminator 2
 442 005a FB68     		ldr	r3, [r7, #12]
 443 005c 0133     		adds	r3, r3, #1
 444 005e FB60     		str	r3, [r7, #12]
 445              	.L22:
 158:E:/LiteOS/LiteOS_Lab/iot_link/shell\shell_cmd.c ****         item = &(gs_shell_cb.s[i]);
 446              		.loc 1 158 0 is_stmt 0 discriminator 1
 447 0060 214B     		ldr	r3, .L31+4
 448 0062 5B68     		ldr	r3, [r3, #4]
 449 0064 FA68     		ldr	r2, [r7, #12]
 450 0066 9A42     		cmp	r2, r3
 451 0068 04DA     		bge	.L24
 158:E:/LiteOS/LiteOS_Lab/iot_link/shell\shell_cmd.c ****         item = &(gs_shell_cb.s[i]);
 452              		.loc 1 158 0 discriminator 3
 453 006a 1E4B     		ldr	r3, .L31
 454 006c B3F84030 		ldrh	r3, [r3, #64]
 455 0070 0F2B     		cmp	r3, #15
 456 0072 D0D9     		bls	.L25
 457              	.L24:
 162:E:/LiteOS/LiteOS_Lab/iot_link/shell\shell_cmd.c ****         }
 163:E:/LiteOS/LiteOS_Lab/iot_link/shell\shell_cmd.c ****     }
 164:E:/LiteOS/LiteOS_Lab/iot_link/shell\shell_cmd.c ****     
 165:E:/LiteOS/LiteOS_Lab/iot_link/shell\shell_cmd.c ****     for(i = 0;i <gs_shell_cb.d_num && tab_matches.len < MAX_TAB_MATCHES; i++){
 458              		.loc 1 165 0 is_stmt 1
 459 0074 0023     		movs	r3, #0
 460 0076 FB60     		str	r3, [r7, #12]
 461 0078 24E0     		b	.L26
 462              	.L29:
 166:E:/LiteOS/LiteOS_Lab/iot_link/shell\shell_cmd.c ****         item = &(gs_shell_cb.d[i]);
 463              		.loc 1 166 0
 464 007a 1B4B     		ldr	r3, .L31+4
 465 007c 9A68     		ldr	r2, [r3, #8]
 466 007e FB68     		ldr	r3, [r7, #12]
 467 0080 1B01     		lsls	r3, r3, #4
 468 0082 1344     		add	r3, r3, r2
 469 0084 BB60     		str	r3, [r7, #8]
 167:E:/LiteOS/LiteOS_Lab/iot_link/shell\shell_cmd.c ****         if(strncmp(item->name, index, strlen(index)) == 0){
 470              		.loc 1 167 0
 471 0086 BB68     		ldr	r3, [r7, #8]
 472 0088 1C68     		ldr	r4, [r3]
 473 008a 7868     		ldr	r0, [r7, #4]
 474 008c FFF7FEFF 		bl	strlen
 475 0090 0346     		mov	r3, r0
 476 0092 1A46     		mov	r2, r3
 477 0094 7968     		ldr	r1, [r7, #4]
 478 0096 2046     		mov	r0, r4
 479 0098 FFF7FEFF 		bl	strncmp
 480 009c 0346     		mov	r3, r0
 481 009e 002B     		cmp	r3, #0
 482 00a0 0DD1     		bne	.L27
 168:E:/LiteOS/LiteOS_Lab/iot_link/shell\shell_cmd.c ****             tab_matches.matches[tab_matches.len++] = item->name;
 483              		.loc 1 168 0
 484 00a2 104B     		ldr	r3, .L31
 485 00a4 B3F84030 		ldrh	r3, [r3, #64]
 486 00a8 5A1C     		adds	r2, r3, #1
ARM GAS  C:\Users\user\AppData\Local\Temp\cc5xkHLD.s 			page 13


 487 00aa 91B2     		uxth	r1, r2
 488 00ac 0D4A     		ldr	r2, .L31
 489 00ae A2F84010 		strh	r1, [r2, #64]	@ movhi
 490 00b2 1946     		mov	r1, r3
 491 00b4 BB68     		ldr	r3, [r7, #8]
 492 00b6 1B68     		ldr	r3, [r3]
 493 00b8 0A4A     		ldr	r2, .L31
 494 00ba 42F82130 		str	r3, [r2, r1, lsl #2]
 495              	.L27:
 165:E:/LiteOS/LiteOS_Lab/iot_link/shell\shell_cmd.c ****         item = &(gs_shell_cb.d[i]);
 496              		.loc 1 165 0 discriminator 2
 497 00be FB68     		ldr	r3, [r7, #12]
 498 00c0 0133     		adds	r3, r3, #1
 499 00c2 FB60     		str	r3, [r7, #12]
 500              	.L26:
 165:E:/LiteOS/LiteOS_Lab/iot_link/shell\shell_cmd.c ****         item = &(gs_shell_cb.d[i]);
 501              		.loc 1 165 0 is_stmt 0 discriminator 1
 502 00c4 084B     		ldr	r3, .L31+4
 503 00c6 DB68     		ldr	r3, [r3, #12]
 504 00c8 FA68     		ldr	r2, [r7, #12]
 505 00ca 9A42     		cmp	r2, r3
 506 00cc 04DA     		bge	.L28
 165:E:/LiteOS/LiteOS_Lab/iot_link/shell\shell_cmd.c ****         item = &(gs_shell_cb.d[i]);
 507              		.loc 1 165 0 discriminator 3
 508 00ce 054B     		ldr	r3, .L31
 509 00d0 B3F84030 		ldrh	r3, [r3, #64]
 510 00d4 0F2B     		cmp	r3, #15
 511 00d6 D0D9     		bls	.L29
 512              	.L28:
 169:E:/LiteOS/LiteOS_Lab/iot_link/shell\shell_cmd.c ****         }
 170:E:/LiteOS/LiteOS_Lab/iot_link/shell\shell_cmd.c ****     }
 171:E:/LiteOS/LiteOS_Lab/iot_link/shell\shell_cmd.c ****     
 172:E:/LiteOS/LiteOS_Lab/iot_link/shell\shell_cmd.c ****     return &tab_matches;
 513              		.loc 1 172 0 is_stmt 1
 514 00d8 024B     		ldr	r3, .L31
 173:E:/LiteOS/LiteOS_Lab/iot_link/shell\shell_cmd.c **** }
 515              		.loc 1 173 0
 516 00da 1846     		mov	r0, r3
 517 00dc 1437     		adds	r7, r7, #20
 518              	.LCFI13:
 519              		.cfi_def_cfa_offset 12
 520 00de BD46     		mov	sp, r7
 521              	.LCFI14:
 522              		.cfi_def_cfa_register 13
 523              		@ sp needed
 524 00e0 90BD     		pop	{r4, r7, pc}
 525              	.L32:
 526 00e2 00BF     		.align	2
 527              	.L31:
 528 00e4 00000000 		.word	tab_matches
 529 00e8 00000000 		.word	gs_shell_cb
 530              		.cfi_endproc
 531              	.LFE5:
 533              		.section	.rodata
 534 0089 000000   		.align	2
 535              	.LC10:
 536 008c 5348454C 		.ascii	"SHELL COMMAND NOT FIND:%s\012\015\000"
ARM GAS  C:\Users\user\AppData\Local\Temp\cc5xkHLD.s 			page 14


 536      4C20434F 
 536      4D4D414E 
 536      44204E4F 
 536      54204649 
 537              		.align	2
 538              	.LC11:
 539 00a8 73657400 		.ascii	"set\000"
 540              		.align	2
 541              	.LC12:
 542 00ac 28484558 		.ascii	"(HEX):ADDR:0X%08X:\000"
 542      293A4144 
 542      44523A30 
 542      58253038 
 542      583A00
 543 00bf 00       		.align	2
 544              	.LC13:
 545 00c0 25303278 		.ascii	"%02x \000"
 545      2000
 546              		.section	.text.shell_cmd_execute,"ax",%progbits
 547              		.align	1
 548              		.global	shell_cmd_execute
 549              		.syntax unified
 550              		.thumb
 551              		.thumb_func
 552              		.fpu fpv4-sp-d16
 554              	shell_cmd_execute:
 555              	.LFB6:
 174:E:/LiteOS/LiteOS_Lab/iot_link/shell\shell_cmd.c **** 
 175:E:/LiteOS/LiteOS_Lab/iot_link/shell\shell_cmd.c **** /*******************************************************************************
 176:E:/LiteOS/LiteOS_Lab/iot_link/shell\shell_cmd.c **** function     :used to execute the command specified by the string
 177:E:/LiteOS/LiteOS_Lab/iot_link/shell\shell_cmd.c **** parameters   :
 178:E:/LiteOS/LiteOS_Lab/iot_link/shell\shell_cmd.c **** instruction  :we will split the string with the blank space, and the first one
 179:E:/LiteOS/LiteOS_Lab/iot_link/shell\shell_cmd.c ****              will be used as the shell name to search the shell.If a shell cmd
 180:E:/LiteOS/LiteOS_Lab/iot_link/shell\shell_cmd.c ****              found then will execute the command,and then all the args will be
 181:E:/LiteOS/LiteOS_Lab/iot_link/shell\shell_cmd.c ****              passed to the function;if a data shell found, then will only do the
 182:E:/LiteOS/LiteOS_Lab/iot_link/shell\shell_cmd.c ****              "get" or set "action";attention that the first arg is the shell name
 183:E:/LiteOS/LiteOS_Lab/iot_link/shell\shell_cmd.c ****              itself!
 184:E:/LiteOS/LiteOS_Lab/iot_link/shell\shell_cmd.c **** *******************************************************************************/
 185:E:/LiteOS/LiteOS_Lab/iot_link/shell\shell_cmd.c **** int   shell_cmd_execute(char *param){
 556              		.loc 1 185 0
 557              		.cfi_startproc
 558              		@ args = 0, pretend = 0, frame = 104
 559              		@ frame_needed = 1, uses_anonymous_args = 0
 560 0000 80B5     		push	{r7, lr}
 561              	.LCFI15:
 562              		.cfi_def_cfa_offset 8
 563              		.cfi_offset 7, -8
 564              		.cfi_offset 14, -4
 565 0002 9AB0     		sub	sp, sp, #104
 566              	.LCFI16:
 567              		.cfi_def_cfa_offset 112
 568 0004 00AF     		add	r7, sp, #0
 569              	.LCFI17:
 570              		.cfi_def_cfa_register 7
 571 0006 7860     		str	r0, [r7, #4]
 186:E:/LiteOS/LiteOS_Lab/iot_link/shell\shell_cmd.c ****     int   ret= -1;
 572              		.loc 1 186 0
ARM GAS  C:\Users\user\AppData\Local\Temp\cc5xkHLD.s 			page 15


 573 0008 4FF0FF33 		mov	r3, #-1
 574 000c 7B66     		str	r3, [r7, #100]
 187:E:/LiteOS/LiteOS_Lab/iot_link/shell\shell_cmd.c ****     int    argc = cn_shell_args;           //split the params to argc and argv format
 575              		.loc 1 187 0
 576 000e 1023     		movs	r3, #16
 577 0010 3B65     		str	r3, [r7, #80]
 188:E:/LiteOS/LiteOS_Lab/iot_link/shell\shell_cmd.c ****     unsigned int     value;
 189:E:/LiteOS/LiteOS_Lab/iot_link/shell\shell_cmd.c ****     unsigned char   *bytes;
 190:E:/LiteOS/LiteOS_Lab/iot_link/shell\shell_cmd.c ****     int     i;
 191:E:/LiteOS/LiteOS_Lab/iot_link/shell\shell_cmd.c ****     const  char *argv[cn_shell_args];
 192:E:/LiteOS/LiteOS_Lab/iot_link/shell\shell_cmd.c ****     struct shell_item_t *item;            //match the command item
 193:E:/LiteOS/LiteOS_Lab/iot_link/shell\shell_cmd.c ****     fn_shell_cmdentry shell_cmd_entry;    //command function entry
 194:E:/LiteOS/LiteOS_Lab/iot_link/shell\shell_cmd.c ****     string_to_arg(&argc,argv,param);      //format the parameters
 578              		.loc 1 194 0
 579 0012 07F10C01 		add	r1, r7, #12
 580 0016 07F15003 		add	r3, r7, #80
 581 001a 7A68     		ldr	r2, [r7, #4]
 582 001c 1846     		mov	r0, r3
 583 001e FFF7FEFF 		bl	string_to_arg
 195:E:/LiteOS/LiteOS_Lab/iot_link/shell\shell_cmd.c ****     if(argc == 0){
 584              		.loc 1 195 0
 585 0022 3B6D     		ldr	r3, [r7, #80]
 586 0024 002B     		cmp	r3, #0
 587 0026 06D1     		bne	.L34
 196:E:/LiteOS/LiteOS_Lab/iot_link/shell\shell_cmd.c ****         shell_cmd_help(0,NULL);               //if no args we show system help
 588              		.loc 1 196 0
 589 0028 0021     		movs	r1, #0
 590 002a 0020     		movs	r0, #0
 591 002c FFF7FEFF 		bl	shell_cmd_help
 197:E:/LiteOS/LiteOS_Lab/iot_link/shell\shell_cmd.c ****         ret = 0;
 592              		.loc 1 197 0
 593 0030 0023     		movs	r3, #0
 594 0032 7B66     		str	r3, [r7, #100]
 595 0034 58E0     		b	.L35
 596              	.L34:
 198:E:/LiteOS/LiteOS_Lab/iot_link/shell\shell_cmd.c ****     }
 199:E:/LiteOS/LiteOS_Lab/iot_link/shell\shell_cmd.c ****     else{
 200:E:/LiteOS/LiteOS_Lab/iot_link/shell\shell_cmd.c ****         item =shell_cmd_match(argv[0]);//find the item
 597              		.loc 1 200 0
 598 0036 FB68     		ldr	r3, [r7, #12]
 599 0038 1846     		mov	r0, r3
 600 003a FFF7FEFF 		bl	shell_cmd_match
 601 003e B865     		str	r0, [r7, #88]
 201:E:/LiteOS/LiteOS_Lab/iot_link/shell\shell_cmd.c ****         if(NULL == item){
 602              		.loc 1 201 0
 603 0040 BB6D     		ldr	r3, [r7, #88]
 604 0042 002B     		cmp	r3, #0
 605 0044 08D1     		bne	.L36
 202:E:/LiteOS/LiteOS_Lab/iot_link/shell\shell_cmd.c ****             printf("SHELL COMMAND NOT FIND:%s\n\r",argv[0]);
 606              		.loc 1 202 0
 607 0046 FB68     		ldr	r3, [r7, #12]
 608 0048 1946     		mov	r1, r3
 609 004a 2A48     		ldr	r0, .L42
 610 004c FFF7FEFF 		bl	printf
 203:E:/LiteOS/LiteOS_Lab/iot_link/shell\shell_cmd.c ****             ret = -1;
 611              		.loc 1 203 0
 612 0050 4FF0FF33 		mov	r3, #-1
ARM GAS  C:\Users\user\AppData\Local\Temp\cc5xkHLD.s 			page 16


 613 0054 7B66     		str	r3, [r7, #100]
 614 0056 47E0     		b	.L35
 615              	.L36:
 204:E:/LiteOS/LiteOS_Lab/iot_link/shell\shell_cmd.c ****         }
 205:E:/LiteOS/LiteOS_Lab/iot_link/shell\shell_cmd.c ****         else{
 206:E:/LiteOS/LiteOS_Lab/iot_link/shell\shell_cmd.c ****             if(item->type == EN_OSSHELL_CMD){
 616              		.loc 1 206 0
 617 0058 BB6D     		ldr	r3, [r7, #88]
 618 005a 9B89     		ldrh	r3, [r3, #12]
 619 005c 002B     		cmp	r3, #0
 620 005e 09D1     		bne	.L37
 207:E:/LiteOS/LiteOS_Lab/iot_link/shell\shell_cmd.c ****                 shell_cmd_entry = (fn_shell_cmdentry)item->addr;
 621              		.loc 1 207 0
 622 0060 BB6D     		ldr	r3, [r7, #88]
 623 0062 9B68     		ldr	r3, [r3, #8]
 624 0064 7B65     		str	r3, [r7, #84]
 208:E:/LiteOS/LiteOS_Lab/iot_link/shell\shell_cmd.c ****                 shell_cmd_entry(argc,argv);
 625              		.loc 1 208 0
 626 0066 3A6D     		ldr	r2, [r7, #80]
 627 0068 07F10C01 		add	r1, r7, #12
 628 006c 7B6D     		ldr	r3, [r7, #84]
 629 006e 1046     		mov	r0, r2
 630 0070 9847     		blx	r3
 631              	.LVL0:
 632 0072 39E0     		b	.L35
 633              	.L37:
 209:E:/LiteOS/LiteOS_Lab/iot_link/shell\shell_cmd.c ****             }
 210:E:/LiteOS/LiteOS_Lab/iot_link/shell\shell_cmd.c ****             else{
 211:E:/LiteOS/LiteOS_Lab/iot_link/shell\shell_cmd.c ****                 if((argc == 3)&&(0 == strcmp(argv[1],"set"))){
 634              		.loc 1 211 0
 635 0074 3B6D     		ldr	r3, [r7, #80]
 636 0076 032B     		cmp	r3, #3
 637 0078 1AD1     		bne	.L38
 638              		.loc 1 211 0 is_stmt 0 discriminator 1
 639 007a 3B69     		ldr	r3, [r7, #16]
 640 007c 1E49     		ldr	r1, .L42+4
 641 007e 1846     		mov	r0, r3
 642 0080 FFF7FEFF 		bl	strcmp
 643 0084 0346     		mov	r3, r0
 644 0086 002B     		cmp	r3, #0
 645 0088 12D1     		bne	.L38
 212:E:/LiteOS/LiteOS_Lab/iot_link/shell\shell_cmd.c ****                     //deal it simple and easy here
 213:E:/LiteOS/LiteOS_Lab/iot_link/shell\shell_cmd.c ****                     value = strtol(argv[2],NULL,0);
 646              		.loc 1 213 0 is_stmt 1
 647 008a 7B69     		ldr	r3, [r7, #20]
 648 008c 0022     		movs	r2, #0
 649 008e 0021     		movs	r1, #0
 650 0090 1846     		mov	r0, r3
 651 0092 FFF7FEFF 		bl	strtol
 652 0096 0346     		mov	r3, r0
 653 0098 FB64     		str	r3, [r7, #76]
 214:E:/LiteOS/LiteOS_Lab/iot_link/shell\shell_cmd.c ****                     memcpy(item->addr,&value,item->len);
 654              		.loc 1 214 0
 655 009a BB6D     		ldr	r3, [r7, #88]
 656 009c 9868     		ldr	r0, [r3, #8]
 657 009e BB6D     		ldr	r3, [r7, #88]
 658 00a0 DB89     		ldrh	r3, [r3, #14]
ARM GAS  C:\Users\user\AppData\Local\Temp\cc5xkHLD.s 			page 17


 659 00a2 1A46     		mov	r2, r3
 660 00a4 07F14C03 		add	r3, r7, #76
 661 00a8 1946     		mov	r1, r3
 662 00aa FFF7FEFF 		bl	memcpy
 663 00ae 1BE0     		b	.L35
 664              	.L38:
 215:E:/LiteOS/LiteOS_Lab/iot_link/shell\shell_cmd.c ****                 }
 216:E:/LiteOS/LiteOS_Lab/iot_link/shell\shell_cmd.c ****                 else{
 217:E:/LiteOS/LiteOS_Lab/iot_link/shell\shell_cmd.c ****                     bytes = item->addr;
 665              		.loc 1 217 0
 666 00b0 BB6D     		ldr	r3, [r7, #88]
 667 00b2 9B68     		ldr	r3, [r3, #8]
 668 00b4 3B66     		str	r3, [r7, #96]
 218:E:/LiteOS/LiteOS_Lab/iot_link/shell\shell_cmd.c ****                     printf("(HEX):ADDR:0X%08X:",(unsigned int)bytes);
 669              		.loc 1 218 0
 670 00b6 3B6E     		ldr	r3, [r7, #96]
 671 00b8 1946     		mov	r1, r3
 672 00ba 1048     		ldr	r0, .L42+8
 673 00bc FFF7FEFF 		bl	printf
 219:E:/LiteOS/LiteOS_Lab/iot_link/shell\shell_cmd.c ****                     for(i = 0;i<item->len;i++){
 674              		.loc 1 219 0
 675 00c0 0023     		movs	r3, #0
 676 00c2 FB65     		str	r3, [r7, #92]
 677 00c4 0AE0     		b	.L39
 678              	.L40:
 220:E:/LiteOS/LiteOS_Lab/iot_link/shell\shell_cmd.c ****                         printf("%02x ",*bytes++);
 679              		.loc 1 220 0 discriminator 3
 680 00c6 3B6E     		ldr	r3, [r7, #96]
 681 00c8 5A1C     		adds	r2, r3, #1
 682 00ca 3A66     		str	r2, [r7, #96]
 683 00cc 1B78     		ldrb	r3, [r3]	@ zero_extendqisi2
 684 00ce 1946     		mov	r1, r3
 685 00d0 0B48     		ldr	r0, .L42+12
 686 00d2 FFF7FEFF 		bl	printf
 219:E:/LiteOS/LiteOS_Lab/iot_link/shell\shell_cmd.c ****                     for(i = 0;i<item->len;i++){
 687              		.loc 1 219 0 discriminator 3
 688 00d6 FB6D     		ldr	r3, [r7, #92]
 689 00d8 0133     		adds	r3, r3, #1
 690 00da FB65     		str	r3, [r7, #92]
 691              	.L39:
 219:E:/LiteOS/LiteOS_Lab/iot_link/shell\shell_cmd.c ****                     for(i = 0;i<item->len;i++){
 692              		.loc 1 219 0 is_stmt 0 discriminator 1
 693 00dc BB6D     		ldr	r3, [r7, #88]
 694 00de DB89     		ldrh	r3, [r3, #14]
 695 00e0 1A46     		mov	r2, r3
 696 00e2 FB6D     		ldr	r3, [r7, #92]
 697 00e4 9342     		cmp	r3, r2
 698 00e6 EEDB     		blt	.L40
 699              	.L35:
 221:E:/LiteOS/LiteOS_Lab/iot_link/shell\shell_cmd.c ****                     }
 222:E:/LiteOS/LiteOS_Lab/iot_link/shell\shell_cmd.c ****                 }
 223:E:/LiteOS/LiteOS_Lab/iot_link/shell\shell_cmd.c ****             }
 224:E:/LiteOS/LiteOS_Lab/iot_link/shell\shell_cmd.c ****         }
 225:E:/LiteOS/LiteOS_Lab/iot_link/shell\shell_cmd.c ****     }
 226:E:/LiteOS/LiteOS_Lab/iot_link/shell\shell_cmd.c ****     return ret;
 700              		.loc 1 226 0 is_stmt 1
 701 00e8 7B6E     		ldr	r3, [r7, #100]
ARM GAS  C:\Users\user\AppData\Local\Temp\cc5xkHLD.s 			page 18


 227:E:/LiteOS/LiteOS_Lab/iot_link/shell\shell_cmd.c **** }
 702              		.loc 1 227 0
 703 00ea 1846     		mov	r0, r3
 704 00ec 6837     		adds	r7, r7, #104
 705              	.LCFI18:
 706              		.cfi_def_cfa_offset 8
 707 00ee BD46     		mov	sp, r7
 708              	.LCFI19:
 709              		.cfi_def_cfa_register 13
 710              		@ sp needed
 711 00f0 80BD     		pop	{r7, pc}
 712              	.L43:
 713 00f2 00BF     		.align	2
 714              	.L42:
 715 00f4 8C000000 		.word	.LC10
 716 00f8 A8000000 		.word	.LC11
 717 00fc AC000000 		.word	.LC12
 718 0100 C0000000 		.word	.LC13
 719              		.cfi_endproc
 720              	.LFE6:
 722              		.section	.text.shell_cmd_init,"ax",%progbits
 723              		.align	1
 724              		.global	shell_cmd_init
 725              		.syntax unified
 726              		.thumb
 727              		.thumb_func
 728              		.fpu fpv4-sp-d16
 730              	shell_cmd_init:
 731              	.LFB7:
 228:E:/LiteOS/LiteOS_Lab/iot_link/shell\shell_cmd.c **** 
 229:E:/LiteOS/LiteOS_Lab/iot_link/shell\shell_cmd.c **** /*******************************************************************************
 230:E:/LiteOS/LiteOS_Lab/iot_link/shell\shell_cmd.c **** function     :used to load the command table
 231:E:/LiteOS/LiteOS_Lab/iot_link/shell\shell_cmd.c **** parameters   :
 232:E:/LiteOS/LiteOS_Lab/iot_link/shell\shell_cmd.c **** instruction  :different compiler has different method to ge the section("oshell")
 233:E:/LiteOS/LiteOS_Lab/iot_link/shell\shell_cmd.c ****               so take care of your compiler
 234:E:/LiteOS/LiteOS_Lab/iot_link/shell\shell_cmd.c **** *******************************************************************************/
 235:E:/LiteOS/LiteOS_Lab/iot_link/shell\shell_cmd.c **** #ifdef __CC_ARM /* ARM C Compiler ,like keil,options for linker:--keep *.o(oshell)*/
 236:E:/LiteOS/LiteOS_Lab/iot_link/shell\shell_cmd.c **** extern unsigned int oshell$$Base;
 237:E:/LiteOS/LiteOS_Lab/iot_link/shell\shell_cmd.c **** extern unsigned int oshell$$Limit;
 238:E:/LiteOS/LiteOS_Lab/iot_link/shell\shell_cmd.c **** //#pragma section("oshell", read) 
 239:E:/LiteOS/LiteOS_Lab/iot_link/shell\shell_cmd.c **** #elif defined(__GNUC__)
 240:E:/LiteOS/LiteOS_Lab/iot_link/shell\shell_cmd.c ****     extern unsigned int __oshell_start;
 241:E:/LiteOS/LiteOS_Lab/iot_link/shell\shell_cmd.c ****     extern unsigned int __oshell_end;
 242:E:/LiteOS/LiteOS_Lab/iot_link/shell\shell_cmd.c **** #else
 243:E:/LiteOS/LiteOS_Lab/iot_link/shell\shell_cmd.c ****     #error("unknown compiler here");
 244:E:/LiteOS/LiteOS_Lab/iot_link/shell\shell_cmd.c **** #endif        
 245:E:/LiteOS/LiteOS_Lab/iot_link/shell\shell_cmd.c **** 
 246:E:/LiteOS/LiteOS_Lab/iot_link/shell\shell_cmd.c **** 
 247:E:/LiteOS/LiteOS_Lab/iot_link/shell\shell_cmd.c **** int   shell_cmd_init(void){
 732              		.loc 1 247 0
 733              		.cfi_startproc
 734              		@ args = 0, pretend = 0, frame = 8
 735              		@ frame_needed = 1, uses_anonymous_args = 0
 736              		@ link register save eliminated.
 737 0000 80B4     		push	{r7}
 738              	.LCFI20:
 739              		.cfi_def_cfa_offset 4
ARM GAS  C:\Users\user\AppData\Local\Temp\cc5xkHLD.s 			page 19


 740              		.cfi_offset 7, -4
 741 0002 83B0     		sub	sp, sp, #12
 742              	.LCFI21:
 743              		.cfi_def_cfa_offset 16
 744 0004 00AF     		add	r7, sp, #0
 745              	.LCFI22:
 746              		.cfi_def_cfa_register 7
 248:E:/LiteOS/LiteOS_Lab/iot_link/shell\shell_cmd.c ****     void  *cmd_start = NULL;
 747              		.loc 1 248 0
 748 0006 0023     		movs	r3, #0
 749 0008 7B60     		str	r3, [r7, #4]
 249:E:/LiteOS/LiteOS_Lab/iot_link/shell\shell_cmd.c ****     unsigned int len = 0;
 750              		.loc 1 249 0
 751 000a 0023     		movs	r3, #0
 752 000c 3B60     		str	r3, [r7]
 250:E:/LiteOS/LiteOS_Lab/iot_link/shell\shell_cmd.c **** #if defined (__CC_ARM)    //you could add other compiler like this
 251:E:/LiteOS/LiteOS_Lab/iot_link/shell\shell_cmd.c ****     len = (unsigned int)&oshell$$Limit-(unsigned int)&oshell$$Base;
 252:E:/LiteOS/LiteOS_Lab/iot_link/shell\shell_cmd.c ****     cmd_start = &oshell$$Base;
 253:E:/LiteOS/LiteOS_Lab/iot_link/shell\shell_cmd.c **** #elif defined(__GNUC__)
 254:E:/LiteOS/LiteOS_Lab/iot_link/shell\shell_cmd.c ****     cmd_start = &__oshell_start;
 753              		.loc 1 254 0
 754 000e 0C4B     		ldr	r3, .L47
 755 0010 7B60     		str	r3, [r7, #4]
 255:E:/LiteOS/LiteOS_Lab/iot_link/shell\shell_cmd.c ****     len = (unsigned int )&__oshell_end - (unsigned int)&__oshell_start;
 756              		.loc 1 255 0
 757 0012 0C4A     		ldr	r2, .L47+4
 758 0014 0A4B     		ldr	r3, .L47
 759 0016 D31A     		subs	r3, r2, r3
 760 0018 3B60     		str	r3, [r7]
 256:E:/LiteOS/LiteOS_Lab/iot_link/shell\shell_cmd.c **** #else 
 257:E:/LiteOS/LiteOS_Lab/iot_link/shell\shell_cmd.c ****     #error("unknown compiler here");
 258:E:/LiteOS/LiteOS_Lab/iot_link/shell\shell_cmd.c **** #endif    
 259:E:/LiteOS/LiteOS_Lab/iot_link/shell\shell_cmd.c ****     if(len > 0){
 761              		.loc 1 259 0
 762 001a 3B68     		ldr	r3, [r7]
 763 001c 002B     		cmp	r3, #0
 764 001e 08D0     		beq	.L45
 260:E:/LiteOS/LiteOS_Lab/iot_link/shell\shell_cmd.c ****         len = len/sizeof(struct shell_item_t);
 765              		.loc 1 260 0
 766 0020 3B68     		ldr	r3, [r7]
 767 0022 1B09     		lsrs	r3, r3, #4
 768 0024 3B60     		str	r3, [r7]
 261:E:/LiteOS/LiteOS_Lab/iot_link/shell\shell_cmd.c ****         gs_shell_cb.s = (struct shell_item_t *)cmd_start;
 769              		.loc 1 261 0
 770 0026 084A     		ldr	r2, .L47+8
 771 0028 7B68     		ldr	r3, [r7, #4]
 772 002a 1360     		str	r3, [r2]
 262:E:/LiteOS/LiteOS_Lab/iot_link/shell\shell_cmd.c ****         gs_shell_cb.s_num = len;
 773              		.loc 1 262 0
 774 002c 3B68     		ldr	r3, [r7]
 775 002e 064A     		ldr	r2, .L47+8
 776 0030 5360     		str	r3, [r2, #4]
 777              	.L45:
 263:E:/LiteOS/LiteOS_Lab/iot_link/shell\shell_cmd.c ****     }
 264:E:/LiteOS/LiteOS_Lab/iot_link/shell\shell_cmd.c ****     return 0;
 778              		.loc 1 264 0
 779 0032 0023     		movs	r3, #0
ARM GAS  C:\Users\user\AppData\Local\Temp\cc5xkHLD.s 			page 20


 265:E:/LiteOS/LiteOS_Lab/iot_link/shell\shell_cmd.c **** }
 780              		.loc 1 265 0
 781 0034 1846     		mov	r0, r3
 782 0036 0C37     		adds	r7, r7, #12
 783              	.LCFI23:
 784              		.cfi_def_cfa_offset 4
 785 0038 BD46     		mov	sp, r7
 786              	.LCFI24:
 787              		.cfi_def_cfa_register 13
 788              		@ sp needed
 789 003a 5DF8047B 		ldr	r7, [sp], #4
 790              	.LCFI25:
 791              		.cfi_restore 7
 792              		.cfi_def_cfa_offset 0
 793 003e 7047     		bx	lr
 794              	.L48:
 795              		.align	2
 796              	.L47:
 797 0040 00000000 		.word	__oshell_start
 798 0044 00000000 		.word	__oshell_end
 799 0048 00000000 		.word	gs_shell_cb
 800              		.cfi_endproc
 801              	.LFE7:
 803              		.section	.rodata
 804 00c6 0000     		.align	2
 805              	.LC14:
 806 00c8 6F735F73 		.ascii	"os_shell_version:%d.%d\012\015\000"
 806      68656C6C 
 806      5F766572 
 806      73696F6E 
 806      3A25642E 
 807              		.section	.text.os_shell_version,"ax",%progbits
 808              		.align	1
 809              		.syntax unified
 810              		.thumb
 811              		.thumb_func
 812              		.fpu fpv4-sp-d16
 814              	os_shell_version:
 815              	.LFB8:
 266:E:/LiteOS/LiteOS_Lab/iot_link/shell\shell_cmd.c **** 
 267:E:/LiteOS/LiteOS_Lab/iot_link/shell\shell_cmd.c **** static int   os_shell_version(int argc, char *argv){
 816              		.loc 1 267 0
 817              		.cfi_startproc
 818              		@ args = 0, pretend = 0, frame = 8
 819              		@ frame_needed = 1, uses_anonymous_args = 0
 820 0000 80B5     		push	{r7, lr}
 821              	.LCFI26:
 822              		.cfi_def_cfa_offset 8
 823              		.cfi_offset 7, -8
 824              		.cfi_offset 14, -4
 825 0002 82B0     		sub	sp, sp, #8
 826              	.LCFI27:
 827              		.cfi_def_cfa_offset 16
 828 0004 00AF     		add	r7, sp, #0
 829              	.LCFI28:
 830              		.cfi_def_cfa_register 7
 831 0006 7860     		str	r0, [r7, #4]
ARM GAS  C:\Users\user\AppData\Local\Temp\cc5xkHLD.s 			page 21


 832 0008 3960     		str	r1, [r7]
 268:E:/LiteOS/LiteOS_Lab/iot_link/shell\shell_cmd.c ****     printf("os_shell_version:%d.%d\n\r",cn_shell_ver_major,cn_shell_ver_minor);
 833              		.loc 1 268 0
 834 000a 0022     		movs	r2, #0
 835 000c 0121     		movs	r1, #1
 836 000e 0448     		ldr	r0, .L51
 837 0010 FFF7FEFF 		bl	printf
 269:E:/LiteOS/LiteOS_Lab/iot_link/shell\shell_cmd.c ****     return 0;
 838              		.loc 1 269 0
 839 0014 0023     		movs	r3, #0
 270:E:/LiteOS/LiteOS_Lab/iot_link/shell\shell_cmd.c **** };
 840              		.loc 1 270 0
 841 0016 1846     		mov	r0, r3
 842 0018 0837     		adds	r7, r7, #8
 843              	.LCFI29:
 844              		.cfi_def_cfa_offset 8
 845 001a BD46     		mov	sp, r7
 846              	.LCFI30:
 847              		.cfi_def_cfa_register 13
 848              		@ sp needed
 849 001c 80BD     		pop	{r7, pc}
 850              	.L52:
 851 001e 00BF     		.align	2
 852              	.L51:
 853 0020 C8000000 		.word	.LC14
 854              		.cfi_endproc
 855              	.LFE8:
 857              		.section	.rodata
 858 00e1 000000   		.align	2
 859              	.LC15:
 860 00e4 7368656C 		.ascii	"shellversion\000"
 860      6C766572 
 860      73696F6E 
 860      00
 861              		.section	oshell,"a",%progbits
 862              		.align	2
 865              	__oshell_os_shell_version:
 866 0000 E4000000 		.word	.LC15
 867 0004 E4000000 		.word	.LC15
 868 0008 00000000 		.word	os_shell_version
 869 000c 0000     		.short	0
 870 000e 0400     		.short	4
 871              		.section	.rodata
 872 00f1 000000   		.align	2
 873              	.LC16:
 874 00f4 68656C70 		.ascii	"help\000"
 874      00
 875              		.section	oshell
 876              		.align	2
 879              	__oshell_shell_cmd_help:
 880 0010 F4000000 		.word	.LC16
 881 0014 F4000000 		.word	.LC16
 882 0018 00000000 		.word	shell_cmd_help
 883 001c 0000     		.short	0
 884 001e 0400     		.short	4
 885              		.text
 886              	.Letext0:
ARM GAS  C:\Users\user\AppData\Local\Temp\cc5xkHLD.s 			page 22


 887              		.file 2 "e:\\ac6\\systemworkbench\\plugins\\fr.ac6.mcu.externaltools.arm-none.win32_1.16.0.2018071
 888              		.file 3 "e:\\ac6\\systemworkbench\\plugins\\fr.ac6.mcu.externaltools.arm-none.win32_1.16.0.2018071
 889              		.file 4 "e:\\ac6\\systemworkbench\\plugins\\fr.ac6.mcu.externaltools.arm-none.win32_1.16.0.2018071
 890              		.file 5 "e:\\ac6\\systemworkbench\\plugins\\fr.ac6.mcu.externaltools.arm-none.win32_1.16.0.2018071
 891              		.file 6 "e:\\ac6\\systemworkbench\\plugins\\fr.ac6.mcu.externaltools.arm-none.win32_1.16.0.2018071
 892              		.file 7 "E:/LiteOS/LiteOS_Lab/iot_link/shell/shell.h"
ARM GAS  C:\Users\user\AppData\Local\Temp\cc5xkHLD.s 			page 23


DEFINED SYMBOLS
                            *ABS*:00000000 shell_cmd.c
C:\Users\user\AppData\Local\Temp\cc5xkHLD.s:18     .bss.gs_shell_cb:00000000 $d
C:\Users\user\AppData\Local\Temp\cc5xkHLD.s:21     .bss.gs_shell_cb:00000000 gs_shell_cb
C:\Users\user\AppData\Local\Temp\cc5xkHLD.s:24     .rodata:00000000 $d
C:\Users\user\AppData\Local\Temp\cc5xkHLD.s:31     .data.gs_os_shell_type:00000000 $d
C:\Users\user\AppData\Local\Temp\cc5xkHLD.s:34     .data.gs_os_shell_type:00000000 gs_os_shell_type
C:\Users\user\AppData\Local\Temp\cc5xkHLD.s:38     .bss.tab_matches:00000000 $d
C:\Users\user\AppData\Local\Temp\cc5xkHLD.s:41     .bss.tab_matches:00000000 tab_matches
C:\Users\user\AppData\Local\Temp\cc5xkHLD.s:69     .text.shell_cmd_help:00000000 $t
C:\Users\user\AppData\Local\Temp\cc5xkHLD.s:75     .text.shell_cmd_help:00000000 shell_cmd_help
C:\Users\user\AppData\Local\Temp\cc5xkHLD.s:224    .text.shell_cmd_help:000000d0 $d
C:\Users\user\AppData\Local\Temp\cc5xkHLD.s:238    .text.shell_cmd_match:00000000 $t
C:\Users\user\AppData\Local\Temp\cc5xkHLD.s:244    .text.shell_cmd_match:00000000 shell_cmd_match
C:\Users\user\AppData\Local\Temp\cc5xkHLD.s:368    .text.shell_cmd_match:00000098 $d
C:\Users\user\AppData\Local\Temp\cc5xkHLD.s:373    .text.shell_cmd_index:00000000 $t
C:\Users\user\AppData\Local\Temp\cc5xkHLD.s:380    .text.shell_cmd_index:00000000 shell_cmd_index
C:\Users\user\AppData\Local\Temp\cc5xkHLD.s:528    .text.shell_cmd_index:000000e4 $d
C:\Users\user\AppData\Local\Temp\cc5xkHLD.s:547    .text.shell_cmd_execute:00000000 $t
C:\Users\user\AppData\Local\Temp\cc5xkHLD.s:554    .text.shell_cmd_execute:00000000 shell_cmd_execute
C:\Users\user\AppData\Local\Temp\cc5xkHLD.s:715    .text.shell_cmd_execute:000000f4 $d
C:\Users\user\AppData\Local\Temp\cc5xkHLD.s:723    .text.shell_cmd_init:00000000 $t
C:\Users\user\AppData\Local\Temp\cc5xkHLD.s:730    .text.shell_cmd_init:00000000 shell_cmd_init
C:\Users\user\AppData\Local\Temp\cc5xkHLD.s:797    .text.shell_cmd_init:00000040 $d
C:\Users\user\AppData\Local\Temp\cc5xkHLD.s:808    .text.os_shell_version:00000000 $t
C:\Users\user\AppData\Local\Temp\cc5xkHLD.s:814    .text.os_shell_version:00000000 os_shell_version
C:\Users\user\AppData\Local\Temp\cc5xkHLD.s:853    .text.os_shell_version:00000020 $d
C:\Users\user\AppData\Local\Temp\cc5xkHLD.s:862    oshell:00000000 $d
C:\Users\user\AppData\Local\Temp\cc5xkHLD.s:865    oshell:00000000 __oshell_os_shell_version
C:\Users\user\AppData\Local\Temp\cc5xkHLD.s:879    oshell:00000010 __oshell_shell_cmd_help

UNDEFINED SYMBOLS
printf
strcmp
strlen
strncmp
string_to_arg
strtol
memcpy
__oshell_start
__oshell_end
