ARM GAS  /tmp/ccXToFz1.s 			page 1


   1              		.cpu cortex-m4
   2              		.eabi_attribute 27, 1
   3              		.eabi_attribute 28, 1
   4              		.eabi_attribute 20, 1
   5              		.eabi_attribute 21, 1
   6              		.eabi_attribute 23, 3
   7              		.eabi_attribute 24, 1
   8              		.eabi_attribute 25, 1
   9              		.eabi_attribute 26, 1
  10              		.eabi_attribute 30, 6
  11              		.eabi_attribute 34, 1
  12              		.eabi_attribute 18, 4
  13              		.file	"hal_iwdg.c"
  14              		.text
  15              	.Ltext0:
  16              		.cfi_sections	.debug_frame
  17              	.Letext0:
  18              		.file 1 "/home/fanxinhao/toolchain/gcc-arm-none-eabi-9-2019-q4-major/arm-none-eabi/include/machine
  19              		.file 2 "/home/fanxinhao/toolchain/gcc-arm-none-eabi-9-2019-q4-major/arm-none-eabi/include/sys/_st
  20              		.file 3 "/home/fanxinhao/Work/LiteOS_Lab_2/iot_link/os/liteos/arch/arm/common/cmsis/core_cm4.h"
  21              		.file 4 "/home/fanxinhao/Work/LiteOS_Lab_2/targets/STM32L476RG_NB476/Inc/system_stm32l4xx.h"
  22              		.file 5 "/home/fanxinhao/toolchain/gcc-arm-none-eabi-9-2019-q4-major/arm-none-eabi/include/sys/loc
  23              		.file 6 "/home/fanxinhao/toolchain/gcc-arm-none-eabi-9-2019-q4-major/arm-none-eabi/include/sys/_ty
  24              		.file 7 "/home/fanxinhao/toolchain/gcc-arm-none-eabi-9-2019-q4-major/lib/gcc/arm-none-eabi/9.2.1/i
  25              		.file 8 "/home/fanxinhao/toolchain/gcc-arm-none-eabi-9-2019-q4-major/arm-none-eabi/include/sys/ree
ARM GAS  /tmp/ccXToFz1.s 			page 2


DEFINED SYMBOLS
                            *ABS*:0000000000000000 hal_iwdg.c

NO UNDEFINED SYMBOLS
